srcscan starts
INFO: analyzing module ALU_1 (VERI-9002)
C:/Users/ethem/SLASIC_DEMO_REV_3/SLASIC_DEMO_REV_3.srcs/sources_1/imports/Masaüstü/SLASIC_V0/SLASIC_V0.srcs/sources_1/new/ALU_top.v(12): WARNING: identifier 'busy_div_alu' is used before its declaration (VERI-1875)
C:/Users/ethem/SLASIC_DEMO_REV_3/SLASIC_DEMO_REV_3.srcs/sources_1/imports/Masaüstü/SLASIC_V0/SLASIC_V0.srcs/sources_1/new/ALU_top.v(12): WARNING: identifier 'busy_mul_alu' is used before its declaration (VERI-1875)
C:/Users/ethem/SLASIC_DEMO_REV_3/SLASIC_DEMO_REV_3.srcs/sources_1/imports/Masaüstü/SLASIC_V0/SLASIC_V0.srcs/sources_1/new/ALU_top.v(13): WARNING: identifier 'valid_div_alu' is used before its declaration (VERI-1875)
C:/Users/ethem/SLASIC_DEMO_REV_3/SLASIC_DEMO_REV_3.srcs/sources_1/imports/Masaüstü/SLASIC_V0/SLASIC_V0.srcs/sources_1/new/ALU_top.v(13): WARNING: identifier 'valid_mul_alu' is used before its declaration (VERI-1875)
C:/Users/ethem/SLASIC_DEMO_REV_3/SLASIC_DEMO_REV_3.srcs/sources_1/imports/Masaüstü/SLASIC_V0/SLASIC_V0.srcs/sources_1/new/ALU_top.v(72): WARNING: identifier 'busy_mul_alu' is used before its declaration (VERI-1875)
C:/Users/ethem/SLASIC_DEMO_REV_3/SLASIC_DEMO_REV_3.srcs/sources_1/imports/Masaüstü/SLASIC_V0/SLASIC_V0.srcs/sources_1/new/ALU_top.v(72): WARNING: identifier 'valid_mul_alu' is used before its declaration (VERI-1875)
C:/Users/ethem/SLASIC_DEMO_REV_3/SLASIC_DEMO_REV_3.srcs/sources_1/imports/Masaüstü/SLASIC_V0/SLASIC_V0.srcs/sources_1/new/ALU_top.v(87): WARNING: identifier 'busy_div_alu' is used before its declaration (VERI-1875)
C:/Users/ethem/SLASIC_DEMO_REV_3/SLASIC_DEMO_REV_3.srcs/sources_1/imports/Masaüstü/SLASIC_V0/SLASIC_V0.srcs/sources_1/new/ALU_top.v(87): WARNING: identifier 'valid_div_alu' is used before its declaration (VERI-1875)
INFO: analyzing module Booth_Radix2_Divider (VERI-9002)
INFO: analyzing module Booth_Radix4_Multiplier (VERI-9002)
INFO: analyzing module Comparison_Unit (VERI-9002)
INFO: analyzing module Control_Unit_1 (VERI-9002)
INFO: analyzing module Data_Memory_1 (VERI-9002)
INFO: analyzing module Decode_Stage_1 (VERI-9002)
C:/Users/ethem/SLASIC_DEMO_REV_3/SLASIC_DEMO_REV_3.srcs/sources_1/imports/Masaüstü/SLASIC_V0/SLASIC_V0.srcs/sources_1/new/Decode_Stage.v(46): WARNING: identifier 'rs1_id_reg' is used before its declaration (VERI-1875)
C:/Users/ethem/SLASIC_DEMO_REV_3/SLASIC_DEMO_REV_3.srcs/sources_1/imports/Masaüstü/SLASIC_V0/SLASIC_V0.srcs/sources_1/new/Decode_Stage.v(47): WARNING: identifier 'rs2_id_reg' is used before its declaration (VERI-1875)
C:/Users/ethem/SLASIC_DEMO_REV_3/SLASIC_DEMO_REV_3.srcs/sources_1/imports/Masaüstü/SLASIC_V0/SLASIC_V0.srcs/sources_1/new/Decode_Stage.v(48): WARNING: identifier 'pc_id_reg' is used before its declaration (VERI-1875)
C:/Users/ethem/SLASIC_DEMO_REV_3/SLASIC_DEMO_REV_3.srcs/sources_1/imports/Masaüstü/SLASIC_V0/SLASIC_V0.srcs/sources_1/new/Decode_Stage.v(49): WARNING: identifier 'rs1_addr_id_reg' is used before its declaration (VERI-1875)
C:/Users/ethem/SLASIC_DEMO_REV_3/SLASIC_DEMO_REV_3.srcs/sources_1/imports/Masaüstü/SLASIC_V0/SLASIC_V0.srcs/sources_1/new/Decode_Stage.v(50): WARNING: identifier 'rs2_addr_id_reg' is used before its declaration (VERI-1875)
C:/Users/ethem/SLASIC_DEMO_REV_3/SLASIC_DEMO_REV_3.srcs/sources_1/imports/Masaüstü/SLASIC_V0/SLASIC_V0.srcs/sources_1/new/Decode_Stage.v(51): WARNING: identifier 'rd_addr_id_reg' is used before its declaration (VERI-1875)
C:/Users/ethem/SLASIC_DEMO_REV_3/SLASIC_DEMO_REV_3.srcs/sources_1/imports/Masaüstü/SLASIC_V0/SLASIC_V0.srcs/sources_1/new/Decode_Stage.v(52): WARNING: identifier 'immediate_extended_id_reg' is used before its declaration (VERI-1875)
C:/Users/ethem/SLASIC_DEMO_REV_3/SLASIC_DEMO_REV_3.srcs/sources_1/imports/Masaüstü/SLASIC_V0/SLASIC_V0.srcs/sources_1/new/Decode_Stage.v(53): WARNING: identifier 'pc_plus_4_id_reg' is used before its declaration (VERI-1875)
C:/Users/ethem/SLASIC_DEMO_REV_3/SLASIC_DEMO_REV_3.srcs/sources_1/imports/Masaüstü/SLASIC_V0/SLASIC_V0.srcs/sources_1/new/Decode_Stage.v(56): WARNING: identifier 'Reg_Write_id_reg' is used before its declaration (VERI-1875)
C:/Users/ethem/SLASIC_DEMO_REV_3/SLASIC_DEMO_REV_3.srcs/sources_1/imports/Masaüstü/SLASIC_V0/SLASIC_V0.srcs/sources_1/new/Decode_Stage.v(57): WARNING: identifier 'ResultSrc_id_reg' is used before its declaration (VERI-1875)
C:/Users/ethem/SLASIC_DEMO_REV_3/SLASIC_DEMO_REV_3.srcs/sources_1/imports/Masaüstü/SLASIC_V0/SLASIC_V0.srcs/sources_1/new/Decode_Stage.v(58): WARNING: identifier 'Mem_Write_id_reg' is used before its declaration (VERI-1875)
C:/Users/ethem/SLASIC_DEMO_REV_3/SLASIC_DEMO_REV_3.srcs/sources_1/imports/Masaüstü/SLASIC_V0/SLASIC_V0.srcs/sources_1/new/Decode_Stage.v(59): WARNING: identifier 'Jump_id_reg' is used before its declaration (VERI-1875)
C:/Users/ethem/SLASIC_DEMO_REV_3/SLASIC_DEMO_REV_3.srcs/sources_1/imports/Masaüstü/SLASIC_V0/SLASIC_V0.srcs/sources_1/new/Decode_Stage.v(60): WARNING: identifier 'Branch_id_reg' is used before its declaration (VERI-1875)
C:/Users/ethem/SLASIC_DEMO_REV_3/SLASIC_DEMO_REV_3.srcs/sources_1/imports/Masaüstü/SLASIC_V0/SLASIC_V0.srcs/sources_1/new/Decode_Stage.v(61): WARNING: identifier 'Alu_Control_id_reg' is used before its declaration (VERI-1875)
C:/Users/ethem/SLASIC_DEMO_REV_3/SLASIC_DEMO_REV_3.srcs/sources_1/imports/Masaüstü/SLASIC_V0/SLASIC_V0.srcs/sources_1/new/Decode_Stage.v(62): WARNING: identifier 'AluSrc_top_reg' is used before its declaration (VERI-1875)
C:/Users/ethem/SLASIC_DEMO_REV_3/SLASIC_DEMO_REV_3.srcs/sources_1/imports/Masaüstü/SLASIC_V0/SLASIC_V0.srcs/sources_1/new/Decode_Stage.v(63): WARNING: identifier 'jalr_top_reg' is used before its declaration (VERI-1875)
INFO: analyzing module Divided_Clock (VERI-9002)
INFO: analyzing module Execute_Stage_1 (VERI-9002)
C:/Users/ethem/SLASIC_DEMO_REV_3/SLASIC_DEMO_REV_3.srcs/sources_1/imports/Masaüstü/SLASIC_V0/SLASIC_V0.srcs/sources_1/new/Execute_Stage.v(30): WARNING: identifier 'alu_result_ex_reg' is used before its declaration (VERI-1875)
C:/Users/ethem/SLASIC_DEMO_REV_3/SLASIC_DEMO_REV_3.srcs/sources_1/imports/Masaüstü/SLASIC_V0/SLASIC_V0.srcs/sources_1/new/Execute_Stage.v(31): WARNING: identifier 'rs2_ex_reg' is used before its declaration (VERI-1875)
C:/Users/ethem/SLASIC_DEMO_REV_3/SLASIC_DEMO_REV_3.srcs/sources_1/imports/Masaüstü/SLASIC_V0/SLASIC_V0.srcs/sources_1/new/Execute_Stage.v(32): WARNING: identifier 'rd_addr_ex_reg' is used before its declaration (VERI-1875)
C:/Users/ethem/SLASIC_DEMO_REV_3/SLASIC_DEMO_REV_3.srcs/sources_1/imports/Masaüstü/SLASIC_V0/SLASIC_V0.srcs/sources_1/new/Execute_Stage.v(33): WARNING: identifier 'pc_plus_4_ex_reg' is used before its declaration (VERI-1875)
C:/Users/ethem/SLASIC_DEMO_REV_3/SLASIC_DEMO_REV_3.srcs/sources_1/imports/Masaüstü/SLASIC_V0/SLASIC_V0.srcs/sources_1/new/Execute_Stage.v(34): WARNING: identifier 'pc_target_ex_reg' is used before its declaration (VERI-1875)
C:/Users/ethem/SLASIC_DEMO_REV_3/SLASIC_DEMO_REV_3.srcs/sources_1/imports/Masaüstü/SLASIC_V0/SLASIC_V0.srcs/sources_1/new/Execute_Stage.v(35): WARNING: identifier 'immediate_extended_ex_reg' is used before its declaration (VERI-1875)
C:/Users/ethem/SLASIC_DEMO_REV_3/SLASIC_DEMO_REV_3.srcs/sources_1/imports/Masaüstü/SLASIC_V0/SLASIC_V0.srcs/sources_1/new/Execute_Stage.v(37): WARNING: identifier 'Reg_Write_ex_reg' is used before its declaration (VERI-1875)
C:/Users/ethem/SLASIC_DEMO_REV_3/SLASIC_DEMO_REV_3.srcs/sources_1/imports/Masaüstü/SLASIC_V0/SLASIC_V0.srcs/sources_1/new/Execute_Stage.v(38): WARNING: identifier 'ResultSrc_ex_reg' is used before its declaration (VERI-1875)
C:/Users/ethem/SLASIC_DEMO_REV_3/SLASIC_DEMO_REV_3.srcs/sources_1/imports/Masaüstü/SLASIC_V0/SLASIC_V0.srcs/sources_1/new/Execute_Stage.v(39): WARNING: identifier 'Mem_Write_ex_reg' is used before its declaration (VERI-1875)
INFO: analyzing module Extend_1 (VERI-9002)
INFO: analyzing module Fetch_Stage_1 (VERI-9002)
INFO: analyzing module Function_Control (VERI-9002)
INFO: analyzing module Hazard_Unit_1 (VERI-9002)
C:/Users/ethem/SLASIC_DEMO_REV_3/SLASIC_DEMO_REV_3.srcs/sources_1/imports/Masaüstü/SLASIC_V0/SLASIC_V0.srcs/sources_1/new/Hazard_Unit.v(37): INFO: undeclared symbol 'Stall_ex', assumed default net type 'wire' (VERI-2561)
C:/Users/ethem/SLASIC_DEMO_REV_3/SLASIC_DEMO_REV_3.srcs/sources_1/imports/Masaüstü/SLASIC_V0/SLASIC_V0.srcs/sources_1/new/Hazard_Unit.v(38): INFO: undeclared symbol 'Stall_mem', assumed default net type 'wire' (VERI-2561)
INFO: analyzing module I2C_Slave (VERI-9002)
C:/Users/ethem/SLASIC_DEMO_REV_3/SLASIC_DEMO_REV_3.srcs/sources_1/imports/Masaüstü/SLASIC_V0/SLASIC_V0.srcs/sources_1/new/I2C_Slave.v(19): WARNING: identifier 'data_will_send' is used before its declaration (VERI-1875)
C:/Users/ethem/SLASIC_DEMO_REV_3/SLASIC_DEMO_REV_3.srcs/sources_1/imports/Masaüstü/SLASIC_V0/SLASIC_V0.srcs/sources_1/new/I2C_Slave.v(19): WARNING: identifier 'send_operation' is used before its declaration (VERI-1875)
C:/Users/ethem/SLASIC_DEMO_REV_3/SLASIC_DEMO_REV_3.srcs/sources_1/imports/Masaüstü/SLASIC_V0/SLASIC_V0.srcs/sources_1/new/I2C_Slave.v(20): WARNING: identifier 'temp_data' is used before its declaration (VERI-1875)
C:/Users/ethem/SLASIC_DEMO_REV_3/SLASIC_DEMO_REV_3.srcs/sources_1/imports/Masaüstü/SLASIC_V0/SLASIC_V0.srcs/sources_1/new/I2C_Slave.v(22): WARNING: identifier 'data_will_send' is used before its declaration (VERI-1875)
C:/Users/ethem/SLASIC_DEMO_REV_3/SLASIC_DEMO_REV_3.srcs/sources_1/imports/Masaüstü/SLASIC_V0/SLASIC_V0.srcs/sources_1/new/I2C_Slave.v(22): WARNING: identifier 'bit_count' is used before its declaration (VERI-1875)
C:/Users/ethem/SLASIC_DEMO_REV_3/SLASIC_DEMO_REV_3.srcs/sources_1/imports/Masaüstü/SLASIC_V0/SLASIC_V0.srcs/sources_1/new/I2C_Slave.v(22): WARNING: identifier 'data_will_send' is used before its declaration (VERI-1875)
C:/Users/ethem/SLASIC_DEMO_REV_3/SLASIC_DEMO_REV_3.srcs/sources_1/imports/Masaüstü/SLASIC_V0/SLASIC_V0.srcs/sources_1/new/I2C_Slave.v(22): WARNING: identifier 'bit_count' is used before its declaration (VERI-1875)
C:/Users/ethem/SLASIC_DEMO_REV_3/SLASIC_DEMO_REV_3.srcs/sources_1/imports/Masaüstü/SLASIC_V0/SLASIC_V0.srcs/sources_1/new/I2C_Slave.v(23): WARNING: identifier 'sda_enable_reg' is used before its declaration (VERI-1875)
C:/Users/ethem/SLASIC_DEMO_REV_3/SLASIC_DEMO_REV_3.srcs/sources_1/imports/Masaüstü/SLASIC_V0/SLASIC_V0.srcs/sources_1/new/I2C_Slave.v(72): WARNING: parameter 'IDLE' becomes localparam in 'I2C_Slave' with formal parameter declaration list (VERI-1199)
C:/Users/ethem/SLASIC_DEMO_REV_3/SLASIC_DEMO_REV_3.srcs/sources_1/imports/Masaüstü/SLASIC_V0/SLASIC_V0.srcs/sources_1/new/I2C_Slave.v(73): WARNING: parameter 'START' becomes localparam in 'I2C_Slave' with formal parameter declaration list (VERI-1199)
C:/Users/ethem/SLASIC_DEMO_REV_3/SLASIC_DEMO_REV_3.srcs/sources_1/imports/Masaüstü/SLASIC_V0/SLASIC_V0.srcs/sources_1/new/I2C_Slave.v(74): WARNING: parameter 'TLOW' becomes localparam in 'I2C_Slave' with formal parameter declaration list (VERI-1199)
C:/Users/ethem/SLASIC_DEMO_REV_3/SLASIC_DEMO_REV_3.srcs/sources_1/imports/Masaüstü/SLASIC_V0/SLASIC_V0.srcs/sources_1/new/I2C_Slave.v(75): WARNING: parameter 'THIGH' becomes localparam in 'I2C_Slave' with formal parameter declaration list (VERI-1199)
C:/Users/ethem/SLASIC_DEMO_REV_3/SLASIC_DEMO_REV_3.srcs/sources_1/imports/Masaüstü/SLASIC_V0/SLASIC_V0.srcs/sources_1/new/I2C_Slave.v(76): WARNING: parameter 'TSTO' becomes localparam in 'I2C_Slave' with formal parameter declaration list (VERI-1199)
INFO: analyzing module IEEE754_Multiplier (VERI-9002)
C:/Users/ethem/SLASIC_DEMO_REV_3/SLASIC_DEMO_REV_3.srcs/sources_1/imports/Masaüstü/mlp1/new/IEEE754_Multiplier.v(48): WARNING: identifier 'ResultSign5' is used before its declaration (VERI-1875)
INFO: analyzing module Instruction_Decoder_1 (VERI-9002)
INFO: analyzing module Instruction_Memory_1 (VERI-9002)
INFO: analyzing module Logic_Unit (VERI-9002)
INFO: analyzing module MLP (VERI-9002)
INFO: analyzing module MLP_Control (VERI-9002)
INFO: analyzing module MLP_TOP (VERI-9002)
C:/Users/ethem/SLASIC_DEMO_REV_3/SLASIC_DEMO_REV_3.srcs/sources_1/imports/Masaüstü/mlp1/new/MLP_TOP.v(36): WARNING: identifier 'mlp_data_wire' is used before its declaration (VERI-1875)
C:/Users/ethem/SLASIC_DEMO_REV_3/SLASIC_DEMO_REV_3.srcs/sources_1/imports/Masaüstü/mlp1/new/MLP_TOP.v(37): WARNING: identifier 'mlp_data_wire' is used before its declaration (VERI-1875)
INFO: analyzing module Memory_Access_Stage_1 (VERI-9002)
C:/Users/ethem/SLASIC_DEMO_REV_3/SLASIC_DEMO_REV_3.srcs/sources_1/imports/Masaüstü/SLASIC_V0/SLASIC_V0.srcs/sources_1/new/Memory_Access_Stage.v(28): WARNING: identifier 'alu_result_mem_reg' is used before its declaration (VERI-1875)
C:/Users/ethem/SLASIC_DEMO_REV_3/SLASIC_DEMO_REV_3.srcs/sources_1/imports/Masaüstü/SLASIC_V0/SLASIC_V0.srcs/sources_1/new/Memory_Access_Stage.v(29): WARNING: identifier 'rd_mem_reg' is used before its declaration (VERI-1875)
C:/Users/ethem/SLASIC_DEMO_REV_3/SLASIC_DEMO_REV_3.srcs/sources_1/imports/Masaüstü/SLASIC_V0/SLASIC_V0.srcs/sources_1/new/Memory_Access_Stage.v(30): WARNING: identifier 'rd_addr_mem_reg' is used before its declaration (VERI-1875)
C:/Users/ethem/SLASIC_DEMO_REV_3/SLASIC_DEMO_REV_3.srcs/sources_1/imports/Masaüstü/SLASIC_V0/SLASIC_V0.srcs/sources_1/new/Memory_Access_Stage.v(31): WARNING: identifier 'pc_plus_4_mem_reg' is used before its declaration (VERI-1875)
C:/Users/ethem/SLASIC_DEMO_REV_3/SLASIC_DEMO_REV_3.srcs/sources_1/imports/Masaüstü/SLASIC_V0/SLASIC_V0.srcs/sources_1/new/Memory_Access_Stage.v(32): WARNING: identifier 'pc_target_mem_reg' is used before its declaration (VERI-1875)
C:/Users/ethem/SLASIC_DEMO_REV_3/SLASIC_DEMO_REV_3.srcs/sources_1/imports/Masaüstü/SLASIC_V0/SLASIC_V0.srcs/sources_1/new/Memory_Access_Stage.v(33): WARNING: identifier 'immediate_extended_mem_reg' is used before its declaration (VERI-1875)
C:/Users/ethem/SLASIC_DEMO_REV_3/SLASIC_DEMO_REV_3.srcs/sources_1/imports/Masaüstü/SLASIC_V0/SLASIC_V0.srcs/sources_1/new/Memory_Access_Stage.v(35): WARNING: identifier 'Reg_Write_mem_reg' is used before its declaration (VERI-1875)
C:/Users/ethem/SLASIC_DEMO_REV_3/SLASIC_DEMO_REV_3.srcs/sources_1/imports/Masaüstü/SLASIC_V0/SLASIC_V0.srcs/sources_1/new/Memory_Access_Stage.v(36): WARNING: identifier 'ResultSrc_mem_reg' is used before its declaration (VERI-1875)
INFO: analyzing module Mlp_Adder (VERI-9002)
INFO: analyzing module Mux_2 (VERI-9002)
INFO: analyzing module Neural_Network (VERI-9002)
C:/Users/ethem/SLASIC_DEMO_REV_3/SLASIC_DEMO_REV_3.srcs/sources_1/imports/Masaüstü/mlp1/new/Neural_Network.v(137): WARNING: empty statement in sequential block (VERI-1988)
C:/Users/ethem/SLASIC_DEMO_REV_3/SLASIC_DEMO_REV_3.srcs/sources_1/imports/Masaüstü/mlp1/new/Neural_Network.v(33): WARNING: identifier 'First_Layer' is used before its declaration (VERI-1875)
INFO: analyzing module PC_Counter_1 (VERI-9002)
INFO: analyzing module Register_Bias (VERI-9002)
INFO: analyzing module Register_File_1 (VERI-9002)
INFO: analyzing module Register_Neurons (VERI-9002)
INFO: analyzing module Register_Weights (VERI-9002)
INFO: analyzing module Ripple_Carry_Adder (VERI-9002)
INFO: analyzing module full_adder (VERI-9002)
INFO: analyzing module Shifter_Unit (VERI-9002)
INFO: analyzing module mux (VERI-9002)
INFO: analyzing module Single_Cycle_RISCV32I (VERI-9002)
C:/Users/ethem/SLASIC_DEMO_REV_3/SLASIC_DEMO_REV_3.srcs/sources_1/imports/Masaüstü/SLASIC_V0/SLASIC_V0.srcs/sources_1/new/Single_Cycle_RISCV32I.v(21): INFO: undeclared symbol 'rst', assumed default net type 'wire' (VERI-2561)
C:/Users/ethem/SLASIC_DEMO_REV_3/SLASIC_DEMO_REV_3.srcs/sources_1/imports/Masaüstü/SLASIC_V0/SLASIC_V0.srcs/sources_1/new/Single_Cycle_RISCV32I.v(145): INFO: undeclared symbol 'number_first_layer_wire', assumed default net type 'wire' (VERI-2561)
C:/Users/ethem/SLASIC_DEMO_REV_3/SLASIC_DEMO_REV_3.srcs/sources_1/imports/Masaüstü/SLASIC_V0/SLASIC_V0.srcs/sources_1/new/Single_Cycle_RISCV32I.v(184): WARNING: 'number_first_layer_wire' is already implicitly declared on line 145 (VERI-1362)
C:/Users/ethem/SLASIC_DEMO_REV_3/SLASIC_DEMO_REV_3.srcs/sources_1/imports/Masaüstü/SLASIC_V0/SLASIC_V0.srcs/sources_1/new/Single_Cycle_RISCV32I.v(18): WARNING: identifier 'last_data_wire' is used before its declaration (VERI-1875)
C:/Users/ethem/SLASIC_DEMO_REV_3/SLASIC_DEMO_REV_3.srcs/sources_1/imports/Masaüstü/SLASIC_V0/SLASIC_V0.srcs/sources_1/new/Single_Cycle_RISCV32I.v(18): WARNING: identifier 'first_data_wire' is used before its declaration (VERI-1875)
INFO: analyzing module adder (VERI-9002)
INFO: analyzing module leading (VERI-9002)
INFO: analyzing module comparator (VERI-9002)
INFO: analyzing module bootloader (VERI-9002)
INFO: analyzing module comparasor4_2 (VERI-9002)
INFO: analyzing module comparasor_46bit (VERI-9002)
INFO: analyzing module decision_making_controller (VERI-9002)
C:/Users/ethem/SLASIC_DEMO_REV_3/SLASIC_DEMO_REV_3.srcs/sources_1/imports/Masaüstü/SLASIC_V0/SLASIC_V0.srcs/sources_1/new/decision_making_controller.v(32): WARNING: identifier 'i2c_started' is used before its declaration (VERI-1875)
INFO: analyzing module fulladder (VERI-9002)
INFO: analyzing module fulladder_46bit (VERI-9002)
INFO: analyzing module i2c_driver (VERI-9002)
C:/Users/ethem/SLASIC_DEMO_REV_3/SLASIC_DEMO_REV_3.srcs/sources_1/imports/Masaüstü/SLASIC_V0/SLASIC_V0.srcs/sources_1/new/i2c_driver.v(54): WARNING: parameter 'IDLE' becomes localparam in 'i2c_driver' with formal parameter declaration list (VERI-1199)
C:/Users/ethem/SLASIC_DEMO_REV_3/SLASIC_DEMO_REV_3.srcs/sources_1/imports/Masaüstü/SLASIC_V0/SLASIC_V0.srcs/sources_1/new/i2c_driver.v(55): WARNING: parameter 'START' becomes localparam in 'i2c_driver' with formal parameter declaration list (VERI-1199)
C:/Users/ethem/SLASIC_DEMO_REV_3/SLASIC_DEMO_REV_3.srcs/sources_1/imports/Masaüstü/SLASIC_V0/SLASIC_V0.srcs/sources_1/new/i2c_driver.v(56): WARNING: parameter 'TLOW' becomes localparam in 'i2c_driver' with formal parameter declaration list (VERI-1199)
C:/Users/ethem/SLASIC_DEMO_REV_3/SLASIC_DEMO_REV_3.srcs/sources_1/imports/Masaüstü/SLASIC_V0/SLASIC_V0.srcs/sources_1/new/i2c_driver.v(57): WARNING: parameter 'TSU' becomes localparam in 'i2c_driver' with formal parameter declaration list (VERI-1199)
C:/Users/ethem/SLASIC_DEMO_REV_3/SLASIC_DEMO_REV_3.srcs/sources_1/imports/Masaüstü/SLASIC_V0/SLASIC_V0.srcs/sources_1/new/i2c_driver.v(58): WARNING: parameter 'THIGH' becomes localparam in 'i2c_driver' with formal parameter declaration list (VERI-1199)
C:/Users/ethem/SLASIC_DEMO_REV_3/SLASIC_DEMO_REV_3.srcs/sources_1/imports/Masaüstü/SLASIC_V0/SLASIC_V0.srcs/sources_1/new/i2c_driver.v(59): WARNING: parameter 'THD' becomes localparam in 'i2c_driver' with formal parameter declaration list (VERI-1199)
C:/Users/ethem/SLASIC_DEMO_REV_3/SLASIC_DEMO_REV_3.srcs/sources_1/imports/Masaüstü/SLASIC_V0/SLASIC_V0.srcs/sources_1/new/i2c_driver.v(60): WARNING: parameter 'TSTO' becomes localparam in 'i2c_driver' with formal parameter declaration list (VERI-1199)
INFO: analyzing module lcd_driver (VERI-9002)
INFO: analyzing module multiplier (VERI-9002)
C:/Users/ethem/SLASIC_DEMO_REV_3/SLASIC_DEMO_REV_3.srcs/sources_1/imports/Masaüstü/mlp1/new/multiplier.v(148): INFO: undeclared symbol 'cary4', assumed default net type 'wire' (VERI-2561)
C:/Users/ethem/SLASIC_DEMO_REV_3/SLASIC_DEMO_REV_3.srcs/sources_1/imports/Masaüstü/mlp1/new/multiplier.v(154): WARNING: 'cary4' is already implicitly declared on line 148 (VERI-1362)
C:/Users/ethem/SLASIC_DEMO_REV_3/SLASIC_DEMO_REV_3.srcs/sources_1/imports/Masaüstü/mlp1/new/multiplier.v(34): WARNING: identifier 'start1' is used before its declaration (VERI-1875)
INFO: analyzing module pc_imm_adder_1 (VERI-9002)
INFO: analyzing module pc_plus_4_1 (VERI-9002)
Listing tops:
VeriTop library:xil_defaultlib mod:Single_Cycle_RISCV32I
END of tops
C:/Users/ethem/SLASIC_DEMO_REV_3/SLASIC_DEMO_REV_3.srcs/sources_1/imports/Masaüstü/SLASIC_V0/SLASIC_V0.srcs/sources_1/new/Single_Cycle_RISCV32I.v(1): INFO: compiling module 'Single_Cycle_RISCV32I_default' (VERI-1018)
srcscan exits with return value 0
