
*** Running vivado
    with args -log ELE_432_Top_Module.vds -m64 -product Vivado -mode batch -messageDb vivado.pb -notrace -source ELE_432_Top_Module.tcl


ECHO is off.
ECHO is off.

****** Vivado v2023.2 (64-bit)
  **** SW Build 4029153 on Fri Oct 13 20:14:34 MDT 2023
  **** IP Build 4028589 on Sat Oct 14 00:45:43 MDT 2023
  **** SharedData Build 4025554 on Tue Oct 10 17:18:54 MDT 2023
    ** Copyright 1986-2022 Xilinx, Inc. All Rights Reserved.
    ** Copyright 2022-2023 Advanced Micro Devices, Inc. All Rights Reserved.

source ELE_432_Top_Module.tcl -notrace
create_project: Time (s): cpu = 00:00:09 ; elapsed = 00:00:10 . Memory (MB): peak = 497.426 ; gain = 220.867
Command: read_checkpoint -auto_incremental -incremental C:/Users/samil/mic/mic.srcs/utils_1/imports/synth_1/pdm_microphone.dcp
INFO: [Vivado 12-5825] Read reference checkpoint from C:/Users/samil/mic/mic.srcs/utils_1/imports/synth_1/pdm_microphone.dcp for incremental synthesis
INFO: [Vivado 12-7989] Please ensure there are no constraint changes
Command: synth_design -top ELE_432_Top_Module -part xc7a100tcsg324-1
Starting synth_design
Attempting to get a license for feature 'Synthesis' and/or device 'xc7a100t'
INFO: [Common 17-349] Got license for feature 'Synthesis' and/or device 'xc7a100t'
INFO: [Device 21-403] Loading part xc7a100tcsg324-1
INFO: [Synth 8-7079] Multithreading enabled for synth_design using a maximum of 2 processes.
INFO: [Synth 8-7078] Launching helper process for spawning children vivado processes
INFO: [Synth 8-7075] Helper process launched with PID 10708
---------------------------------------------------------------------------------
Starting RTL Elaboration : Time (s): cpu = 00:00:07 ; elapsed = 00:00:07 . Memory (MB): peak = 1353.352 ; gain = 439.637
---------------------------------------------------------------------------------
INFO: [Synth 8-6157] synthesizing module 'ELE_432_Top_Module' [C:/Users/samil/mic/mic.srcs/sources_1/new/Top_Module.v:1]
INFO: [Synth 8-6157] synthesizing module 'Divided_Clock' [C:/Users/samil/mic/mic.srcs/sources_1/new/div_clk.v:1]
INFO: [Synth 8-6155] done synthesizing module 'Divided_Clock' (0#1) [C:/Users/samil/mic/mic.srcs/sources_1/new/div_clk.v:1]
INFO: [Synth 8-6157] synthesizing module 'pdm_microphone' [C:/Users/samil/mic/mic.srcs/sources_1/new/pdm_microphone.sv:23]
INFO: [Synth 8-6157] synthesizing module 'pdm_clk_gen' [C:/Users/samil/mic/mic.srcs/sources_1/new/pdm_clok_gen.sv:23]
	Parameter INPUT_FREQ bound to: 25000000 - type: integer 
	Parameter OUTPUT_FREQ bound to: 2400000 - type: integer 
INFO: [Synth 8-6155] done synthesizing module 'pdm_clk_gen' (0#1) [C:/Users/samil/mic/mic.srcs/sources_1/new/pdm_clok_gen.sv:23]
INFO: [Synth 8-6157] synthesizing module 'cic_compiler_0' [C:/Users/samil/mic/mic.runs/synth_1/.Xil/Vivado-16460-DESKTOP-N21QB96/realtime/cic_compiler_0_stub.v:6]
INFO: [Synth 8-6155] done synthesizing module 'cic_compiler_0' (0#1) [C:/Users/samil/mic/mic.runs/synth_1/.Xil/Vivado-16460-DESKTOP-N21QB96/realtime/cic_compiler_0_stub.v:6]
WARNING: [Synth 8-689] width (10) of port connection 'm_axis_data_tdata' does not match port width (16) of module 'cic_compiler_0' [C:/Users/samil/mic/mic.srcs/sources_1/new/pdm_microphone.sv:86]
INFO: [Synth 8-6155] done synthesizing module 'pdm_microphone' (0#1) [C:/Users/samil/mic/mic.srcs/sources_1/new/pdm_microphone.sv:23]
INFO: [Synth 8-6157] synthesizing module 'Inverter' [C:/Users/samil/mic/mic.srcs/sources_1/new/inverter.v:1]
INFO: [Synth 8-6155] done synthesizing module 'Inverter' (0#1) [C:/Users/samil/mic/mic.srcs/sources_1/new/inverter.v:1]
INFO: [Synth 8-6157] synthesizing module 'VGA_Controller' [C:/Users/samil/mic/mic.srcs/sources_1/new/vga.v:1]
INFO: [Synth 8-3876] $readmem data file 'font_1.mem' is read successfully [C:/Users/samil/mic/mic.srcs/sources_1/new/vga.v:120]
INFO: [Synth 8-6157] synthesizing module 'horizantal_counter' [C:/Users/samil/mic/mic.srcs/sources_1/new/horizantal.v:1]
INFO: [Synth 8-6155] done synthesizing module 'horizantal_counter' (0#1) [C:/Users/samil/mic/mic.srcs/sources_1/new/horizantal.v:1]
INFO: [Synth 8-6157] synthesizing module 'vertical_counter' [C:/Users/samil/mic/mic.srcs/sources_1/new/vertical.v:1]
INFO: [Synth 8-6155] done synthesizing module 'vertical_counter' (0#1) [C:/Users/samil/mic/mic.srcs/sources_1/new/vertical.v:1]
INFO: [Synth 8-155] case statement is not full and has no default [C:/Users/samil/mic/mic.srcs/sources_1/new/vga.v:223]
INFO: [Synth 8-155] case statement is not full and has no default [C:/Users/samil/mic/mic.srcs/sources_1/new/vga.v:267]
INFO: [Synth 8-6155] done synthesizing module 'VGA_Controller' (0#1) [C:/Users/samil/mic/mic.srcs/sources_1/new/vga.v:1]
INFO: [Synth 8-6157] synthesizing module 'input_converter' [C:/Users/samil/mic/mic.srcs/sources_1/new/input.v:23]
WARNING: [Synth 8-324] index 256 out of range [C:/Users/samil/mic/mic.srcs/sources_1/new/input.v:79]
INFO: [Synth 8-6155] done synthesizing module 'input_converter' (0#1) [C:/Users/samil/mic/mic.srcs/sources_1/new/input.v:23]
INFO: [Synth 8-6157] synthesizing module 'FFT_Module' [C:/Users/samil/mic/mic.srcs/sources_1/new/fft.v:1]
INFO: [Synth 8-6157] synthesizing module 'Twiddle' [C:/Users/samil/mic/mic.srcs/sources_1/new/rom.v:1]
INFO: [Synth 8-6155] done synthesizing module 'Twiddle' (0#1) [C:/Users/samil/mic/mic.srcs/sources_1/new/rom.v:1]
INFO: [Synth 8-155] case statement is not full and has no default [C:/Users/samil/mic/mic.srcs/sources_1/new/fft.v:245]
INFO: [Synth 8-6155] done synthesizing module 'FFT_Module' (0#1) [C:/Users/samil/mic/mic.srcs/sources_1/new/fft.v:1]
INFO: [Synth 8-6155] done synthesizing module 'ELE_432_Top_Module' (0#1) [C:/Users/samil/mic/mic.srcs/sources_1/new/Top_Module.v:1]
WARNING: [Synth 8-6014] Unused sequential element state_reg was removed.  [C:/Users/samil/mic/mic.srcs/sources_1/new/input.v:60]
WARNING: [Synth 8-6014] Unused sequential element index0_MultiplyReg_reg was removed.  [C:/Users/samil/mic/mic.srcs/sources_1/new/fft.v:187]
WARNING: [Synth 8-6014] Unused sequential element index0_regN_reg was removed.  [C:/Users/samil/mic/mic.srcs/sources_1/new/fft.v:188]
WARNING: [Synth 8-6014] Unused sequential element first_ok_reg was removed.  [C:/Users/samil/mic/mic.srcs/sources_1/new/fft.v:189]
WARNING: [Synth 8-6014] Unused sequential element second_first_reg was removed.  [C:/Users/samil/mic/mic.srcs/sources_1/new/fft.v:189]
WARNING: [Synth 8-6014] Unused sequential element ready_reg was removed.  [C:/Users/samil/mic/mic.srcs/sources_1/new/fft.v:191]
INFO: [Synth 8-6071] Mark debug on the nets applies keep_hierarchy on instance 'Mic'. This will prevent further optimization [C:/Users/samil/mic/mic.srcs/sources_1/new/Top_Module.v:67]
INFO: [Synth 8-6071] Mark debug on the nets applies keep_hierarchy on instance 'FFT'. This will prevent further optimization [C:/Users/samil/mic/mic.srcs/sources_1/new/Top_Module.v:214]
INFO: [Synth 8-6071] Mark debug on the nets applies keep_hierarchy on instance 'VGA'. This will prevent further optimization [C:/Users/samil/mic/mic.srcs/sources_1/new/Top_Module.v:153]
INFO: [Synth 8-6071] Mark debug on the nets applies keep_hierarchy on instance 'ic'. This will prevent further optimization [C:/Users/samil/mic/mic.srcs/sources_1/new/Top_Module.v:186]
WARNING: [Synth 8-7129] Port rst in module Divided_Clock is either unconnected or has no load
---------------------------------------------------------------------------------
Finished RTL Elaboration : Time (s): cpu = 00:00:19 ; elapsed = 00:00:20 . Memory (MB): peak = 1810.082 ; gain = 896.367
---------------------------------------------------------------------------------
---------------------------------------------------------------------------------
Start Handling Custom Attributes
---------------------------------------------------------------------------------
---------------------------------------------------------------------------------
Finished Handling Custom Attributes : Time (s): cpu = 00:00:20 ; elapsed = 00:00:22 . Memory (MB): peak = 1810.082 ; gain = 896.367
---------------------------------------------------------------------------------
---------------------------------------------------------------------------------
Finished RTL Optimization Phase 1 : Time (s): cpu = 00:00:20 ; elapsed = 00:00:22 . Memory (MB): peak = 1810.082 ; gain = 896.367
---------------------------------------------------------------------------------
Netlist sorting complete. Time (s): cpu = 00:00:01 ; elapsed = 00:00:00.702 . Memory (MB): peak = 1810.082 ; gain = 0.000
INFO: [Project 1-570] Preparing netlist for logic optimization

Processing XDC Constraints
Initializing timing engine
Parsing XDC File [c:/Users/samil/mic/mic.gen/sources_1/ip/cic_compiler_0/cic_compiler_0/cic_compiler_0_in_context.xdc] for cell 'Mic/cic_compiler'
Finished Parsing XDC File [c:/Users/samil/mic/mic.gen/sources_1/ip/cic_compiler_0/cic_compiler_0/cic_compiler_0_in_context.xdc] for cell 'Mic/cic_compiler'
Parsing XDC File [C:/Users/samil/mic/mic.srcs/constrs_1/new/first.xdc]
WARNING: [Vivado 12-584] No ports matched 'mic_data[31]'. [C:/Users/samil/mic/mic.srcs/constrs_1/new/first.xdc:2]
WARNING: [Vivado 12-584] No ports matched 'mic_data[30]'. [C:/Users/samil/mic/mic.srcs/constrs_1/new/first.xdc:3]
WARNING: [Vivado 12-584] No ports matched 'mic_data[29]'. [C:/Users/samil/mic/mic.srcs/constrs_1/new/first.xdc:4]
WARNING: [Vivado 12-584] No ports matched 'mic_data[28]'. [C:/Users/samil/mic/mic.srcs/constrs_1/new/first.xdc:5]
WARNING: [Vivado 12-584] No ports matched 'mic_data[27]'. [C:/Users/samil/mic/mic.srcs/constrs_1/new/first.xdc:6]
WARNING: [Vivado 12-584] No ports matched 'mic_data[26]'. [C:/Users/samil/mic/mic.srcs/constrs_1/new/first.xdc:7]
WARNING: [Vivado 12-584] No ports matched 'mic_data[25]'. [C:/Users/samil/mic/mic.srcs/constrs_1/new/first.xdc:8]
WARNING: [Vivado 12-584] No ports matched 'mic_data[24]'. [C:/Users/samil/mic/mic.srcs/constrs_1/new/first.xdc:9]
WARNING: [Vivado 12-584] No ports matched 'mic_data[23]'. [C:/Users/samil/mic/mic.srcs/constrs_1/new/first.xdc:10]
WARNING: [Vivado 12-584] No ports matched 'mic_data[22]'. [C:/Users/samil/mic/mic.srcs/constrs_1/new/first.xdc:11]
WARNING: [Vivado 12-584] No ports matched 'mic_data[21]'. [C:/Users/samil/mic/mic.srcs/constrs_1/new/first.xdc:12]
WARNING: [Vivado 12-584] No ports matched 'mic_data[20]'. [C:/Users/samil/mic/mic.srcs/constrs_1/new/first.xdc:13]
WARNING: [Vivado 12-584] No ports matched 'mic_data[19]'. [C:/Users/samil/mic/mic.srcs/constrs_1/new/first.xdc:14]
WARNING: [Vivado 12-584] No ports matched 'mic_data[18]'. [C:/Users/samil/mic/mic.srcs/constrs_1/new/first.xdc:15]
WARNING: [Vivado 12-584] No ports matched 'mic_data[17]'. [C:/Users/samil/mic/mic.srcs/constrs_1/new/first.xdc:16]
WARNING: [Vivado 12-584] No ports matched 'mic_data[16]'. [C:/Users/samil/mic/mic.srcs/constrs_1/new/first.xdc:17]
WARNING: [Vivado 12-584] No ports matched 'mic_data[15]'. [C:/Users/samil/mic/mic.srcs/constrs_1/new/first.xdc:18]
WARNING: [Vivado 12-584] No ports matched 'mic_data[14]'. [C:/Users/samil/mic/mic.srcs/constrs_1/new/first.xdc:19]
WARNING: [Vivado 12-584] No ports matched 'mic_data[13]'. [C:/Users/samil/mic/mic.srcs/constrs_1/new/first.xdc:20]
WARNING: [Vivado 12-584] No ports matched 'mic_data[12]'. [C:/Users/samil/mic/mic.srcs/constrs_1/new/first.xdc:21]
WARNING: [Vivado 12-584] No ports matched 'mic_data[11]'. [C:/Users/samil/mic/mic.srcs/constrs_1/new/first.xdc:22]
WARNING: [Vivado 12-584] No ports matched 'mic_data[10]'. [C:/Users/samil/mic/mic.srcs/constrs_1/new/first.xdc:23]
WARNING: [Vivado 12-584] No ports matched 'mic_data[9]'. [C:/Users/samil/mic/mic.srcs/constrs_1/new/first.xdc:24]
WARNING: [Vivado 12-584] No ports matched 'mic_data[8]'. [C:/Users/samil/mic/mic.srcs/constrs_1/new/first.xdc:25]
WARNING: [Vivado 12-584] No ports matched 'mic_data[7]'. [C:/Users/samil/mic/mic.srcs/constrs_1/new/first.xdc:26]
WARNING: [Vivado 12-584] No ports matched 'mic_data[6]'. [C:/Users/samil/mic/mic.srcs/constrs_1/new/first.xdc:27]
WARNING: [Vivado 12-584] No ports matched 'mic_data[5]'. [C:/Users/samil/mic/mic.srcs/constrs_1/new/first.xdc:28]
WARNING: [Vivado 12-584] No ports matched 'mic_data[4]'. [C:/Users/samil/mic/mic.srcs/constrs_1/new/first.xdc:29]
WARNING: [Vivado 12-584] No ports matched 'mic_data[3]'. [C:/Users/samil/mic/mic.srcs/constrs_1/new/first.xdc:30]
WARNING: [Vivado 12-584] No ports matched 'mic_data[2]'. [C:/Users/samil/mic/mic.srcs/constrs_1/new/first.xdc:31]
WARNING: [Vivado 12-584] No ports matched 'mic_data[1]'. [C:/Users/samil/mic/mic.srcs/constrs_1/new/first.xdc:32]
WARNING: [Vivado 12-584] No ports matched 'mic_data[0]'. [C:/Users/samil/mic/mic.srcs/constrs_1/new/first.xdc:33]
WARNING: [Vivado 12-584] No ports matched 'mic_data_valid'. [C:/Users/samil/mic/mic.srcs/constrs_1/new/first.xdc:34]
WARNING: [Vivado 12-584] No ports matched 'M_LRSEL'. [C:/Users/samil/mic/mic.srcs/constrs_1/new/first.xdc:35]
WARNING: [Vivado 12-584] No ports matched 'M_CLK'. [C:/Users/samil/mic/mic.srcs/constrs_1/new/first.xdc:36]
WARNING: [Vivado 12-584] No ports matched 'M_DATA'. [C:/Users/samil/mic/mic.srcs/constrs_1/new/first.xdc:37]
WARNING: [Vivado 12-584] No ports matched 'M_CLK'. [C:/Users/samil/mic/mic.srcs/constrs_1/new/first.xdc:39]
WARNING: [Vivado 12-584] No ports matched 'M_DATA'. [C:/Users/samil/mic/mic.srcs/constrs_1/new/first.xdc:40]
WARNING: [Vivado 12-584] No ports matched 'M_LRSEL'. [C:/Users/samil/mic/mic.srcs/constrs_1/new/first.xdc:42]
WARNING: [Vivado 12-584] No ports matched 'mic_data[31]'. [C:/Users/samil/mic/mic.srcs/constrs_1/new/first.xdc:45]
WARNING: [Vivado 12-584] No ports matched 'mic_data[30]'. [C:/Users/samil/mic/mic.srcs/constrs_1/new/first.xdc:46]
WARNING: [Vivado 12-584] No ports matched 'mic_data[29]'. [C:/Users/samil/mic/mic.srcs/constrs_1/new/first.xdc:47]
WARNING: [Vivado 12-584] No ports matched 'mic_data[28]'. [C:/Users/samil/mic/mic.srcs/constrs_1/new/first.xdc:48]
WARNING: [Vivado 12-584] No ports matched 'mic_data[27]'. [C:/Users/samil/mic/mic.srcs/constrs_1/new/first.xdc:49]
WARNING: [Vivado 12-584] No ports matched 'mic_data[26]'. [C:/Users/samil/mic/mic.srcs/constrs_1/new/first.xdc:50]
WARNING: [Vivado 12-584] No ports matched 'mic_data[25]'. [C:/Users/samil/mic/mic.srcs/constrs_1/new/first.xdc:51]
WARNING: [Vivado 12-584] No ports matched 'mic_data[24]'. [C:/Users/samil/mic/mic.srcs/constrs_1/new/first.xdc:52]
WARNING: [Vivado 12-584] No ports matched 'mic_data[23]'. [C:/Users/samil/mic/mic.srcs/constrs_1/new/first.xdc:53]
WARNING: [Vivado 12-584] No ports matched 'mic_data[22]'. [C:/Users/samil/mic/mic.srcs/constrs_1/new/first.xdc:54]
WARNING: [Vivado 12-584] No ports matched 'mic_data[21]'. [C:/Users/samil/mic/mic.srcs/constrs_1/new/first.xdc:55]
WARNING: [Vivado 12-584] No ports matched 'mic_data[20]'. [C:/Users/samil/mic/mic.srcs/constrs_1/new/first.xdc:56]
WARNING: [Vivado 12-584] No ports matched 'mic_data[19]'. [C:/Users/samil/mic/mic.srcs/constrs_1/new/first.xdc:57]
WARNING: [Vivado 12-584] No ports matched 'mic_data[18]'. [C:/Users/samil/mic/mic.srcs/constrs_1/new/first.xdc:58]
WARNING: [Vivado 12-584] No ports matched 'mic_data[17]'. [C:/Users/samil/mic/mic.srcs/constrs_1/new/first.xdc:59]
WARNING: [Vivado 12-584] No ports matched 'mic_data[16]'. [C:/Users/samil/mic/mic.srcs/constrs_1/new/first.xdc:60]
WARNING: [Vivado 12-584] No ports matched 'mic_data[15]'. [C:/Users/samil/mic/mic.srcs/constrs_1/new/first.xdc:61]
WARNING: [Vivado 12-584] No ports matched 'mic_data[14]'. [C:/Users/samil/mic/mic.srcs/constrs_1/new/first.xdc:62]
WARNING: [Vivado 12-584] No ports matched 'mic_data[13]'. [C:/Users/samil/mic/mic.srcs/constrs_1/new/first.xdc:63]
WARNING: [Vivado 12-584] No ports matched 'mic_data[12]'. [C:/Users/samil/mic/mic.srcs/constrs_1/new/first.xdc:64]
WARNING: [Vivado 12-584] No ports matched 'mic_data[11]'. [C:/Users/samil/mic/mic.srcs/constrs_1/new/first.xdc:65]
WARNING: [Vivado 12-584] No ports matched 'mic_data[10]'. [C:/Users/samil/mic/mic.srcs/constrs_1/new/first.xdc:66]
WARNING: [Vivado 12-584] No ports matched 'mic_data[9]'. [C:/Users/samil/mic/mic.srcs/constrs_1/new/first.xdc:67]
WARNING: [Vivado 12-584] No ports matched 'mic_data[8]'. [C:/Users/samil/mic/mic.srcs/constrs_1/new/first.xdc:68]
WARNING: [Vivado 12-584] No ports matched 'mic_data[7]'. [C:/Users/samil/mic/mic.srcs/constrs_1/new/first.xdc:69]
WARNING: [Vivado 12-584] No ports matched 'mic_data[6]'. [C:/Users/samil/mic/mic.srcs/constrs_1/new/first.xdc:70]
WARNING: [Vivado 12-584] No ports matched 'mic_data[5]'. [C:/Users/samil/mic/mic.srcs/constrs_1/new/first.xdc:71]
WARNING: [Vivado 12-584] No ports matched 'mic_data[4]'. [C:/Users/samil/mic/mic.srcs/constrs_1/new/first.xdc:72]
WARNING: [Vivado 12-584] No ports matched 'mic_data[3]'. [C:/Users/samil/mic/mic.srcs/constrs_1/new/first.xdc:73]
WARNING: [Vivado 12-584] No ports matched 'mic_data[2]'. [C:/Users/samil/mic/mic.srcs/constrs_1/new/first.xdc:74]
WARNING: [Vivado 12-584] No ports matched 'mic_data[1]'. [C:/Users/samil/mic/mic.srcs/constrs_1/new/first.xdc:75]
WARNING: [Vivado 12-584] No ports matched 'mic_data[0]'. [C:/Users/samil/mic/mic.srcs/constrs_1/new/first.xdc:76]
WARNING: [Vivado 12-584] No ports matched 'mic_data_valid'. [C:/Users/samil/mic/mic.srcs/constrs_1/new/first.xdc:77]
Finished Parsing XDC File [C:/Users/samil/mic/mic.srcs/constrs_1/new/first.xdc]
WARNING: [Project 1-498] One or more constraints failed evaluation while reading constraint file [C:/Users/samil/mic/mic.srcs/constrs_1/new/first.xdc] and the design contains unresolved black boxes. These constraints will be read post-synthesis (as long as their source constraint file is marked as used_in_implementation) and should be applied correctly then. You should review the constraints listed in the file [.Xil/ELE_432_Top_Module_propImpl.xdc] and check the run log file to verify that these constraints were correctly applied.
INFO: [Project 1-236] Implementation specific constraints were found while reading constraint file [C:/Users/samil/mic/mic.srcs/constrs_1/new/first.xdc]. These constraints will be ignored for synthesis but will be used in implementation. Impacted constraints are listed in the file [.Xil/ELE_432_Top_Module_propImpl.xdc].
Resolution: To avoid this warning, move constraints listed in [.Xil/ELE_432_Top_Module_propImpl.xdc] to another XDC file and exclude this new file from synthesis with the used_in_synthesis property (File Properties dialog in GUI) and re-run elaboration/synthesis.
Parsing XDC File [C:/Users/samil/mic/mic.runs/synth_1/dont_touch.xdc]
Finished Parsing XDC File [C:/Users/samil/mic/mic.runs/synth_1/dont_touch.xdc]
Completed Processing XDC Constraints

Netlist sorting complete. Time (s): cpu = 00:00:00 ; elapsed = 00:00:00.008 . Memory (MB): peak = 1851.992 ; gain = 0.000
INFO: [Project 1-111] Unisim Transformation Summary:
No Unisim elements were transformed.

The system cannot find the path specified.
Constraint Validation Runtime : Time (s): cpu = 00:00:00 ; elapsed = 00:00:00.140 . Memory (MB): peak = 1851.992 ; gain = 0.000
---------------------------------------------------------------------------------
Finished Constraint Validation : Time (s): cpu = 00:00:40 ; elapsed = 00:00:41 . Memory (MB): peak = 1851.992 ; gain = 938.277
---------------------------------------------------------------------------------
---------------------------------------------------------------------------------
Start Loading Part and Timing Information
---------------------------------------------------------------------------------
Loading part: xc7a100tcsg324-1
---------------------------------------------------------------------------------
Finished Loading Part and Timing Information : Time (s): cpu = 00:00:40 ; elapsed = 00:00:41 . Memory (MB): peak = 1851.992 ; gain = 938.277
---------------------------------------------------------------------------------
---------------------------------------------------------------------------------
Finished Doing Graph Differ : Time (s): cpu = 00:00:45 ; elapsed = 00:00:46 . Memory (MB): peak = 1851.992 ; gain = 938.277
---------------------------------------------------------------------------------
ELE_432_Top_Module__GC0FFT_Module__GB6FFT_Module__GB5FFT_Module__GB4FFT_Module__GB2FFT_Module__GB1FFT_Module__GB0---------------------------------------------------------------------------------
Finished Preparing Guide Design : Time (s): cpu = 00:00:48 ; elapsed = 00:00:49 . Memory (MB): peak = 1851.992 ; gain = 938.277
---------------------------------------------------------------------------------
INFO: [Synth 8-802] inferred FSM for state register 'state_reg' in module 'FFT_Module'
---------------------------------------------------------------------------------------------------
                   State |                     New Encoding |                Previous Encoding 
---------------------------------------------------------------------------------------------------
                    idle |                              000 |                             0000
                    load |                              001 |                             0001
            first_dragon |                              010 |                             0010
           second_dragon |                              011 |                             0100
            third_dragon |                              100 |                             0110
                  fourth |                              101 |                             1000
                  finish |                              110 |                             1001
---------------------------------------------------------------------------------------------------
INFO: [Synth 8-3354] encoded FSM with state register 'state_reg' using encoding 'sequential' in module 'FFT_Module'
---------------------------------------------------------------------------------
Finished RTL Optimization Phase 2 : Time (s): cpu = 00:01:10 ; elapsed = 00:01:13 . Memory (MB): peak = 1922.363 ; gain = 1008.648
---------------------------------------------------------------------------------
---------------------------------------------------------------------------------
Start Mimic Skeleton from Reference
---------------------------------------------------------------------------------
---------------------------------------------------------------------------------
Finished Mimic Skeleton from Reference : Time (s): cpu = 00:01:16 ; elapsed = 00:01:18 . Memory (MB): peak = 1986.297 ; gain = 1072.582
---------------------------------------------------------------------------------
Abnormal program termination (EXCEPTION_ACCESS_VIOLATION)
Please check 'C:/Users/samil/mic/mic.runs/synth_1/hs_err_pid16460.log' for details
