INFO: [VRFC 10-2263] Analyzing Verilog file "C:/Users/samil/Desktop/SLASIC_DEMO_REV_3/SLASIC_DEMO_REV_3.srcs/sources_1/imports/Masaüstü/SLASIC_V0/SLASIC_V0.srcs/sources_1/new/ALU_top.v" into library xil_defaultlib
INFO: [VRFC 10-311] analyzing module ALU_1
WARNING: [VRFC 10-3380] identifier 'busy_div_alu' is used before its declaration [C:/Users/samil/Desktop/SLASIC_DEMO_REV_3/SLASIC_DEMO_REV_3.srcs/sources_1/imports/Masaüstü/SLASIC_V0/SLASIC_V0.srcs/sources_1/new/ALU_top.v:12]
WARNING: [VRFC 10-3380] identifier 'valid_div_alu' is used before its declaration [C:/Users/samil/Desktop/SLASIC_DEMO_REV_3/SLASIC_DEMO_REV_3.srcs/sources_1/imports/Masaüstü/SLASIC_V0/SLASIC_V0.srcs/sources_1/new/ALU_top.v:13]
WARNING: [VRFC 10-3380] identifier 'busy_mul_alu' is used before its declaration [C:/Users/samil/Desktop/SLASIC_DEMO_REV_3/SLASIC_DEMO_REV_3.srcs/sources_1/imports/Masaüstü/SLASIC_V0/SLASIC_V0.srcs/sources_1/new/ALU_top.v:72]
WARNING: [VRFC 10-3380] identifier 'busy_div_alu' is used before its declaration [C:/Users/samil/Desktop/SLASIC_DEMO_REV_3/SLASIC_DEMO_REV_3.srcs/sources_1/imports/Masaüstü/SLASIC_V0/SLASIC_V0.srcs/sources_1/new/ALU_top.v:87]
INFO: [VRFC 10-2263] Analyzing Verilog file "C:/Users/samil/Desktop/SLASIC_DEMO_REV_3/SLASIC_DEMO_REV_3.srcs/sources_1/imports/Masaüstü/SLASIC_V0/SLASIC_V0.srcs/sources_1/new/Booth_Radix2_Divider.v" into library xil_defaultlib
INFO: [VRFC 10-311] analyzing module Booth_Radix2_Divider
INFO: [VRFC 10-2263] Analyzing Verilog file "C:/Users/samil/Desktop/SLASIC_DEMO_REV_3/SLASIC_DEMO_REV_3.srcs/sources_1/imports/Masaüstü/SLASIC_V0/SLASIC_V0.srcs/sources_1/new/Booth_Radix4_Multiplier.v" into library xil_defaultlib
INFO: [VRFC 10-311] analyzing module Booth_Radix4_Multiplier
INFO: [VRFC 10-2263] Analyzing Verilog file "C:/Users/samil/Desktop/SLASIC_DEMO_REV_3/SLASIC_DEMO_REV_3.srcs/sources_1/imports/Masaüstü/SLASIC_V0/SLASIC_V0.srcs/sources_1/new/Comparison_Unit.v" into library xil_defaultlib
INFO: [VRFC 10-311] analyzing module Comparison_Unit
INFO: [VRFC 10-2263] Analyzing Verilog file "C:/Users/samil/Desktop/SLASIC_DEMO_REV_3/SLASIC_DEMO_REV_3.srcs/sources_1/imports/Masaüstü/SLASIC_V0/SLASIC_V0.srcs/sources_1/new/Control_Unit.v" into library xil_defaultlib
INFO: [VRFC 10-311] analyzing module Control_Unit_1
INFO: [VRFC 10-2263] Analyzing Verilog file "C:/Users/samil/Desktop/SLASIC_DEMO_REV_3/SLASIC_DEMO_REV_3.srcs/sources_1/imports/Masaüstü/SLASIC_V0/SLASIC_V0.srcs/sources_1/new/Data_Memory.v" into library xil_defaultlib
INFO: [VRFC 10-311] analyzing module Data_Memory_1
INFO: [VRFC 10-2263] Analyzing Verilog file "C:/Users/samil/Desktop/SLASIC_DEMO_REV_3/SLASIC_DEMO_REV_3.srcs/sources_1/imports/Masaüstü/SLASIC_V0/SLASIC_V0.srcs/sources_1/new/Decode_Stage.v" into library xil_defaultlib
INFO: [VRFC 10-311] analyzing module Decode_Stage_1
WARNING: [VRFC 10-3380] identifier 'rs1_id_reg' is used before its declaration [C:/Users/samil/Desktop/SLASIC_DEMO_REV_3/SLASIC_DEMO_REV_3.srcs/sources_1/imports/Masaüstü/SLASIC_V0/SLASIC_V0.srcs/sources_1/new/Decode_Stage.v:46]
WARNING: [VRFC 10-3380] identifier 'rs2_id_reg' is used before its declaration [C:/Users/samil/Desktop/SLASIC_DEMO_REV_3/SLASIC_DEMO_REV_3.srcs/sources_1/imports/Masaüstü/SLASIC_V0/SLASIC_V0.srcs/sources_1/new/Decode_Stage.v:47]
WARNING: [VRFC 10-3380] identifier 'pc_id_reg' is used before its declaration [C:/Users/samil/Desktop/SLASIC_DEMO_REV_3/SLASIC_DEMO_REV_3.srcs/sources_1/imports/Masaüstü/SLASIC_V0/SLASIC_V0.srcs/sources_1/new/Decode_Stage.v:48]
WARNING: [VRFC 10-3380] identifier 'rs1_addr_id_reg' is used before its declaration [C:/Users/samil/Desktop/SLASIC_DEMO_REV_3/SLASIC_DEMO_REV_3.srcs/sources_1/imports/Masaüstü/SLASIC_V0/SLASIC_V0.srcs/sources_1/new/Decode_Stage.v:49]
WARNING: [VRFC 10-3380] identifier 'rs2_addr_id_reg' is used before its declaration [C:/Users/samil/Desktop/SLASIC_DEMO_REV_3/SLASIC_DEMO_REV_3.srcs/sources_1/imports/Masaüstü/SLASIC_V0/SLASIC_V0.srcs/sources_1/new/Decode_Stage.v:50]
WARNING: [VRFC 10-3380] identifier 'rd_addr_id_reg' is used before its declaration [C:/Users/samil/Desktop/SLASIC_DEMO_REV_3/SLASIC_DEMO_REV_3.srcs/sources_1/imports/Masaüstü/SLASIC_V0/SLASIC_V0.srcs/sources_1/new/Decode_Stage.v:51]
WARNING: [VRFC 10-3380] identifier 'immediate_extended_id_reg' is used before its declaration [C:/Users/samil/Desktop/SLASIC_DEMO_REV_3/SLASIC_DEMO_REV_3.srcs/sources_1/imports/Masaüstü/SLASIC_V0/SLASIC_V0.srcs/sources_1/new/Decode_Stage.v:52]
WARNING: [VRFC 10-3380] identifier 'pc_plus_4_id_reg' is used before its declaration [C:/Users/samil/Desktop/SLASIC_DEMO_REV_3/SLASIC_DEMO_REV_3.srcs/sources_1/imports/Masaüstü/SLASIC_V0/SLASIC_V0.srcs/sources_1/new/Decode_Stage.v:53]
WARNING: [VRFC 10-3380] identifier 'Reg_Write_id_reg' is used before its declaration [C:/Users/samil/Desktop/SLASIC_DEMO_REV_3/SLASIC_DEMO_REV_3.srcs/sources_1/imports/Masaüstü/SLASIC_V0/SLASIC_V0.srcs/sources_1/new/Decode_Stage.v:56]
WARNING: [VRFC 10-3380] identifier 'ResultSrc_id_reg' is used before its declaration [C:/Users/samil/Desktop/SLASIC_DEMO_REV_3/SLASIC_DEMO_REV_3.srcs/sources_1/imports/Masaüstü/SLASIC_V0/SLASIC_V0.srcs/sources_1/new/Decode_Stage.v:57]
WARNING: [VRFC 10-3380] identifier 'Mem_Write_id_reg' is used before its declaration [C:/Users/samil/Desktop/SLASIC_DEMO_REV_3/SLASIC_DEMO_REV_3.srcs/sources_1/imports/Masaüstü/SLASIC_V0/SLASIC_V0.srcs/sources_1/new/Decode_Stage.v:58]
WARNING: [VRFC 10-3380] identifier 'Jump_id_reg' is used before its declaration [C:/Users/samil/Desktop/SLASIC_DEMO_REV_3/SLASIC_DEMO_REV_3.srcs/sources_1/imports/Masaüstü/SLASIC_V0/SLASIC_V0.srcs/sources_1/new/Decode_Stage.v:59]
WARNING: [VRFC 10-3380] identifier 'Branch_id_reg' is used before its declaration [C:/Users/samil/Desktop/SLASIC_DEMO_REV_3/SLASIC_DEMO_REV_3.srcs/sources_1/imports/Masaüstü/SLASIC_V0/SLASIC_V0.srcs/sources_1/new/Decode_Stage.v:60]
WARNING: [VRFC 10-3380] identifier 'Alu_Control_id_reg' is used before its declaration [C:/Users/samil/Desktop/SLASIC_DEMO_REV_3/SLASIC_DEMO_REV_3.srcs/sources_1/imports/Masaüstü/SLASIC_V0/SLASIC_V0.srcs/sources_1/new/Decode_Stage.v:61]
WARNING: [VRFC 10-3380] identifier 'AluSrc_top_reg' is used before its declaration [C:/Users/samil/Desktop/SLASIC_DEMO_REV_3/SLASIC_DEMO_REV_3.srcs/sources_1/imports/Masaüstü/SLASIC_V0/SLASIC_V0.srcs/sources_1/new/Decode_Stage.v:62]
WARNING: [VRFC 10-3380] identifier 'jalr_top_reg' is used before its declaration [C:/Users/samil/Desktop/SLASIC_DEMO_REV_3/SLASIC_DEMO_REV_3.srcs/sources_1/imports/Masaüstü/SLASIC_V0/SLASIC_V0.srcs/sources_1/new/Decode_Stage.v:63]
INFO: [VRFC 10-2263] Analyzing Verilog file "C:/Users/samil/Desktop/SLASIC_DEMO_REV_3/SLASIC_DEMO_REV_3.srcs/sources_1/new/Divided_Clock.v" into library xil_defaultlib
INFO: [VRFC 10-311] analyzing module Divided_Clock
INFO: [VRFC 10-2263] Analyzing Verilog file "C:/Users/samil/Desktop/SLASIC_DEMO_REV_3/SLASIC_DEMO_REV_3.srcs/sources_1/imports/Masaüstü/SLASIC_V0/SLASIC_V0.srcs/sources_1/new/Execute_Stage.v" into library xil_defaultlib
INFO: [VRFC 10-311] analyzing module Execute_Stage_1
WARNING: [VRFC 10-3380] identifier 'alu_result_ex_reg' is used before its declaration [C:/Users/samil/Desktop/SLASIC_DEMO_REV_3/SLASIC_DEMO_REV_3.srcs/sources_1/imports/Masaüstü/SLASIC_V0/SLASIC_V0.srcs/sources_1/new/Execute_Stage.v:30]
WARNING: [VRFC 10-3380] identifier 'rs2_ex_reg' is used before its declaration [C:/Users/samil/Desktop/SLASIC_DEMO_REV_3/SLASIC_DEMO_REV_3.srcs/sources_1/imports/Masaüstü/SLASIC_V0/SLASIC_V0.srcs/sources_1/new/Execute_Stage.v:31]
WARNING: [VRFC 10-3380] identifier 'rd_addr_ex_reg' is used before its declaration [C:/Users/samil/Desktop/SLASIC_DEMO_REV_3/SLASIC_DEMO_REV_3.srcs/sources_1/imports/Masaüstü/SLASIC_V0/SLASIC_V0.srcs/sources_1/new/Execute_Stage.v:32]
WARNING: [VRFC 10-3380] identifier 'pc_plus_4_ex_reg' is used before its declaration [C:/Users/samil/Desktop/SLASIC_DEMO_REV_3/SLASIC_DEMO_REV_3.srcs/sources_1/imports/Masaüstü/SLASIC_V0/SLASIC_V0.srcs/sources_1/new/Execute_Stage.v:33]
WARNING: [VRFC 10-3380] identifier 'pc_target_ex_reg' is used before its declaration [C:/Users/samil/Desktop/SLASIC_DEMO_REV_3/SLASIC_DEMO_REV_3.srcs/sources_1/imports/Masaüstü/SLASIC_V0/SLASIC_V0.srcs/sources_1/new/Execute_Stage.v:34]
WARNING: [VRFC 10-3380] identifier 'immediate_extended_ex_reg' is used before its declaration [C:/Users/samil/Desktop/SLASIC_DEMO_REV_3/SLASIC_DEMO_REV_3.srcs/sources_1/imports/Masaüstü/SLASIC_V0/SLASIC_V0.srcs/sources_1/new/Execute_Stage.v:35]
WARNING: [VRFC 10-3380] identifier 'Reg_Write_ex_reg' is used before its declaration [C:/Users/samil/Desktop/SLASIC_DEMO_REV_3/SLASIC_DEMO_REV_3.srcs/sources_1/imports/Masaüstü/SLASIC_V0/SLASIC_V0.srcs/sources_1/new/Execute_Stage.v:37]
WARNING: [VRFC 10-3380] identifier 'ResultSrc_ex_reg' is used before its declaration [C:/Users/samil/Desktop/SLASIC_DEMO_REV_3/SLASIC_DEMO_REV_3.srcs/sources_1/imports/Masaüstü/SLASIC_V0/SLASIC_V0.srcs/sources_1/new/Execute_Stage.v:38]
WARNING: [VRFC 10-3380] identifier 'Mem_Write_ex_reg' is used before its declaration [C:/Users/samil/Desktop/SLASIC_DEMO_REV_3/SLASIC_DEMO_REV_3.srcs/sources_1/imports/Masaüstü/SLASIC_V0/SLASIC_V0.srcs/sources_1/new/Execute_Stage.v:39]
INFO: [VRFC 10-2263] Analyzing Verilog file "C:/Users/samil/Desktop/SLASIC_DEMO_REV_3/SLASIC_DEMO_REV_3.srcs/sources_1/imports/Masaüstü/SLASIC_V0/SLASIC_V0.srcs/sources_1/new/Extend.v" into library xil_defaultlib
INFO: [VRFC 10-311] analyzing module Extend_1
INFO: [VRFC 10-2263] Analyzing Verilog file "C:/Users/samil/Desktop/SLASIC_DEMO_REV_3/SLASIC_DEMO_REV_3.srcs/sources_1/imports/Masaüstü/SLASIC_V0/SLASIC_V0.srcs/sources_1/new/Fetch_Stage.v" into library xil_defaultlib
INFO: [VRFC 10-311] analyzing module Fetch_Stage_1
INFO: [VRFC 10-2263] Analyzing Verilog file "C:/Users/samil/Desktop/SLASIC_DEMO_REV_3/SLASIC_DEMO_REV_3.srcs/sources_1/imports/Masaüstü/SLASIC_V0/SLASIC_V0.srcs/sources_1/new/Function_Control.v" into library xil_defaultlib
INFO: [VRFC 10-311] analyzing module Function_Control
INFO: [VRFC 10-2263] Analyzing Verilog file "C:/Users/samil/Desktop/SLASIC_DEMO_REV_3/SLASIC_DEMO_REV_3.srcs/sources_1/imports/Masaüstü/SLASIC_V0/SLASIC_V0.srcs/sources_1/new/Hazard_Unit.v" into library xil_defaultlib
INFO: [VRFC 10-311] analyzing module Hazard_Unit_1
INFO: [VRFC 10-2263] Analyzing Verilog file "C:/Users/samil/Desktop/SLASIC_DEMO_REV_3/SLASIC_DEMO_REV_3.srcs/sources_1/imports/Masaüstü/SLASIC_V0/SLASIC_V0.srcs/sources_1/new/I2C_Slave.v" into library xil_defaultlib
INFO: [VRFC 10-311] analyzing module I2C_Slave
WARNING: [VRFC 10-3380] identifier 'data_will_send' is used before its declaration [C:/Users/samil/Desktop/SLASIC_DEMO_REV_3/SLASIC_DEMO_REV_3.srcs/sources_1/imports/Masaüstü/SLASIC_V0/SLASIC_V0.srcs/sources_1/new/I2C_Slave.v:19]
WARNING: [VRFC 10-3380] identifier 'temp_data' is used before its declaration [C:/Users/samil/Desktop/SLASIC_DEMO_REV_3/SLASIC_DEMO_REV_3.srcs/sources_1/imports/Masaüstü/SLASIC_V0/SLASIC_V0.srcs/sources_1/new/I2C_Slave.v:20]
WARNING: [VRFC 10-3380] identifier 'data_will_send' is used before its declaration [C:/Users/samil/Desktop/SLASIC_DEMO_REV_3/SLASIC_DEMO_REV_3.srcs/sources_1/imports/Masaüstü/SLASIC_V0/SLASIC_V0.srcs/sources_1/new/I2C_Slave.v:22]
WARNING: [VRFC 10-3380] identifier 'sda_enable_reg' is used before its declaration [C:/Users/samil/Desktop/SLASIC_DEMO_REV_3/SLASIC_DEMO_REV_3.srcs/sources_1/imports/Masaüstü/SLASIC_V0/SLASIC_V0.srcs/sources_1/new/I2C_Slave.v:23]
INFO: [VRFC 10-2263] Analyzing Verilog file "C:/Users/samil/Desktop/SLASIC_DEMO_REV_3/SLASIC_DEMO_REV_3.srcs/sources_1/imports/Masaüstü/mlp1/new/IEEE754_Multiplier.v" into library xil_defaultlib
INFO: [VRFC 10-311] analyzing module IEEE754_Multiplier
WARNING: [VRFC 10-3380] identifier 'ResultSign5' is used before its declaration [C:/Users/samil/Desktop/SLASIC_DEMO_REV_3/SLASIC_DEMO_REV_3.srcs/sources_1/imports/Masaüstü/mlp1/new/IEEE754_Multiplier.v:48]
INFO: [VRFC 10-2263] Analyzing Verilog file "C:/Users/samil/Desktop/SLASIC_DEMO_REV_3/SLASIC_DEMO_REV_3.srcs/sources_1/imports/Masaüstü/SLASIC_V0/SLASIC_V0.srcs/sources_1/new/Instruction_Decoder.v" into library xil_defaultlib
INFO: [VRFC 10-311] analyzing module Instruction_Decoder_1
INFO: [VRFC 10-2263] Analyzing Verilog file "C:/Users/samil/Desktop/SLASIC_DEMO_REV_3/SLASIC_DEMO_REV_3.srcs/sources_1/imports/Masaüstü/SLASIC_V0/SLASIC_V0.srcs/sources_1/new/Instructrion_Memory.v" into library xil_defaultlib
INFO: [VRFC 10-311] analyzing module Instruction_Memory_1
INFO: [VRFC 10-2263] Analyzing Verilog file "C:/Users/samil/Desktop/SLASIC_DEMO_REV_3/SLASIC_DEMO_REV_3.srcs/sources_1/imports/Masaüstü/SLASIC_V0/SLASIC_V0.srcs/sources_1/new/Logic_Unit.v" into library xil_defaultlib
INFO: [VRFC 10-311] analyzing module Logic_Unit
INFO: [VRFC 10-2263] Analyzing Verilog file "C:/Users/samil/Desktop/SLASIC_DEMO_REV_3/SLASIC_DEMO_REV_3.srcs/sources_1/imports/Masaüstü/mlp1/new/MLP.v" into library xil_defaultlib
INFO: [VRFC 10-311] analyzing module MLP
INFO: [VRFC 10-2263] Analyzing Verilog file "C:/Users/samil/Desktop/SLASIC_DEMO_REV_3/SLASIC_DEMO_REV_3.srcs/sources_1/imports/Masaüstü/mlp1/new/MLP_Control.v" into library xil_defaultlib
INFO: [VRFC 10-311] analyzing module MLP_Control
INFO: [VRFC 10-2263] Analyzing Verilog file "C:/Users/samil/Desktop/SLASIC_DEMO_REV_3/SLASIC_DEMO_REV_3.srcs/sources_1/imports/Masaüstü/mlp1/new/MLP_TOP.v" into library xil_defaultlib
INFO: [VRFC 10-311] analyzing module MLP_TOP
WARNING: [VRFC 10-3380] identifier 'mlp_data_wire' is used before its declaration [C:/Users/samil/Desktop/SLASIC_DEMO_REV_3/SLASIC_DEMO_REV_3.srcs/sources_1/imports/Masaüstü/mlp1/new/MLP_TOP.v:36]
WARNING: [VRFC 10-3380] identifier 'mlp_data_wire' is used before its declaration [C:/Users/samil/Desktop/SLASIC_DEMO_REV_3/SLASIC_DEMO_REV_3.srcs/sources_1/imports/Masaüstü/mlp1/new/MLP_TOP.v:37]
INFO: [VRFC 10-2263] Analyzing Verilog file "C:/Users/samil/Desktop/SLASIC_DEMO_REV_3/SLASIC_DEMO_REV_3.srcs/sources_1/imports/Masaüstü/SLASIC_V0/SLASIC_V0.srcs/sources_1/new/Memory_Access_Stage.v" into library xil_defaultlib
INFO: [VRFC 10-311] analyzing module Memory_Access_Stage_1
WARNING: [VRFC 10-3380] identifier 'alu_result_mem_reg' is used before its declaration [C:/Users/samil/Desktop/SLASIC_DEMO_REV_3/SLASIC_DEMO_REV_3.srcs/sources_1/imports/Masaüstü/SLASIC_V0/SLASIC_V0.srcs/sources_1/new/Memory_Access_Stage.v:28]
WARNING: [VRFC 10-3380] identifier 'rd_mem_reg' is used before its declaration [C:/Users/samil/Desktop/SLASIC_DEMO_REV_3/SLASIC_DEMO_REV_3.srcs/sources_1/imports/Masaüstü/SLASIC_V0/SLASIC_V0.srcs/sources_1/new/Memory_Access_Stage.v:29]
WARNING: [VRFC 10-3380] identifier 'rd_addr_mem_reg' is used before its declaration [C:/Users/samil/Desktop/SLASIC_DEMO_REV_3/SLASIC_DEMO_REV_3.srcs/sources_1/imports/Masaüstü/SLASIC_V0/SLASIC_V0.srcs/sources_1/new/Memory_Access_Stage.v:30]
WARNING: [VRFC 10-3380] identifier 'pc_plus_4_mem_reg' is used before its declaration [C:/Users/samil/Desktop/SLASIC_DEMO_REV_3/SLASIC_DEMO_REV_3.srcs/sources_1/imports/Masaüstü/SLASIC_V0/SLASIC_V0.srcs/sources_1/new/Memory_Access_Stage.v:31]
WARNING: [VRFC 10-3380] identifier 'pc_target_mem_reg' is used before its declaration [C:/Users/samil/Desktop/SLASIC_DEMO_REV_3/SLASIC_DEMO_REV_3.srcs/sources_1/imports/Masaüstü/SLASIC_V0/SLASIC_V0.srcs/sources_1/new/Memory_Access_Stage.v:32]
WARNING: [VRFC 10-3380] identifier 'immediate_extended_mem_reg' is used before its declaration [C:/Users/samil/Desktop/SLASIC_DEMO_REV_3/SLASIC_DEMO_REV_3.srcs/sources_1/imports/Masaüstü/SLASIC_V0/SLASIC_V0.srcs/sources_1/new/Memory_Access_Stage.v:33]
WARNING: [VRFC 10-3380] identifier 'Reg_Write_mem_reg' is used before its declaration [C:/Users/samil/Desktop/SLASIC_DEMO_REV_3/SLASIC_DEMO_REV_3.srcs/sources_1/imports/Masaüstü/SLASIC_V0/SLASIC_V0.srcs/sources_1/new/Memory_Access_Stage.v:35]
WARNING: [VRFC 10-3380] identifier 'ResultSrc_mem_reg' is used before its declaration [C:/Users/samil/Desktop/SLASIC_DEMO_REV_3/SLASIC_DEMO_REV_3.srcs/sources_1/imports/Masaüstü/SLASIC_V0/SLASIC_V0.srcs/sources_1/new/Memory_Access_Stage.v:36]
INFO: [VRFC 10-2263] Analyzing Verilog file "C:/Users/samil/Desktop/SLASIC_DEMO_REV_3/SLASIC_DEMO_REV_3.srcs/sources_1/imports/Masaüstü/mlp1/new/Mlp_Adder.v" into library xil_defaultlib
INFO: [VRFC 10-311] analyzing module Mlp_Adder
INFO: [VRFC 10-2263] Analyzing Verilog file "C:/Users/samil/Desktop/SLASIC_DEMO_REV_3/SLASIC_DEMO_REV_3.srcs/sources_1/imports/Masaüstü/SLASIC_V0/SLASIC_V0.srcs/sources_1/new/Mux_2.v" into library xil_defaultlib
INFO: [VRFC 10-311] analyzing module Mux_2
INFO: [VRFC 10-2263] Analyzing Verilog file "C:/Users/samil/Desktop/SLASIC_DEMO_REV_3/SLASIC_DEMO_REV_3.srcs/sources_1/imports/Masaüstü/mlp1/new/Neural_Network.v" into library xil_defaultlib
INFO: [VRFC 10-311] analyzing module Neural_Network
WARNING: [VRFC 10-2096] empty statement in sequential block [C:/Users/samil/Desktop/SLASIC_DEMO_REV_3/SLASIC_DEMO_REV_3.srcs/sources_1/imports/Masaüstü/mlp1/new/Neural_Network.v:137]
WARNING: [VRFC 10-3380] identifier 'First_Layer' is used before its declaration [C:/Users/samil/Desktop/SLASIC_DEMO_REV_3/SLASIC_DEMO_REV_3.srcs/sources_1/imports/Masaüstü/mlp1/new/Neural_Network.v:33]
INFO: [VRFC 10-2263] Analyzing Verilog file "C:/Users/samil/Desktop/SLASIC_DEMO_REV_3/SLASIC_DEMO_REV_3.srcs/sources_1/imports/Masaüstü/SLASIC_V0/SLASIC_V0.srcs/sources_1/new/PC_Counter.v" into library xil_defaultlib
INFO: [VRFC 10-311] analyzing module PC_Counter_1
INFO: [VRFC 10-2263] Analyzing Verilog file "C:/Users/samil/Desktop/SLASIC_DEMO_REV_3/SLASIC_DEMO_REV_3.srcs/sources_1/imports/Masaüstü/mlp1/new/Register_Bias.v" into library xil_defaultlib
INFO: [VRFC 10-311] analyzing module Register_Bias
INFO: [VRFC 10-2263] Analyzing Verilog file "C:/Users/samil/Desktop/SLASIC_DEMO_REV_3/SLASIC_DEMO_REV_3.srcs/sources_1/imports/Masaüstü/SLASIC_V0/SLASIC_V0.srcs/sources_1/new/Register_File.v" into library xil_defaultlib
INFO: [VRFC 10-311] analyzing module Register_File_1
INFO: [VRFC 10-2263] Analyzing Verilog file "C:/Users/samil/Desktop/SLASIC_DEMO_REV_3/SLASIC_DEMO_REV_3.srcs/sources_1/imports/Masaüstü/mlp1/new/Register_Neurons.v" into library xil_defaultlib
INFO: [VRFC 10-311] analyzing module Register_Neurons
INFO: [VRFC 10-2263] Analyzing Verilog file "C:/Users/samil/Desktop/SLASIC_DEMO_REV_3/SLASIC_DEMO_REV_3.srcs/sources_1/imports/Masaüstü/mlp1/new/Register_Weights.v" into library xil_defaultlib
INFO: [VRFC 10-311] analyzing module Register_Weights
INFO: [VRFC 10-2263] Analyzing Verilog file "C:/Users/samil/Desktop/SLASIC_DEMO_REV_3/SLASIC_DEMO_REV_3.srcs/sources_1/imports/Masaüstü/SLASIC_V0/SLASIC_V0.srcs/sources_1/new/Ripple_Carry_Adder.v" into library xil_defaultlib
INFO: [VRFC 10-311] analyzing module Ripple_Carry_Adder
INFO: [VRFC 10-311] analyzing module full_adder
INFO: [VRFC 10-2263] Analyzing Verilog file "C:/Users/samil/Desktop/SLASIC_DEMO_REV_3/SLASIC_DEMO_REV_3.srcs/sources_1/imports/Masaüstü/SLASIC_V0/SLASIC_V0.srcs/sources_1/new/Shifter_Unit.v" into library xil_defaultlib
INFO: [VRFC 10-311] analyzing module Shifter_Unit
INFO: [VRFC 10-311] analyzing module mux
INFO: [VRFC 10-2263] Analyzing Verilog file "C:/Users/samil/Desktop/SLASIC_DEMO_REV_3/SLASIC_DEMO_REV_3.srcs/sources_1/imports/Masaüstü/SLASIC_V0/SLASIC_V0.srcs/sources_1/new/Single_Cycle_RISCV32I.v" into library xil_defaultlib
INFO: [VRFC 10-311] analyzing module Single_Cycle_RISCV32I
WARNING: [VRFC 10-2938] 'number_first_layer_wire' is already implicitly declared on line 151 [C:/Users/samil/Desktop/SLASIC_DEMO_REV_3/SLASIC_DEMO_REV_3.srcs/sources_1/imports/Masaüstü/SLASIC_V0/SLASIC_V0.srcs/sources_1/new/Single_Cycle_RISCV32I.v:191]
WARNING: [VRFC 10-3380] identifier 'mlp_start' is used before its declaration [C:/Users/samil/Desktop/SLASIC_DEMO_REV_3/SLASIC_DEMO_REV_3.srcs/sources_1/imports/Masaüstü/SLASIC_V0/SLASIC_V0.srcs/sources_1/new/Single_Cycle_RISCV32I.v:20]
WARNING: [VRFC 10-3380] identifier 'mlp_valid' is used before its declaration [C:/Users/samil/Desktop/SLASIC_DEMO_REV_3/SLASIC_DEMO_REV_3.srcs/sources_1/imports/Masaüstü/SLASIC_V0/SLASIC_V0.srcs/sources_1/new/Single_Cycle_RISCV32I.v:21]
WARNING: [VRFC 10-3380] identifier 'state_out' is used before its declaration [C:/Users/samil/Desktop/SLASIC_DEMO_REV_3/SLASIC_DEMO_REV_3.srcs/sources_1/imports/Masaüstü/SLASIC_V0/SLASIC_V0.srcs/sources_1/new/Single_Cycle_RISCV32I.v:22]
WARNING: [VRFC 10-3380] identifier 'last_data_wire' is used before its declaration [C:/Users/samil/Desktop/SLASIC_DEMO_REV_3/SLASIC_DEMO_REV_3.srcs/sources_1/imports/Masaüstü/SLASIC_V0/SLASIC_V0.srcs/sources_1/new/Single_Cycle_RISCV32I.v:24]
INFO: [VRFC 10-2263] Analyzing Verilog file "C:/Users/samil/Desktop/SLASIC_DEMO_REV_3/SLASIC_DEMO_REV_3.srcs/sources_1/imports/Masaüstü/mlp1/new/adder.v" into library xil_defaultlib
INFO: [VRFC 10-311] analyzing module adder
INFO: [VRFC 10-311] analyzing module leading
INFO: [VRFC 10-311] analyzing module comparator
INFO: [VRFC 10-2263] Analyzing Verilog file "C:/Users/samil/Desktop/SLASIC_DEMO_REV_3/SLASIC_DEMO_REV_3.srcs/sources_1/imports/Masaüstü/SLASIC_V0/SLASIC_V0.srcs/sources_1/new/bootloader.v" into library xil_defaultlib
INFO: [VRFC 10-311] analyzing module bootloader
INFO: [VRFC 10-2263] Analyzing Verilog file "C:/Users/samil/Desktop/SLASIC_DEMO_REV_3/SLASIC_DEMO_REV_3.srcs/sources_1/imports/Masaüstü/mlp1/new/comparasor4_2.v" into library xil_defaultlib
INFO: [VRFC 10-311] analyzing module comparasor4_2
INFO: [VRFC 10-2263] Analyzing Verilog file "C:/Users/samil/Desktop/SLASIC_DEMO_REV_3/SLASIC_DEMO_REV_3.srcs/sources_1/imports/Masaüstü/mlp1/new/comparasor_64bit.v" into library xil_defaultlib
INFO: [VRFC 10-311] analyzing module comparasor_46bit
INFO: [VRFC 10-2263] Analyzing Verilog file "C:/Users/samil/Desktop/SLASIC_DEMO_REV_3/SLASIC_DEMO_REV_3.srcs/sources_1/imports/Masaüstü/SLASIC_V0/SLASIC_V0.srcs/sources_1/new/decision_making_controller.v" into library xil_defaultlib
INFO: [VRFC 10-311] analyzing module decision_making_controller
WARNING: [VRFC 10-3380] identifier 'i2c_started' is used before its declaration [C:/Users/samil/Desktop/SLASIC_DEMO_REV_3/SLASIC_DEMO_REV_3.srcs/sources_1/imports/Masaüstü/SLASIC_V0/SLASIC_V0.srcs/sources_1/new/decision_making_controller.v:33]
INFO: [VRFC 10-2263] Analyzing Verilog file "C:/Users/samil/Desktop/SLASIC_DEMO_REV_3/SLASIC_DEMO_REV_3.srcs/sources_1/imports/Masaüstü/mlp1/new/fulladder.v" into library xil_defaultlib
INFO: [VRFC 10-311] analyzing module fulladder
INFO: [VRFC 10-2263] Analyzing Verilog file "C:/Users/samil/Desktop/SLASIC_DEMO_REV_3/SLASIC_DEMO_REV_3.srcs/sources_1/imports/Masaüstü/mlp1/new/fulladder_64bit.v" into library xil_defaultlib
INFO: [VRFC 10-311] analyzing module fulladder_46bit
INFO: [VRFC 10-2263] Analyzing Verilog file "C:/Users/samil/Desktop/SLASIC_DEMO_REV_3/SLASIC_DEMO_REV_3.srcs/sources_1/imports/Masaüstü/SLASIC_V0/SLASIC_V0.srcs/sources_1/new/i2c_driver.v" into library xil_defaultlib
INFO: [VRFC 10-311] analyzing module i2c_driver
INFO: [VRFC 10-2263] Analyzing Verilog file "C:/Users/samil/Desktop/SLASIC_DEMO_REV_3/SLASIC_DEMO_REV_3.srcs/sources_1/imports/Masaüstü/SLASIC_V0/SLASIC_V0.srcs/sources_1/new/lcd_driver.v" into library xil_defaultlib
INFO: [VRFC 10-311] analyzing module lcd_driver
INFO: [VRFC 10-2263] Analyzing Verilog file "C:/Users/samil/Desktop/SLASIC_DEMO_REV_3/SLASIC_DEMO_REV_3.srcs/sources_1/imports/Masaüstü/mlp1/new/multiplier.v" into library xil_defaultlib
INFO: [VRFC 10-311] analyzing module multiplier
WARNING: [VRFC 10-2938] 'cary4' is already implicitly declared on line 148 [C:/Users/samil/Desktop/SLASIC_DEMO_REV_3/SLASIC_DEMO_REV_3.srcs/sources_1/imports/Masaüstü/mlp1/new/multiplier.v:154]
WARNING: [VRFC 10-3380] identifier 'start1' is used before its declaration [C:/Users/samil/Desktop/SLASIC_DEMO_REV_3/SLASIC_DEMO_REV_3.srcs/sources_1/imports/Masaüstü/mlp1/new/multiplier.v:34]
INFO: [VRFC 10-2263] Analyzing Verilog file "C:/Users/samil/Desktop/SLASIC_DEMO_REV_3/SLASIC_DEMO_REV_3.srcs/sources_1/imports/Masaüstü/SLASIC_V0/SLASIC_V0.srcs/sources_1/new/pc_imm_adder.v" into library xil_defaultlib
INFO: [VRFC 10-311] analyzing module pc_imm_adder_1
INFO: [VRFC 10-2263] Analyzing Verilog file "C:/Users/samil/Desktop/SLASIC_DEMO_REV_3/SLASIC_DEMO_REV_3.srcs/sources_1/imports/Masaüstü/SLASIC_V0/SLASIC_V0.srcs/sources_1/new/pc_plus_4.v" into library xil_defaultlib
INFO: [VRFC 10-311] analyzing module pc_plus_4_1
INFO: [VRFC 10-2263] Analyzing Verilog file "C:/Users/samil/Desktop/SLASIC_DEMO_REV_3/SLASIC_DEMO_REV_3.srcs/sim_1/new/Single_Cycle_RISCV32I_tb.v" into library xil_defaultlib
INFO: [VRFC 10-311] analyzing module Single_Cycle_RISCV32I_tb
