srcscan starts
INFO: analyzing module ALU_1 (VERI-9002)
C:/Users/ethem/SL-ASIC-NOSE/SLASIC_V5/SLASIC_DEMO_REV_3.srcs/sources_1/imports/Masaüstü/SLASIC_V0/SLASIC_V0.srcs/sources_1/new/ALU_top.v(19): WARNING: identifier 'busy_div_alu' is used before its declaration (VERI-1875)
C:/Users/ethem/SL-ASIC-NOSE/SLASIC_V5/SLASIC_DEMO_REV_3.srcs/sources_1/imports/Masaüstü/SLASIC_V0/SLASIC_V0.srcs/sources_1/new/ALU_top.v(19): WARNING: identifier 'busy_mul_alu' is used before its declaration (VERI-1875)
C:/Users/ethem/SL-ASIC-NOSE/SLASIC_V5/SLASIC_DEMO_REV_3.srcs/sources_1/imports/Masaüstü/SLASIC_V0/SLASIC_V0.srcs/sources_1/new/ALU_top.v(20): WARNING: identifier 'valid_div_alu' is used before its declaration (VERI-1875)
C:/Users/ethem/SL-ASIC-NOSE/SLASIC_V5/SLASIC_DEMO_REV_3.srcs/sources_1/imports/Masaüstü/SLASIC_V0/SLASIC_V0.srcs/sources_1/new/ALU_top.v(20): WARNING: identifier 'valid_mul_alu' is used before its declaration (VERI-1875)
C:/Users/ethem/SL-ASIC-NOSE/SLASIC_V5/SLASIC_DEMO_REV_3.srcs/sources_1/imports/Masaüstü/SLASIC_V0/SLASIC_V0.srcs/sources_1/new/ALU_top.v(72): WARNING: identifier 'busy_mul_alu' is used before its declaration (VERI-1875)
C:/Users/ethem/SL-ASIC-NOSE/SLASIC_V5/SLASIC_DEMO_REV_3.srcs/sources_1/imports/Masaüstü/SLASIC_V0/SLASIC_V0.srcs/sources_1/new/ALU_top.v(72): WARNING: identifier 'valid_mul_alu' is used before its declaration (VERI-1875)
C:/Users/ethem/SL-ASIC-NOSE/SLASIC_V5/SLASIC_DEMO_REV_3.srcs/sources_1/imports/Masaüstü/SLASIC_V0/SLASIC_V0.srcs/sources_1/new/ALU_top.v(87): WARNING: identifier 'busy_div_alu' is used before its declaration (VERI-1875)
C:/Users/ethem/SL-ASIC-NOSE/SLASIC_V5/SLASIC_DEMO_REV_3.srcs/sources_1/imports/Masaüstü/SLASIC_V0/SLASIC_V0.srcs/sources_1/new/ALU_top.v(87): WARNING: identifier 'valid_div_alu' is used before its declaration (VERI-1875)
INFO: analyzing module Booth_Radix2_Divider (VERI-9002)
INFO: analyzing module Booth_Radix4_Multiplier (VERI-9002)
INFO: analyzing module Comparison_Unit (VERI-9002)
INFO: analyzing module Control_Unit_1 (VERI-9002)
INFO: analyzing module Data_Memory_1 (VERI-9002)
INFO: analyzing module Decode_Stage_1 (VERI-9002)
INFO: analyzing module Divided_Clock (VERI-9002)
INFO: analyzing module Execute_Stage_1 (VERI-9002)
INFO: analyzing module Extend_1 (VERI-9002)
INFO: analyzing module Fetch_Stage_1 (VERI-9002)
INFO: analyzing module Function_Control (VERI-9002)
INFO: analyzing module Hazard_Unit_1 (VERI-9002)
C:/Users/ethem/SL-ASIC-NOSE/SLASIC_V5/SLASIC_DEMO_REV_3.srcs/sources_1/imports/Masaüstü/SLASIC_V0/SLASIC_V0.srcs/sources_1/new/Hazard_Unit.v(37): INFO: undeclared symbol 'Stall_ex', assumed default net type 'wire' (VERI-2561)
C:/Users/ethem/SL-ASIC-NOSE/SLASIC_V5/SLASIC_DEMO_REV_3.srcs/sources_1/imports/Masaüstü/SLASIC_V0/SLASIC_V0.srcs/sources_1/new/Hazard_Unit.v(38): INFO: undeclared symbol 'Stall_mem', assumed default net type 'wire' (VERI-2561)
INFO: analyzing module I2C_Slave (VERI-9002)
C:/Users/ethem/SL-ASIC-NOSE/SLASIC_V5/SLASIC_DEMO_REV_3.srcs/sources_1/imports/Masaüstü/SLASIC_V0/SLASIC_V0.srcs/sources_1/new/I2C_Slave.v(19): WARNING: identifier 'data_will_send' is used before its declaration (VERI-1875)
C:/Users/ethem/SL-ASIC-NOSE/SLASIC_V5/SLASIC_DEMO_REV_3.srcs/sources_1/imports/Masaüstü/SLASIC_V0/SLASIC_V0.srcs/sources_1/new/I2C_Slave.v(19): WARNING: identifier 'send_operation' is used before its declaration (VERI-1875)
C:/Users/ethem/SL-ASIC-NOSE/SLASIC_V5/SLASIC_DEMO_REV_3.srcs/sources_1/imports/Masaüstü/SLASIC_V0/SLASIC_V0.srcs/sources_1/new/I2C_Slave.v(20): WARNING: identifier 'temp_data' is used before its declaration (VERI-1875)
C:/Users/ethem/SL-ASIC-NOSE/SLASIC_V5/SLASIC_DEMO_REV_3.srcs/sources_1/imports/Masaüstü/SLASIC_V0/SLASIC_V0.srcs/sources_1/new/I2C_Slave.v(22): WARNING: identifier 'data_will_send' is used before its declaration (VERI-1875)
C:/Users/ethem/SL-ASIC-NOSE/SLASIC_V5/SLASIC_DEMO_REV_3.srcs/sources_1/imports/Masaüstü/SLASIC_V0/SLASIC_V0.srcs/sources_1/new/I2C_Slave.v(22): WARNING: identifier 'bit_count' is used before its declaration (VERI-1875)
C:/Users/ethem/SL-ASIC-NOSE/SLASIC_V5/SLASIC_DEMO_REV_3.srcs/sources_1/imports/Masaüstü/SLASIC_V0/SLASIC_V0.srcs/sources_1/new/I2C_Slave.v(22): WARNING: identifier 'data_will_send' is used before its declaration (VERI-1875)
C:/Users/ethem/SL-ASIC-NOSE/SLASIC_V5/SLASIC_DEMO_REV_3.srcs/sources_1/imports/Masaüstü/SLASIC_V0/SLASIC_V0.srcs/sources_1/new/I2C_Slave.v(22): WARNING: identifier 'bit_count' is used before its declaration (VERI-1875)
C:/Users/ethem/SL-ASIC-NOSE/SLASIC_V5/SLASIC_DEMO_REV_3.srcs/sources_1/imports/Masaüstü/SLASIC_V0/SLASIC_V0.srcs/sources_1/new/I2C_Slave.v(23): WARNING: identifier 'sda_enable_reg' is used before its declaration (VERI-1875)
C:/Users/ethem/SL-ASIC-NOSE/SLASIC_V5/SLASIC_DEMO_REV_3.srcs/sources_1/imports/Masaüstü/SLASIC_V0/SLASIC_V0.srcs/sources_1/new/I2C_Slave.v(72): WARNING: parameter 'IDLE' becomes localparam in 'I2C_Slave' with formal parameter declaration list (VERI-1199)
C:/Users/ethem/SL-ASIC-NOSE/SLASIC_V5/SLASIC_DEMO_REV_3.srcs/sources_1/imports/Masaüstü/SLASIC_V0/SLASIC_V0.srcs/sources_1/new/I2C_Slave.v(73): WARNING: parameter 'START' becomes localparam in 'I2C_Slave' with formal parameter declaration list (VERI-1199)
C:/Users/ethem/SL-ASIC-NOSE/SLASIC_V5/SLASIC_DEMO_REV_3.srcs/sources_1/imports/Masaüstü/SLASIC_V0/SLASIC_V0.srcs/sources_1/new/I2C_Slave.v(74): WARNING: parameter 'TLOW' becomes localparam in 'I2C_Slave' with formal parameter declaration list (VERI-1199)
C:/Users/ethem/SL-ASIC-NOSE/SLASIC_V5/SLASIC_DEMO_REV_3.srcs/sources_1/imports/Masaüstü/SLASIC_V0/SLASIC_V0.srcs/sources_1/new/I2C_Slave.v(75): WARNING: parameter 'THIGH' becomes localparam in 'I2C_Slave' with formal parameter declaration list (VERI-1199)
C:/Users/ethem/SL-ASIC-NOSE/SLASIC_V5/SLASIC_DEMO_REV_3.srcs/sources_1/imports/Masaüstü/SLASIC_V0/SLASIC_V0.srcs/sources_1/new/I2C_Slave.v(76): WARNING: parameter 'TSTO' becomes localparam in 'I2C_Slave' with formal parameter declaration list (VERI-1199)
INFO: analyzing module IEEE754_Multiplier (VERI-9002)
C:/Users/ethem/SL-ASIC-NOSE/SLASIC_V5/SLASIC_DEMO_REV_3.srcs/sources_1/imports/Masaüstü/mlp1/new/IEEE754_Multiplier.v(48): WARNING: identifier 'ResultSign5' is used before its declaration (VERI-1875)
INFO: analyzing module Instruction_Decoder_1 (VERI-9002)
INFO: analyzing module Instruction_Memory_1 (VERI-9002)
INFO: analyzing module Logic_Unit (VERI-9002)
INFO: analyzing module MLP (VERI-9002)
INFO: analyzing module MLP_Control (VERI-9002)
INFO: analyzing module MLP_TOP (VERI-9002)
INFO: analyzing module Memory_Access_Stage_1 (VERI-9002)
INFO: analyzing module Mlp_Adder (VERI-9002)
INFO: analyzing module Mux_2 (VERI-9002)
INFO: analyzing module Neural_Network (VERI-9002)
C:/Users/ethem/SL-ASIC-NOSE/SLASIC_V5/SLASIC_DEMO_REV_3.srcs/sources_1/imports/Masaüstü/mlp1/new/Neural_Network.v(144): WARNING: empty statement in sequential block (VERI-1988)
C:/Users/ethem/SL-ASIC-NOSE/SLASIC_V5/SLASIC_DEMO_REV_3.srcs/sources_1/imports/Masaüstü/mlp1/new/Neural_Network.v(38): WARNING: identifier 'First_Layer' is used before its declaration (VERI-1875)
INFO: analyzing module PC_Counter_1 (VERI-9002)
INFO: analyzing module Register_Bias (VERI-9002)
INFO: analyzing module Register_File_1 (VERI-9002)
INFO: analyzing module Register_Neurons (VERI-9002)
INFO: analyzing module Register_Weights (VERI-9002)
INFO: analyzing module Ripple_Carry_Adder (VERI-9002)
INFO: analyzing module full_adder (VERI-9002)
INFO: analyzing module Seven_Segment_Display_Final_Manual (VERI-9002)
INFO: analyzing module Shifter_Unit (VERI-9002)
INFO: analyzing module mux (VERI-9002)
INFO: analyzing module Single_Cycle_RISCV32I (VERI-9002)
C:/Users/ethem/SL-ASIC-NOSE/SLASIC_V5/SLASIC_DEMO_REV_3.srcs/sources_1/imports/Masaüstü/SLASIC_V0/SLASIC_V0.srcs/sources_1/new/Single_Cycle_RISCV32I.v(32): INFO: undeclared symbol 'lcd_start', assumed default net type 'wire' (VERI-2561)
C:/Users/ethem/SL-ASIC-NOSE/SLASIC_V5/SLASIC_DEMO_REV_3.srcs/sources_1/imports/Masaüstü/SLASIC_V0/SLASIC_V0.srcs/sources_1/new/Single_Cycle_RISCV32I.v(55): INFO: undeclared symbol 'rst', assumed default net type 'wire' (VERI-2561)
C:/Users/ethem/SL-ASIC-NOSE/SLASIC_V5/SLASIC_DEMO_REV_3.srcs/sources_1/imports/Masaüstü/SLASIC_V0/SLASIC_V0.srcs/sources_1/new/Single_Cycle_RISCV32I.v(111): WARNING: 'lcd_start' is already implicitly declared on line 32 (VERI-1362)
INFO: analyzing module Single_Cycle_RISCV32I_tb (VERI-9002)
INFO: analyzing module adder (VERI-9002)
INFO: analyzing module leading (VERI-9002)
INFO: analyzing module comparator (VERI-9002)
INFO: analyzing module bootloader (VERI-9002)
INFO: analyzing module comparasor4_2 (VERI-9002)
INFO: analyzing module comparasor_46bit (VERI-9002)
INFO: analyzing module decision_making_controller (VERI-9002)
INFO: analyzing module fulladder (VERI-9002)
INFO: analyzing module fulladder_46bit (VERI-9002)
INFO: analyzing module i2c_driver (VERI-9002)
C:/Users/ethem/SL-ASIC-NOSE/SLASIC_V5/SLASIC_DEMO_REV_3.srcs/sources_1/new/i2c_driver.v(54): WARNING: parameter 'IDLE' becomes localparam in 'i2c_driver' with formal parameter declaration list (VERI-1199)
C:/Users/ethem/SL-ASIC-NOSE/SLASIC_V5/SLASIC_DEMO_REV_3.srcs/sources_1/new/i2c_driver.v(55): WARNING: parameter 'START' becomes localparam in 'i2c_driver' with formal parameter declaration list (VERI-1199)
C:/Users/ethem/SL-ASIC-NOSE/SLASIC_V5/SLASIC_DEMO_REV_3.srcs/sources_1/new/i2c_driver.v(56): WARNING: parameter 'TLOW' becomes localparam in 'i2c_driver' with formal parameter declaration list (VERI-1199)
C:/Users/ethem/SL-ASIC-NOSE/SLASIC_V5/SLASIC_DEMO_REV_3.srcs/sources_1/new/i2c_driver.v(57): WARNING: parameter 'TSU' becomes localparam in 'i2c_driver' with formal parameter declaration list (VERI-1199)
C:/Users/ethem/SL-ASIC-NOSE/SLASIC_V5/SLASIC_DEMO_REV_3.srcs/sources_1/new/i2c_driver.v(58): WARNING: parameter 'THIGH' becomes localparam in 'i2c_driver' with formal parameter declaration list (VERI-1199)
C:/Users/ethem/SL-ASIC-NOSE/SLASIC_V5/SLASIC_DEMO_REV_3.srcs/sources_1/new/i2c_driver.v(59): WARNING: parameter 'THD' becomes localparam in 'i2c_driver' with formal parameter declaration list (VERI-1199)
C:/Users/ethem/SL-ASIC-NOSE/SLASIC_V5/SLASIC_DEMO_REV_3.srcs/sources_1/new/i2c_driver.v(60): WARNING: parameter 'TSTO' becomes localparam in 'i2c_driver' with formal parameter declaration list (VERI-1199)
INFO: analyzing module lcd_driver (VERI-9002)
INFO: analyzing module multiplier (VERI-9002)
C:/Users/ethem/SL-ASIC-NOSE/SLASIC_V5/SLASIC_DEMO_REV_3.srcs/sources_1/imports/Masaüstü/mlp1/new/multiplier.v(148): INFO: undeclared symbol 'cary4', assumed default net type 'wire' (VERI-2561)
C:/Users/ethem/SL-ASIC-NOSE/SLASIC_V5/SLASIC_DEMO_REV_3.srcs/sources_1/imports/Masaüstü/mlp1/new/multiplier.v(154): WARNING: 'cary4' is already implicitly declared on line 148 (VERI-1362)
C:/Users/ethem/SL-ASIC-NOSE/SLASIC_V5/SLASIC_DEMO_REV_3.srcs/sources_1/imports/Masaüstü/mlp1/new/multiplier.v(34): WARNING: identifier 'start1' is used before its declaration (VERI-1875)
INFO: analyzing module pc_imm_adder_1 (VERI-9002)
INFO: analyzing module pc_plus_4_1 (VERI-9002)
Listing tops:
VeriTop library:xil_defaultlib mod:Single_Cycle_RISCV32I_tb
END of tops
C:/Users/ethem/SL-ASIC-NOSE/SLASIC_V5/SLASIC_DEMO_REV_3.srcs/sim_1/new/Single_Cycle_RISCV32I_tb.v(2): INFO: compiling module 'Single_Cycle_RISCV32I_tb_default' (VERI-1018)
C:/Users/ethem/SL-ASIC-NOSE/SLASIC_V5/SLASIC_DEMO_REV_3.srcs/sim_1/new/Single_Cycle_RISCV32I_tb.v(16): WARNING: port 'select_seven' is not connected on this instance (VERI-2435)
srcscan exits with return value 0
