#
# A fatal error has been detected by the Java Runtime Environment:
#
#  EXCEPTION_ACCESS_VIOLATION (0xc0000005) at pc=0x00007ffd69f57a1c, pid=2952, tid=6416
#
# JRE version: OpenJDK Runtime Environment Temurin-17.0.7+7 (17.0.7+7) (build 17.0.7+7)
# Java VM: OpenJDK 64-Bit Server VM Temurin-17.0.7+7 (17.0.7+7, mixed mode, sharing, tiered, compressed oops, compressed class ptrs, g1 gc, windows-amd64)
# Problematic frame:
# C  [xerces-c_3_2.dll+0x7a1c]
#
# No core dump will be written. Minidumps are not enabled by default on client versions of Windows
#
# If you would like to submit a bug report, please visit:
#   https://github.com/adoptium/adoptium-support/issues
# The crash happened outside the Java Virtual Machine in native code.
# See problematic frame for where to report the bug.
#

---------------  S U M M A R Y ------------

Command Line: -Dsun.java2d.pmoffscreen=false -Dhttps.protocols=TLSv1,TLSv1.1,TLSv1.2 -Dsun.java2d.xrender=false -Dsun.java2d.d3d=false -Dsun.awt.nopixfmt=true -Dsun.java2d.dpiaware=true -Dsun.java2d.uiScale.enabled=false -Dswing.aatext=true -XX:-UsePerfData -Djdk.map.althashing.threshold=512 -XX:StringTableSize=4072 -XX:+UseStringDeduplication -XX:MaxGCPauseMillis=200 -XX:+ParallelRefProcEnabled --add-opens=java.desktop/javax.swing.plaf.synth=ALL-UNNAMED --add-opens=java.base/java.nio=ALL-UNNAMED --add-opens=java.desktop/sun.swing=ALL-UNNAMED --add-opens=java.desktop/javax.swing=ALL-UNNAMED --add-opens=java.desktop/javax.swing.tree=ALL-UNNAMED --add-opens=java.desktop/javax.swing.plaf.basic=ALL-UNNAMED --add-opens=java.desktop/javax.swing.plaf.synth=ALL-UNNAMED --add-opens=java.desktop/javax.swing.plaf.basic=ALL-UNNAMED --add-opens=java.desktop/javax.swing=ALL-UNNAMED --add-opens=java.desktop/javax.swing.tree=ALL-UNNAMED --add-opens=java.desktop/java.awt.event=ALL-UNNAMED --add-exports=java.desktop/javax.swing.plaf.synth=ALL-UNNAMED --add-exports=java.base/java.nio=ALL-UNNAMED --add-exports=java.desktop/sun.swing=ALL-UNNAMED --add-exports=java.desktop/javax.swing=ALL-UNNAMED --add-exports=java.desktop/javax.swing.tree=ALL-UNNAMED --add-exports=java.desktop/javax.swing.plaf.basic=ALL-UNNAMED --add-exports=java.desktop/sun.swing=ALL-UNNAMED --add-exports=java.desktop/sun.swing.table=ALL-UNNAMED --add-exports=java.desktop/sun.swing.plaf.synth=ALL-UNNAMED --add-exports=java.desktop/sun.awt.shell=ALL-UNNAMED --add-exports=java.base/sun.security.action=ALL-UNNAMED --add-exports=java.desktop/sun.font=ALL-UNNAMED -XX:NewSize=80m -XX:MaxNewSize=80m -Xms512m -Xmx4072m -Xss10m 

Host: Intel(R) Core(TM) i7-7700HQ CPU @ 2.80GHz, 8 cores, 15G,  Windows 10 , 64 bit Build 19041 (10.0.19041.3636)
Time: Tue May 14 13:09:12 2024 Turkey Standard Time elapsed time: 39.882596 seconds (0d 0h 0m 39s)

---------------  T H R E A D  ---------------

Current thread (0x000001a7e8d08e20):  JavaThread "NewProject Thread" [_thread_in_native, id=6416, stack(0x0000004b5a400000,0x0000004b5ae00000)]

Stack: [0x0000004b5a400000,0x0000004b5ae00000],  sp=0x0000004b5adfe4d0,  free space=10233k
Native frames: (J=compiled Java code, j=interpreted, Vv=VM code, C=native code)
C  [xerces-c_3_2.dll+0x7a1c]
C  [xerces-c_3_2.dll+0x49d5f]
C  [librdi_common.dll+0xa3151c]
C  [librdi_common.dll+0xa2fe0d]
C  [librdi_board.dll+0x4ae80]
C  [librdi_board.dll+0x42218]
C  [librdi_board.dll+0x493f5]
C  [librdi_boarddep.dll+0x5667]
C  0x00007ffd3829183f
C  0x000001a7cee0d621

Java frames: (J=compiled Java code, j=interpreted, Vv=VM code)
j  ui.project.projecti.ProjUtils_createBoardPartIter(J)J+0
j  ui.data.b.S(Lui/project/n;)Ljava/util/List;+22
j  ui.views.c.v.g.DV()V+20
j  ui.views.i.aPP()Ljava/lang/Object;+4
j  ui.frmwork.A.run()V+23
j  java.lang.Thread.run()V+11 java.base@17.0.7
v  ~StubRoutines::call_stub

siginfo: EXCEPTION_ACCESS_VIOLATION (0xc0000005), reading address 0x0000000000000000


Register to memory mapping:

RIP=0x00007ffd69f57a1c xerces-c_3_2.dll
RAX=0x0000004b5adfe578 is pointing into the stack for thread: 0x000001a7e8d08e20
RBX=0x0000004b5adfe588 is pointing into the stack for thread: 0x000001a7e8d08e20
RCX=0x0000004b5adfe588 is pointing into the stack for thread: 0x000001a7e8d08e20
RDX=0x0 is NULL
RSP=0x0000004b5adfe4d0 is pointing into the stack for thread: 0x000001a7e8d08e20
RBP=0x0000004b5adfed00 is pointing into the stack for thread: 0x000001a7e8d08e20
RSI=0x0000004b5adfee10 is pointing into the stack for thread: 0x000001a7e8d08e20
RDI=0x0000004b5adfee00 is pointing into the stack for thread: 0x000001a7e8d08e20
R8 =0x0 is NULL
R9 =0x0 is NULL
R10=0x0000000000008000 is an unknown value
R11=0x0000004b5adfe3e0 is pointing into the stack for thread: 0x000001a7e8d08e20
R12=0x000000000000000f is an unknown value
R13=0x7fffffffffffffff is an unknown value
R14=0xffffffffffffffff is an unknown value
R15=0x0 is NULL


Registers:
RAX=0x0000004b5adfe578, RBX=0x0000004b5adfe588, RCX=0x0000004b5adfe588, RDX=0x0000000000000000
RSP=0x0000004b5adfe4d0, RBP=0x0000004b5adfed00, RSI=0x0000004b5adfee10, RDI=0x0000004b5adfee00
R8 =0x0000000000000000, R9 =0x0000000000000000, R10=0x0000000000008000, R11=0x0000004b5adfe3e0
R12=0x000000000000000f, R13=0x7fffffffffffffff, R14=0xffffffffffffffff, R15=0x0000000000000000
RIP=0x00007ffd69f57a1c, EFLAGS=0x0000000000010202

Top of Stack: (sp=0x0000004b5adfe4d0)
0x0000004b5adfe4d0:   0000000000000000 0000000000000000
0x0000004b5adfe4e0:   000001a7eeb453f0 0000000000000044
0x0000004b5adfe4f0:   0000000000000002 00007ffd69f99d5f
0x0000004b5adfe500:   0000004b5adfee00 00007ffd54903ae4
0x0000004b5adfe510:   00000000ffffffff 000001a7b5ba0000
0x0000004b5adfe520:   0000000000000000 0000000000000000
0x0000004b5adfe530:   fffffffffffffffe 0000000000000001
0x0000004b5adfe540:   00000bf700000003 0000000066433848
0x0000004b5adfe550:   fffffffffffffffe 0000000065fb1887
0x0000004b5adfe560:   0000580f1538d497 0000004b5adfee10
0x0000004b5adfe570:   0000004b5adfee00 00007ffd54a3151c
0x0000004b5adfe580:   0000000000000002 0000000000000000
0x0000004b5adfe590:   0000000000000000 0000004b5adfee10
0x0000004b5adfe5a0:   000001a7b5b002ac 0000000000000000
0x0000004b5adfe5b0:   0000000000000030 000001a7eb8bc330
0x0000004b5adfe5c0:   0000004b5adfee10 0000000000000000 

Instructions: (pc=0x00007ffd69f57a1c)
0x00007ffd69f5791c:   18 48 8b 4b 18 4c 8d 04 7d 02 00 00 00 48 8b d6
0x00007ffd69f5792c:   48 8b 5c 24 30 48 8b 74 24 38 48 83 c4 20 5f e9
0x00007ffd69f5793c:   12 71 12 00 48 85 d2 75 08 45 33 c0 e9 23 00 00
0x00007ffd69f5794c:   00 4c 8b c2 41 0f b7 00 49 83 c0 02 66 85 c0 75
0x00007ffd69f5795c:   f3 4c 2b c2 49 d1 f8 49 ff c8 e9 05 00 00 00 cc
0x00007ffd69f5796c:   cc cc cc cc 48 89 5c 24 08 48 89 74 24 10 57 48
0x00007ffd69f5797c:   83 ec 20 49 8b f8 48 8b f2 48 8b d9 4c 3b 41 10
0x00007ffd69f5798c:   72 2f 48 8b 49 28 48 8b 53 20 48 8b 01 ff 50 18
0x00007ffd69f5799c:   48 8b 4b 28 48 8d 57 01 48 89 53 10 48 03 d2 48
0x00007ffd69f579ac:   c7 43 20 00 00 00 00 48 8b 01 ff 50 10 48 89 43
0x00007ffd69f579bc:   20 48 8b 4b 20 4c 8d 04 7d 02 00 00 00 48 8b d6
0x00007ffd69f579cc:   48 8b 5c 24 30 48 8b 74 24 38 48 83 c4 20 5f e9
0x00007ffd69f579dc:   72 70 12 00 40 53 48 83 ec 20 48 8b d9 48 c7 01
0x00007ffd69f579ec:   00 00 00 00 48 89 51 08 48 8b ca e8 64 13 00 00
0x00007ffd69f579fc:   48 89 03 48 8b c3 48 83 c4 20 5b c3 cc cc cc cc
0x00007ffd69f57a0c:   cc cc cc cc 40 53 48 83 ec 20 48 8b d9 48 89 11
0x00007ffd69f57a1c:   48 8b 0a e8 ac 12 00 00 48 8b c3 48 83 c4 20 5b
0x00007ffd69f57a2c:   c3 cc cc cc 40 53 48 83 ec 30 48 c7 44 24 20 fe
0x00007ffd69f57a3c:   ff ff ff 48 8b d9 48 8b 09 48 85 c9 74 11 48 8b
0x00007ffd69f57a4c:   53 08 e8 7d 0d 00 00 90 48 c7 03 00 00 00 00 48
0x00007ffd69f57a5c:   83 c4 30 5b c3 cc cc cc cc cc cc cc cc cc cc cc
0x00007ffd69f57a6c:   cc cc cc cc 48 83 ec 38 48 c7 44 24 20 fe ff ff
0x00007ffd69f57a7c:   ff 48 8b 09 48 8b 09 e8 48 1b 00 00 90 48 83 c4
0x00007ffd69f57a8c:   38 c3 cc cc 40 53 48 83 ec 20 48 8b d9 48 8b 0d
0x00007ffd69f57a9c:   c0 22 2a 00 48 c7 03 00 00 00 00 48 89 4b 08 e8
0x00007ffd69f57aac:   b0 12 00 00 48 89 03 48 83 c4 20 5b c3 cc cc cc
0x00007ffd69f57abc:   cc cc cc cc 48 8b 09 e9 08 12 00 00 cc cc cc cc
0x00007ffd69f57acc:   cc cc cc cc 48 8b 09 e9 f8 1a 00 00 cc cc cc cc
0x00007ffd69f57adc:   cc cc cc cc 83 f9 08 77 56 48 63 c1 48 8d 15 11
0x00007ffd69f57aec:   85 ff ff 8b 8c 82 44 7b 00 00 48 03 ca ff e1 48
0x00007ffd69f57afc:   8d 05 46 6d 14 00 c3 48 8d 05 66 6d 14 00 c3 48
0x00007ffd69f57b0c:   8d 05 8e 6d 14 00 c3 48 8d 05 a6 6d 14 00 c3 48 


Stack slot to memory mapping:
stack at sp + 0 slots: 0x0 is NULL
stack at sp + 1 slots: 0x0 is NULL
stack at sp + 2 slots: 0x000001a7eeb453f0 points into unknown readable memory: 0x0078002f003a0044 | 44 00 3a 00 2f 00 78 00
stack at sp + 3 slots: 0x0000000000000044 is an unknown value
stack at sp + 4 slots: 0x0000000000000002 is an unknown value
stack at sp + 5 slots: 0x00007ffd69f99d5f xerces-c_3_2.dll
stack at sp + 6 slots: 0x0000004b5adfee00 is pointing into the stack for thread: 0x000001a7e8d08e20
stack at sp + 7 slots: 0x00007ffd54903ae4 librdi_common.dll


---------------  P R O C E S S  ---------------

Threads class SMR info:
_java_thread_list=0x000001a7eb7fb0a0, length=30, elements={
0x000001a7b792b550, 0x000001a7bfccb440, 0x000001a7bfcd5580, 0x000001a7bfce4bf0,
0x000001a7bfce8500, 0x000001a7bfce60d0, 0x000001a7bfce6da0, 0x000001a7bfcee920,
0x000001a7bfcf1a40, 0x000001a7bfcf3f60, 0x000001a7e71d1450, 0x000001a7e71d22c0,
0x000001a7e71d3ad0, 0x000001a7e71d0f80, 0x000001a7e71d0ab0, 0x000001a7e71d0110,
0x000001a7e71d05e0, 0x000001a7e71d2790, 0x000001a7e71d2c60, 0x000001a7e71d1df0,
0x000001a7e71d3130, 0x000001a7e8d0c7e0, 0x000001a7e8d08e20, 0x000001a7e8d0d180,
0x000001a7e8d0e990, 0x000001a7e8d0ee60, 0x000001a7e8d07ae0, 0x000001a7e8d08480,
0x000001a7e8d0be40, 0x000001a7e8d092f0
}

Java Threads: ( => current thread )
  0x000001a7b792b550 JavaThread "main" [_thread_blocked, id=10208, stack(0x0000004b50500000,0x0000004b50600000)]
  0x000001a7bfccb440 JavaThread "Reference Handler" daemon [_thread_blocked, id=8968, stack(0x0000004b50e00000,0x0000004b51800000)]
  0x000001a7bfcd5580 JavaThread "Finalizer" daemon [_thread_blocked, id=8196, stack(0x0000004b51800000,0x0000004b52200000)]
  0x000001a7bfce4bf0 JavaThread "Signal Dispatcher" daemon [_thread_blocked, id=7532, stack(0x0000004b52200000,0x0000004b52c00000)]
  0x000001a7bfce8500 JavaThread "Attach Listener" daemon [_thread_blocked, id=14516, stack(0x0000004b52c00000,0x0000004b53600000)]
  0x000001a7bfce60d0 JavaThread "Service Thread" daemon [_thread_blocked, id=1656, stack(0x0000004b53600000,0x0000004b54000000)]
  0x000001a7bfce6da0 JavaThread "Monitor Deflation Thread" daemon [_thread_blocked, id=10740, stack(0x0000004b54000000,0x0000004b54a00000)]
  0x000001a7bfcee920 JavaThread "C2 CompilerThread0" daemon [_thread_blocked, id=6776, stack(0x0000004b54a00000,0x0000004b54b00000)]
  0x000001a7bfcf1a40 JavaThread "C1 CompilerThread0" daemon [_thread_blocked, id=10440, stack(0x0000004b54b00000,0x0000004b54c00000)]
  0x000001a7bfcf3f60 JavaThread "Sweeper thread" daemon [_thread_blocked, id=2504, stack(0x0000004b54c00000,0x0000004b55600000)]
  0x000001a7e71d1450 JavaThread "Common-Cleaner" daemon [_thread_blocked, id=1636, stack(0x0000004b55600000,0x0000004b56000000)]
  0x000001a7e71d22c0 JavaThread "Notification Thread" daemon [_thread_blocked, id=8044, stack(0x0000004b56000000,0x0000004b56a00000)]
  0x000001a7e71d3ad0 JavaThread "Java2D Disposer" daemon [_thread_blocked, id=9040, stack(0x0000004b56b00000,0x0000004b57500000)]
  0x000001a7e71d0f80 JavaThread "AWT-Windows" daemon [_thread_in_native, id=15144, stack(0x0000004b57f00000,0x0000004b58900000)]
  0x000001a7e71d0ab0 JavaThread "TimerQueue" daemon [_thread_blocked, id=8932, stack(0x0000004b57500000,0x0000004b57f00000)]
  0x000001a7e71d0110 JavaThread "AWT-Shutdown" [_thread_blocked, id=1000, stack(0x0000004b58900000,0x0000004b59300000)]
  0x000001a7e71d05e0 JavaThread "AWT-EventQueue-0" [_thread_blocked, id=3412, stack(0x0000004b59300000,0x0000004b59d00000)]
  0x000001a7e71d2790 JavaThread "Thread-1" [_thread_in_native, id=6612, stack(0x0000004b4e900000,0x0000004b4fd00000)]
  0x000001a7e71d2c60 JavaThread "Process Messages Thread" [_thread_blocked, id=15236, stack(0x0000004b5ae00000,0x0000004b5b800000)]
  0x000001a7e71d1df0 JavaThread "Batik CleanerThread" daemon [_thread_blocked, id=5832, stack(0x0000004b5b900000,0x0000004b5c300000)]
  0x000001a7e71d3130 JavaThread "Image Fetcher 3" daemon [_thread_blocked, id=10624, stack(0x0000004b5c500000,0x0000004b5cf00000)]
  0x000001a7e8d0c7e0 JavaThread "SyntheticaCleanerThread" daemon [_thread_blocked, id=12912, stack(0x0000004b5cf00000,0x0000004b5d900000)]
=>0x000001a7e8d08e20 JavaThread "NewProject Thread" [_thread_in_native, id=6416, stack(0x0000004b5a400000,0x0000004b5ae00000)]
  0x000001a7e8d0d180 JavaThread "Timer-0" [_thread_blocked, id=8688, stack(0x0000004b5d900000,0x0000004b5e300000)]
  0x000001a7e8d0e990 JavaThread "Monitor File Timestamp Swing Worker Thread" [_thread_blocked, id=13284, stack(0x0000004b5e300000,0x0000004b5ed00000)]
  0x000001a7e8d0ee60 JavaThread "Monitor HEventQueue Thread" [_thread_blocked, id=2088, stack(0x0000004b5ee00000,0x0000004b5f800000)]
  0x000001a7e8d07ae0 JavaThread "SyntheticaAnimation 50" daemon [_thread_blocked, id=8368, stack(0x0000004b5f800000,0x0000004b60200000)]
  0x000001a7e8d08480 JavaThread "SyntheticaAnimation 25" daemon [_thread_blocked, id=5820, stack(0x0000004b60200000,0x0000004b60c00000)]
  0x000001a7e8d0be40 JavaThread "Open Project Thread" [_thread_in_native, id=3196, stack(0x0000004b60c00000,0x0000004b61600000)]
  0x000001a7e8d092f0 JavaThread "SyntheticaAnimation 70" daemon [_thread_blocked, id=11008, stack(0x0000004b61600000,0x0000004b62000000)]

Other Threads:
  0x000001a7bc846da0 VMThread "VM Thread" [stack: 0x0000004b50d00000,0x0000004b50e00000] [id=12228]
  0x000001a7b79160b0 WatcherThread [stack: 0x0000004b56a00000,0x0000004b56b00000] [id=11900]
  0x000001a7be5cffe0 GCTaskThread "GC Thread#0" [stack: 0x0000004b50700000,0x0000004b50800000] [id=1200]
  0x000001a7be5d2580 GCTaskThread "GC Thread#1" [stack: 0x0000004b4e800000,0x0000004b4e900000] [id=5848]
  0x000001a7be5cd230 GCTaskThread "GC Thread#2" [stack: 0x0000004b59d00000,0x0000004b59e00000] [id=10244]
  0x000001a7be5cca20 GCTaskThread "GC Thread#3" [stack: 0x0000004b59e00000,0x0000004b59f00000] [id=14444]
  0x000001a7be5cf520 GCTaskThread "GC Thread#4" [stack: 0x0000004b59f00000,0x0000004b5a000000] [id=6444]
  0x000001a7be5d2830 GCTaskThread "GC Thread#5" [stack: 0x0000004b5a000000,0x0000004b5a100000] [id=14228]
  0x000001a7be5cda40 GCTaskThread "GC Thread#6" [stack: 0x0000004b5a100000,0x0000004b5a200000] [id=5828]
  0x000001a7be5d1000 GCTaskThread "GC Thread#7" [stack: 0x0000004b5a200000,0x0000004b5a300000] [id=13448]
  0x000001a7b792ba20 ConcurrentGCThread "G1 Main Marker" [stack: 0x0000004b50800000,0x0000004b50900000] [id=6048]
  0x000001a7be5d0aa0 ConcurrentGCThread "G1 Conc#0" [stack: 0x0000004b50900000,0x0000004b50a00000] [id=3492]
  0x000001a7be5ccf80 ConcurrentGCThread "G1 Conc#1" [stack: 0x0000004b5b800000,0x0000004b5b900000] [id=7680]
  0x000001a7b790ed50 ConcurrentGCThread "G1 Refine#0" [stack: 0x0000004b50a00000,0x0000004b50b00000] [id=14824]
  0x000001a7b790f310 ConcurrentGCThread "G1 Refine#1" [stack: 0x0000004b5a300000,0x0000004b5a400000] [id=5708]
  0x000001a7be6a7920 ConcurrentGCThread "G1 Service" [stack: 0x0000004b50b00000,0x0000004b50c00000] [id=7540]
  0x000001a7be5ce7b0 ConcurrentGCThread "StringDedupProcessor" [stack: 0x0000004b50c00000,0x0000004b50d00000] [id=10840]

Threads with active compile tasks:

VM state: not at safepoint (normal execution)

VM Mutex/Monitor currently owned by a thread: None

Heap address: 0x0000000701800000, size: 4072 MB, Compressed Oops mode: Zero based, Oop shift amount: 3

CDS archive(s) mapped at: [0x0000000800000000-0x0000000800bc0000-0x0000000800bc0000), size 12320768, SharedBaseAddress: 0x0000000800000000, ArchiveRelocationMode: 0.
Compressed class space mapped at: 0x0000000801000000-0x0000000841000000, reserved size: 1073741824
Narrow klass base: 0x0000000800000000, Narrow klass shift: 0, Narrow klass range: 0x100000000

GC Precious Log:
 CPUs: 8 total, 8 available
 Memory: 16025M
 Large Page Support: Disabled
 NUMA Support: Disabled
 Compressed Oops: Enabled (Zero based)
 Heap Region Size: 2M
 Heap Min Capacity: 512M
 Heap Initial Capacity: 512M
 Heap Max Capacity: 4072M
 Pre-touch: Disabled
 Parallel Workers: 8
 Concurrent Workers: 2
 Concurrent Refinement Workers: 8
 Periodic GC: Disabled
 String Deduplication is enabled

Heap:
 garbage-first heap   total 524288K, used 88801K [0x0000000701800000, 0x0000000800000000)
  region size 2048K, 10 young (20480K), 5 survivors (10240K)
 Metaspace       used 55165K, committed 55488K, reserved 1114112K
  class space    used 7429K, committed 7616K, reserved 1048576K

Heap Regions: E=young(eden), S=young(survivor), O=old, HS=humongous(starts), HC=humongous(continues), CS=collection set, F=free, OA=open archive, CA=closed archive, TAMS=top-at-mark-start (previous, next)
|   0|0x0000000701800000, 0x0000000701a00000, 0x0000000701a00000|100%|HS|  |TAMS 0x0000000701a00000, 0x0000000701800000| Complete 
|   1|0x0000000701a00000, 0x0000000701c00000, 0x0000000701c00000|100%| O|  |TAMS 0x0000000701c00000, 0x0000000701a00000| Untracked 
|   2|0x0000000701c00000, 0x0000000701e00000, 0x0000000701e00000|100%| O|  |TAMS 0x0000000701e00000, 0x0000000701c00000| Untracked 
|   3|0x0000000701e00000, 0x0000000702000000, 0x0000000702000000|100%| O|  |TAMS 0x0000000702000000, 0x0000000701e00000| Untracked 
|   4|0x0000000702000000, 0x0000000702200000, 0x0000000702200000|100%| O|  |TAMS 0x0000000702200000, 0x0000000702000000| Untracked 
|   5|0x0000000702200000, 0x0000000702400000, 0x0000000702400000|100%| O|  |TAMS 0x0000000702400000, 0x0000000702200000| Untracked 
|   6|0x0000000702400000, 0x0000000702600000, 0x0000000702600000|100%| O|  |TAMS 0x0000000702600000, 0x0000000702400000| Untracked 
|   7|0x0000000702600000, 0x0000000702800000, 0x0000000702800000|100%| O|  |TAMS 0x0000000702800000, 0x0000000702600000| Untracked 
|   8|0x0000000702800000, 0x0000000702a00000, 0x0000000702a00000|100%| O|  |TAMS 0x0000000702a00000, 0x0000000702800000| Untracked 
|   9|0x0000000702a00000, 0x0000000702c00000, 0x0000000702c00000|100%| O|  |TAMS 0x0000000702a00000, 0x0000000702a00000| Untracked 
|  10|0x0000000702c00000, 0x0000000702e00000, 0x0000000702e00000|100%| O|  |TAMS 0x0000000702e00000, 0x0000000702c00000| Untracked 
|  11|0x0000000702e00000, 0x0000000703000000, 0x0000000703000000|100%| O|  |TAMS 0x0000000703000000, 0x0000000702e00000| Untracked 
|  12|0x0000000703000000, 0x0000000703200000, 0x0000000703200000|100%| O|  |TAMS 0x0000000703200000, 0x0000000703000000| Untracked 
|  13|0x0000000703200000, 0x0000000703400000, 0x0000000703400000|100%| O|  |TAMS 0x0000000703400000, 0x0000000703200000| Untracked 
|  14|0x0000000703400000, 0x0000000703600000, 0x0000000703600000|100%| O|  |TAMS 0x0000000703600000, 0x0000000703400000| Untracked 
|  15|0x0000000703600000, 0x0000000703800000, 0x0000000703800000|100%|HS|  |TAMS 0x0000000703800000, 0x0000000703600000| Complete 
|  16|0x0000000703800000, 0x0000000703a00000, 0x0000000703a00000|100%|HC|  |TAMS 0x0000000703a00000, 0x0000000703800000| Complete 
|  17|0x0000000703a00000, 0x0000000703c00000, 0x0000000703c00000|100%|HC|  |TAMS 0x0000000703c00000, 0x0000000703a00000| Complete 
|  18|0x0000000703c00000, 0x0000000703e00000, 0x0000000703e00000|100%|HC|  |TAMS 0x0000000703e00000, 0x0000000703c00000| Complete 
|  19|0x0000000703e00000, 0x0000000704000000, 0x0000000704000000|100%|HC|  |TAMS 0x0000000704000000, 0x0000000703e00000| Complete 
|  20|0x0000000704000000, 0x0000000704200000, 0x0000000704200000|100%|HC|  |TAMS 0x0000000704200000, 0x0000000704000000| Complete 
|  21|0x0000000704200000, 0x0000000704400000, 0x0000000704400000|100%| O|  |TAMS 0x0000000704339e00, 0x0000000704200000| Untracked 
|  22|0x0000000704400000, 0x0000000704600000, 0x0000000704600000|100%| O|  |TAMS 0x0000000704400000, 0x0000000704400000| Untracked 
|  23|0x0000000704600000, 0x0000000704800000, 0x0000000704800000|100%|HS|  |TAMS 0x0000000704600000, 0x0000000704600000| Complete 
|  24|0x0000000704800000, 0x0000000704a00000, 0x0000000704a00000|100%|HC|  |TAMS 0x0000000704800000, 0x0000000704800000| Complete 
|  25|0x0000000704a00000, 0x0000000704c00000, 0x0000000704c00000|100%|HC|  |TAMS 0x0000000704a00000, 0x0000000704a00000| Complete 
|  26|0x0000000704c00000, 0x0000000704e00000, 0x0000000704e00000|100%|HC|  |TAMS 0x0000000704c00000, 0x0000000704c00000| Complete 
|  27|0x0000000704e00000, 0x0000000705000000, 0x0000000705000000|100%| O|  |TAMS 0x0000000704e00000, 0x0000000704e00000| Untracked 
|  28|0x0000000705000000, 0x0000000705200000, 0x0000000705200000|100%| O|  |TAMS 0x0000000705000000, 0x0000000705000000| Untracked 
|  29|0x0000000705200000, 0x0000000705400000, 0x0000000705400000|100%| O|  |TAMS 0x0000000705200000, 0x0000000705200000| Untracked 
|  30|0x0000000705400000, 0x0000000705600000, 0x0000000705600000|100%| O|  |TAMS 0x0000000705400000, 0x0000000705400000| Untracked 
|  31|0x0000000705600000, 0x0000000705800000, 0x0000000705800000|100%| O|  |TAMS 0x0000000705600000, 0x0000000705600000| Untracked 
|  32|0x0000000705800000, 0x00000007058b8400, 0x0000000705a00000| 35%| O|  |TAMS 0x0000000705800000, 0x0000000705800000| Untracked 
|  33|0x0000000705a00000, 0x0000000705c00000, 0x0000000705c00000|100%| O|  |TAMS 0x0000000705c00000, 0x0000000705a00000| Untracked 
|  34|0x0000000705c00000, 0x0000000705e00000, 0x0000000705e00000|100%| O|  |TAMS 0x0000000705e00000, 0x0000000705c00000| Untracked 
|  35|0x0000000705e00000, 0x0000000705e00000, 0x0000000706000000|  0%| F|  |TAMS 0x0000000705e00000, 0x0000000705e00000| Untracked 
|  36|0x0000000706000000, 0x0000000706000000, 0x0000000706200000|  0%| F|  |TAMS 0x0000000706000000, 0x0000000706000000| Untracked 
|  37|0x0000000706200000, 0x0000000706200000, 0x0000000706400000|  0%| F|  |TAMS 0x0000000706200000, 0x0000000706200000| Untracked 
|  38|0x0000000706400000, 0x0000000706400000, 0x0000000706600000|  0%| F|  |TAMS 0x0000000706400000, 0x0000000706400000| Untracked 
|  39|0x0000000706600000, 0x0000000706600000, 0x0000000706800000|  0%| F|  |TAMS 0x0000000706600000, 0x0000000706600000| Untracked 
|  40|0x0000000706800000, 0x0000000706800000, 0x0000000706a00000|  0%| F|  |TAMS 0x0000000706800000, 0x0000000706800000| Untracked 
|  41|0x0000000706a00000, 0x0000000706a00000, 0x0000000706c00000|  0%| F|  |TAMS 0x0000000706a00000, 0x0000000706a00000| Untracked 
|  42|0x0000000706c00000, 0x0000000706c00000, 0x0000000706e00000|  0%| F|  |TAMS 0x0000000706c00000, 0x0000000706c00000| Untracked 
|  43|0x0000000706e00000, 0x0000000706e00000, 0x0000000707000000|  0%| F|  |TAMS 0x0000000706e00000, 0x0000000706e00000| Untracked 
|  44|0x0000000707000000, 0x0000000707000000, 0x0000000707200000|  0%| F|  |TAMS 0x0000000707000000, 0x0000000707000000| Untracked 
|  45|0x0000000707200000, 0x0000000707200000, 0x0000000707400000|  0%| F|  |TAMS 0x0000000707200000, 0x0000000707200000| Untracked 
|  46|0x0000000707400000, 0x0000000707400000, 0x0000000707600000|  0%| F|  |TAMS 0x0000000707400000, 0x0000000707400000| Untracked 
|  47|0x0000000707600000, 0x0000000707600000, 0x0000000707800000|  0%| F|  |TAMS 0x0000000707600000, 0x0000000707600000| Untracked 
|  48|0x0000000707800000, 0x0000000707800000, 0x0000000707a00000|  0%| F|  |TAMS 0x0000000707800000, 0x0000000707800000| Untracked 
|  49|0x0000000707a00000, 0x0000000707a00000, 0x0000000707c00000|  0%| F|  |TAMS 0x0000000707a00000, 0x0000000707a00000| Untracked 
|  50|0x0000000707c00000, 0x0000000707c00000, 0x0000000707e00000|  0%| F|  |TAMS 0x0000000707c00000, 0x0000000707c00000| Untracked 
|  51|0x0000000707e00000, 0x0000000707e00000, 0x0000000708000000|  0%| F|  |TAMS 0x0000000707e00000, 0x0000000707e00000| Untracked 
|  52|0x0000000708000000, 0x0000000708000000, 0x0000000708200000|  0%| F|  |TAMS 0x0000000708000000, 0x0000000708000000| Untracked 
|  53|0x0000000708200000, 0x0000000708200000, 0x0000000708400000|  0%| F|  |TAMS 0x0000000708200000, 0x0000000708200000| Untracked 
|  54|0x0000000708400000, 0x0000000708400000, 0x0000000708600000|  0%| F|  |TAMS 0x0000000708400000, 0x0000000708400000| Untracked 
|  55|0x0000000708600000, 0x0000000708600000, 0x0000000708800000|  0%| F|  |TAMS 0x0000000708600000, 0x0000000708600000| Untracked 
|  56|0x0000000708800000, 0x0000000708800000, 0x0000000708a00000|  0%| F|  |TAMS 0x0000000708800000, 0x0000000708800000| Untracked 
|  57|0x0000000708a00000, 0x0000000708a00000, 0x0000000708c00000|  0%| F|  |TAMS 0x0000000708a00000, 0x0000000708a00000| Untracked 
|  58|0x0000000708c00000, 0x0000000708c00000, 0x0000000708e00000|  0%| F|  |TAMS 0x0000000708c00000, 0x0000000708c00000| Untracked 
|  59|0x0000000708e00000, 0x0000000708e00000, 0x0000000709000000|  0%| F|  |TAMS 0x0000000708e00000, 0x0000000708e00000| Untracked 
|  60|0x0000000709000000, 0x0000000709000000, 0x0000000709200000|  0%| F|  |TAMS 0x0000000709000000, 0x0000000709000000| Untracked 
|  61|0x0000000709200000, 0x0000000709200000, 0x0000000709400000|  0%| F|  |TAMS 0x0000000709200000, 0x0000000709200000| Untracked 
|  62|0x0000000709400000, 0x0000000709400000, 0x0000000709600000|  0%| F|  |TAMS 0x0000000709400000, 0x0000000709400000| Untracked 
|  63|0x0000000709600000, 0x0000000709600000, 0x0000000709800000|  0%| F|  |TAMS 0x0000000709600000, 0x0000000709600000| Untracked 
|  64|0x0000000709800000, 0x0000000709800000, 0x0000000709a00000|  0%| F|  |TAMS 0x0000000709800000, 0x0000000709800000| Untracked 
|  65|0x0000000709a00000, 0x0000000709a00000, 0x0000000709c00000|  0%| F|  |TAMS 0x0000000709a00000, 0x0000000709a00000| Untracked 
|  66|0x0000000709c00000, 0x0000000709c00000, 0x0000000709e00000|  0%| F|  |TAMS 0x0000000709c00000, 0x0000000709c00000| Untracked 
|  67|0x0000000709e00000, 0x0000000709e00000, 0x000000070a000000|  0%| F|  |TAMS 0x0000000709e00000, 0x0000000709e00000| Untracked 
|  68|0x000000070a000000, 0x000000070a000000, 0x000000070a200000|  0%| F|  |TAMS 0x000000070a000000, 0x000000070a000000| Untracked 
|  69|0x000000070a200000, 0x000000070a200000, 0x000000070a400000|  0%| F|  |TAMS 0x000000070a200000, 0x000000070a200000| Untracked 
|  70|0x000000070a400000, 0x000000070a400000, 0x000000070a600000|  0%| F|  |TAMS 0x000000070a400000, 0x000000070a400000| Untracked 
|  71|0x000000070a600000, 0x000000070a600000, 0x000000070a800000|  0%| F|  |TAMS 0x000000070a600000, 0x000000070a600000| Untracked 
|  72|0x000000070a800000, 0x000000070a800000, 0x000000070aa00000|  0%| F|  |TAMS 0x000000070a800000, 0x000000070a800000| Untracked 
|  73|0x000000070aa00000, 0x000000070aa00000, 0x000000070ac00000|  0%| F|  |TAMS 0x000000070aa00000, 0x000000070aa00000| Untracked 
|  74|0x000000070ac00000, 0x000000070ac00000, 0x000000070ae00000|  0%| F|  |TAMS 0x000000070ac00000, 0x000000070ac00000| Untracked 
|  75|0x000000070ae00000, 0x000000070ae00000, 0x000000070b000000|  0%| F|  |TAMS 0x000000070ae00000, 0x000000070ae00000| Untracked 
|  76|0x000000070b000000, 0x000000070b000000, 0x000000070b200000|  0%| F|  |TAMS 0x000000070b000000, 0x000000070b000000| Untracked 
|  77|0x000000070b200000, 0x000000070b200000, 0x000000070b400000|  0%| F|  |TAMS 0x000000070b200000, 0x000000070b200000| Untracked 
|  78|0x000000070b400000, 0x000000070b400000, 0x000000070b600000|  0%| F|  |TAMS 0x000000070b400000, 0x000000070b400000| Untracked 
|  79|0x000000070b600000, 0x000000070b600000, 0x000000070b800000|  0%| F|  |TAMS 0x000000070b600000, 0x000000070b600000| Untracked 
|  80|0x000000070b800000, 0x000000070b800000, 0x000000070ba00000|  0%| F|  |TAMS 0x000000070b800000, 0x000000070b800000| Untracked 
|  81|0x000000070ba00000, 0x000000070ba00000, 0x000000070bc00000|  0%| F|  |TAMS 0x000000070ba00000, 0x000000070ba00000| Untracked 
|  82|0x000000070bc00000, 0x000000070bc00000, 0x000000070be00000|  0%| F|  |TAMS 0x000000070bc00000, 0x000000070bc00000| Untracked 
|  83|0x000000070be00000, 0x000000070be00000, 0x000000070c000000|  0%| F|  |TAMS 0x000000070be00000, 0x000000070be00000| Untracked 
|  84|0x000000070c000000, 0x000000070c000000, 0x000000070c200000|  0%| F|  |TAMS 0x000000070c000000, 0x000000070c000000| Untracked 
|  85|0x000000070c200000, 0x000000070c200000, 0x000000070c400000|  0%| F|  |TAMS 0x000000070c200000, 0x000000070c200000| Untracked 
|  86|0x000000070c400000, 0x000000070c400000, 0x000000070c600000|  0%| F|  |TAMS 0x000000070c400000, 0x000000070c400000| Untracked 
|  87|0x000000070c600000, 0x000000070c600000, 0x000000070c800000|  0%| F|  |TAMS 0x000000070c600000, 0x000000070c600000| Untracked 
|  88|0x000000070c800000, 0x000000070c800000, 0x000000070ca00000|  0%| F|  |TAMS 0x000000070c800000, 0x000000070c800000| Untracked 
|  89|0x000000070ca00000, 0x000000070ca00000, 0x000000070cc00000|  0%| F|  |TAMS 0x000000070ca00000, 0x000000070ca00000| Untracked 
|  90|0x000000070cc00000, 0x000000070cc00000, 0x000000070ce00000|  0%| F|  |TAMS 0x000000070cc00000, 0x000000070cc00000| Untracked 
|  91|0x000000070ce00000, 0x000000070ce00000, 0x000000070d000000|  0%| F|  |TAMS 0x000000070ce00000, 0x000000070ce00000| Untracked 
|  92|0x000000070d000000, 0x000000070d000000, 0x000000070d200000|  0%| F|  |TAMS 0x000000070d000000, 0x000000070d000000| Untracked 
|  93|0x000000070d200000, 0x000000070d200000, 0x000000070d400000|  0%| F|  |TAMS 0x000000070d200000, 0x000000070d200000| Untracked 
|  94|0x000000070d400000, 0x000000070d400000, 0x000000070d600000|  0%| F|  |TAMS 0x000000070d400000, 0x000000070d400000| Untracked 
|  95|0x000000070d600000, 0x000000070d600000, 0x000000070d800000|  0%| F|  |TAMS 0x000000070d600000, 0x000000070d600000| Untracked 
|  96|0x000000070d800000, 0x000000070d800000, 0x000000070da00000|  0%| F|  |TAMS 0x000000070d800000, 0x000000070d800000| Untracked 
|  97|0x000000070da00000, 0x000000070da00000, 0x000000070dc00000|  0%| F|  |TAMS 0x000000070da00000, 0x000000070da00000| Untracked 
|  98|0x000000070dc00000, 0x000000070dc00000, 0x000000070de00000|  0%| F|  |TAMS 0x000000070dc00000, 0x000000070dc00000| Untracked 
|  99|0x000000070de00000, 0x000000070de00000, 0x000000070e000000|  0%| F|  |TAMS 0x000000070de00000, 0x000000070de00000| Untracked 
| 100|0x000000070e000000, 0x000000070e000000, 0x000000070e200000|  0%| F|  |TAMS 0x000000070e000000, 0x000000070e000000| Untracked 
| 101|0x000000070e200000, 0x000000070e200000, 0x000000070e400000|  0%| F|  |TAMS 0x000000070e200000, 0x000000070e200000| Untracked 
| 102|0x000000070e400000, 0x000000070e400000, 0x000000070e600000|  0%| F|  |TAMS 0x000000070e400000, 0x000000070e400000| Untracked 
| 103|0x000000070e600000, 0x000000070e600000, 0x000000070e800000|  0%| F|  |TAMS 0x000000070e600000, 0x000000070e600000| Untracked 
| 104|0x000000070e800000, 0x000000070e800000, 0x000000070ea00000|  0%| F|  |TAMS 0x000000070e800000, 0x000000070e800000| Untracked 
| 105|0x000000070ea00000, 0x000000070ea00000, 0x000000070ec00000|  0%| F|  |TAMS 0x000000070ea00000, 0x000000070ea00000| Untracked 
| 106|0x000000070ec00000, 0x000000070ec00000, 0x000000070ee00000|  0%| F|  |TAMS 0x000000070ec00000, 0x000000070ec00000| Untracked 
| 107|0x000000070ee00000, 0x000000070ee00000, 0x000000070f000000|  0%| F|  |TAMS 0x000000070ee00000, 0x000000070ee00000| Untracked 
| 108|0x000000070f000000, 0x000000070f000000, 0x000000070f200000|  0%| F|  |TAMS 0x000000070f000000, 0x000000070f000000| Untracked 
| 109|0x000000070f200000, 0x000000070f200000, 0x000000070f400000|  0%| F|  |TAMS 0x000000070f200000, 0x000000070f200000| Untracked 
| 110|0x000000070f400000, 0x000000070f400000, 0x000000070f600000|  0%| F|  |TAMS 0x000000070f400000, 0x000000070f400000| Untracked 
| 111|0x000000070f600000, 0x000000070f600000, 0x000000070f800000|  0%| F|  |TAMS 0x000000070f600000, 0x000000070f600000| Untracked 
| 112|0x000000070f800000, 0x000000070f800000, 0x000000070fa00000|  0%| F|  |TAMS 0x000000070f800000, 0x000000070f800000| Untracked 
| 113|0x000000070fa00000, 0x000000070fa00000, 0x000000070fc00000|  0%| F|  |TAMS 0x000000070fa00000, 0x000000070fa00000| Untracked 
| 114|0x000000070fc00000, 0x000000070fc00000, 0x000000070fe00000|  0%| F|  |TAMS 0x000000070fc00000, 0x000000070fc00000| Untracked 
| 115|0x000000070fe00000, 0x000000070fe00000, 0x0000000710000000|  0%| F|  |TAMS 0x000000070fe00000, 0x000000070fe00000| Untracked 
| 116|0x0000000710000000, 0x0000000710000000, 0x0000000710200000|  0%| F|  |TAMS 0x0000000710000000, 0x0000000710000000| Untracked 
| 117|0x0000000710200000, 0x0000000710200000, 0x0000000710400000|  0%| F|  |TAMS 0x0000000710200000, 0x0000000710200000| Untracked 
| 118|0x0000000710400000, 0x0000000710400000, 0x0000000710600000|  0%| F|  |TAMS 0x0000000710400000, 0x0000000710400000| Untracked 
| 119|0x0000000710600000, 0x0000000710600000, 0x0000000710800000|  0%| F|  |TAMS 0x0000000710600000, 0x0000000710600000| Untracked 
| 120|0x0000000710800000, 0x0000000710800000, 0x0000000710a00000|  0%| F|  |TAMS 0x0000000710800000, 0x0000000710800000| Untracked 
| 121|0x0000000710a00000, 0x0000000710a00000, 0x0000000710c00000|  0%| F|  |TAMS 0x0000000710a00000, 0x0000000710a00000| Untracked 
| 122|0x0000000710c00000, 0x0000000710c00000, 0x0000000710e00000|  0%| F|  |TAMS 0x0000000710c00000, 0x0000000710c00000| Untracked 
| 123|0x0000000710e00000, 0x0000000710e00000, 0x0000000711000000|  0%| F|  |TAMS 0x0000000710e00000, 0x0000000710e00000| Untracked 
| 124|0x0000000711000000, 0x0000000711000000, 0x0000000711200000|  0%| F|  |TAMS 0x0000000711000000, 0x0000000711000000| Untracked 
| 125|0x0000000711200000, 0x0000000711200000, 0x0000000711400000|  0%| F|  |TAMS 0x0000000711200000, 0x0000000711200000| Untracked 
| 126|0x0000000711400000, 0x0000000711400000, 0x0000000711600000|  0%| F|  |TAMS 0x0000000711400000, 0x0000000711400000| Untracked 
| 127|0x0000000711600000, 0x0000000711600000, 0x0000000711800000|  0%| F|  |TAMS 0x0000000711600000, 0x0000000711600000| Untracked 
| 128|0x0000000711800000, 0x0000000711800000, 0x0000000711a00000|  0%| F|  |TAMS 0x0000000711800000, 0x0000000711800000| Untracked 
| 129|0x0000000711a00000, 0x0000000711a00000, 0x0000000711c00000|  0%| F|  |TAMS 0x0000000711a00000, 0x0000000711a00000| Untracked 
| 130|0x0000000711c00000, 0x0000000711c00000, 0x0000000711e00000|  0%| F|  |TAMS 0x0000000711c00000, 0x0000000711c00000| Untracked 
| 131|0x0000000711e00000, 0x0000000711e00000, 0x0000000712000000|  0%| F|  |TAMS 0x0000000711e00000, 0x0000000711e00000| Untracked 
| 132|0x0000000712000000, 0x0000000712000000, 0x0000000712200000|  0%| F|  |TAMS 0x0000000712000000, 0x0000000712000000| Untracked 
| 133|0x0000000712200000, 0x0000000712200000, 0x0000000712400000|  0%| F|  |TAMS 0x0000000712200000, 0x0000000712200000| Untracked 
| 134|0x0000000712400000, 0x0000000712400000, 0x0000000712600000|  0%| F|  |TAMS 0x0000000712400000, 0x0000000712400000| Untracked 
| 135|0x0000000712600000, 0x0000000712600000, 0x0000000712800000|  0%| F|  |TAMS 0x0000000712600000, 0x0000000712600000| Untracked 
| 136|0x0000000712800000, 0x0000000712800000, 0x0000000712a00000|  0%| F|  |TAMS 0x0000000712800000, 0x0000000712800000| Untracked 
| 137|0x0000000712a00000, 0x0000000712a00000, 0x0000000712c00000|  0%| F|  |TAMS 0x0000000712a00000, 0x0000000712a00000| Untracked 
| 138|0x0000000712c00000, 0x0000000712c00000, 0x0000000712e00000|  0%| F|  |TAMS 0x0000000712c00000, 0x0000000712c00000| Untracked 
| 139|0x0000000712e00000, 0x0000000712e00000, 0x0000000713000000|  0%| F|  |TAMS 0x0000000712e00000, 0x0000000712e00000| Untracked 
| 140|0x0000000713000000, 0x0000000713000000, 0x0000000713200000|  0%| F|  |TAMS 0x0000000713000000, 0x0000000713000000| Untracked 
| 141|0x0000000713200000, 0x0000000713200000, 0x0000000713400000|  0%| F|  |TAMS 0x0000000713200000, 0x0000000713200000| Untracked 
| 142|0x0000000713400000, 0x0000000713400000, 0x0000000713600000|  0%| F|  |TAMS 0x0000000713400000, 0x0000000713400000| Untracked 
| 143|0x0000000713600000, 0x0000000713600000, 0x0000000713800000|  0%| F|  |TAMS 0x0000000713600000, 0x0000000713600000| Untracked 
| 144|0x0000000713800000, 0x0000000713800000, 0x0000000713a00000|  0%| F|  |TAMS 0x0000000713800000, 0x0000000713800000| Untracked 
| 145|0x0000000713a00000, 0x0000000713a00000, 0x0000000713c00000|  0%| F|  |TAMS 0x0000000713a00000, 0x0000000713a00000| Untracked 
| 146|0x0000000713c00000, 0x0000000713c00000, 0x0000000713e00000|  0%| F|  |TAMS 0x0000000713c00000, 0x0000000713c00000| Untracked 
| 147|0x0000000713e00000, 0x0000000713e00000, 0x0000000714000000|  0%| F|  |TAMS 0x0000000713e00000, 0x0000000713e00000| Untracked 
| 148|0x0000000714000000, 0x0000000714000000, 0x0000000714200000|  0%| F|  |TAMS 0x0000000714000000, 0x0000000714000000| Untracked 
| 149|0x0000000714200000, 0x0000000714200000, 0x0000000714400000|  0%| F|  |TAMS 0x0000000714200000, 0x0000000714200000| Untracked 
| 150|0x0000000714400000, 0x0000000714400000, 0x0000000714600000|  0%| F|  |TAMS 0x0000000714400000, 0x0000000714400000| Untracked 
| 151|0x0000000714600000, 0x0000000714600000, 0x0000000714800000|  0%| F|  |TAMS 0x0000000714600000, 0x0000000714600000| Untracked 
| 152|0x0000000714800000, 0x0000000714800000, 0x0000000714a00000|  0%| F|  |TAMS 0x0000000714800000, 0x0000000714800000| Untracked 
| 153|0x0000000714a00000, 0x0000000714a00000, 0x0000000714c00000|  0%| F|  |TAMS 0x0000000714a00000, 0x0000000714a00000| Untracked 
| 154|0x0000000714c00000, 0x0000000714c00000, 0x0000000714e00000|  0%| F|  |TAMS 0x0000000714c00000, 0x0000000714c00000| Untracked 
| 155|0x0000000714e00000, 0x0000000714e00000, 0x0000000715000000|  0%| F|  |TAMS 0x0000000714e00000, 0x0000000714e00000| Untracked 
| 156|0x0000000715000000, 0x0000000715000000, 0x0000000715200000|  0%| F|  |TAMS 0x0000000715000000, 0x0000000715000000| Untracked 
| 157|0x0000000715200000, 0x0000000715200000, 0x0000000715400000|  0%| F|  |TAMS 0x0000000715200000, 0x0000000715200000| Untracked 
| 158|0x0000000715400000, 0x0000000715400000, 0x0000000715600000|  0%| F|  |TAMS 0x0000000715400000, 0x0000000715400000| Untracked 
| 159|0x0000000715600000, 0x0000000715600000, 0x0000000715800000|  0%| F|  |TAMS 0x0000000715600000, 0x0000000715600000| Untracked 
| 160|0x0000000715800000, 0x0000000715800000, 0x0000000715a00000|  0%| F|  |TAMS 0x0000000715800000, 0x0000000715800000| Untracked 
| 161|0x0000000715a00000, 0x0000000715a00000, 0x0000000715c00000|  0%| F|  |TAMS 0x0000000715a00000, 0x0000000715a00000| Untracked 
| 162|0x0000000715c00000, 0x0000000715c00000, 0x0000000715e00000|  0%| F|  |TAMS 0x0000000715c00000, 0x0000000715c00000| Untracked 
| 163|0x0000000715e00000, 0x0000000715e00000, 0x0000000716000000|  0%| F|  |TAMS 0x0000000715e00000, 0x0000000715e00000| Untracked 
| 164|0x0000000716000000, 0x0000000716000000, 0x0000000716200000|  0%| F|  |TAMS 0x0000000716000000, 0x0000000716000000| Untracked 
| 165|0x0000000716200000, 0x0000000716200000, 0x0000000716400000|  0%| F|  |TAMS 0x0000000716200000, 0x0000000716200000| Untracked 
| 166|0x0000000716400000, 0x0000000716400000, 0x0000000716600000|  0%| F|  |TAMS 0x0000000716400000, 0x0000000716400000| Untracked 
| 167|0x0000000716600000, 0x0000000716600000, 0x0000000716800000|  0%| F|  |TAMS 0x0000000716600000, 0x0000000716600000| Untracked 
| 168|0x0000000716800000, 0x0000000716800000, 0x0000000716a00000|  0%| F|  |TAMS 0x0000000716800000, 0x0000000716800000| Untracked 
| 169|0x0000000716a00000, 0x0000000716a00000, 0x0000000716c00000|  0%| F|  |TAMS 0x0000000716a00000, 0x0000000716a00000| Untracked 
| 170|0x0000000716c00000, 0x0000000716c00000, 0x0000000716e00000|  0%| F|  |TAMS 0x0000000716c00000, 0x0000000716c00000| Untracked 
| 171|0x0000000716e00000, 0x0000000716e00000, 0x0000000717000000|  0%| F|  |TAMS 0x0000000716e00000, 0x0000000716e00000| Untracked 
| 172|0x0000000717000000, 0x0000000717000000, 0x0000000717200000|  0%| F|  |TAMS 0x0000000717000000, 0x0000000717000000| Untracked 
| 173|0x0000000717200000, 0x0000000717200000, 0x0000000717400000|  0%| F|  |TAMS 0x0000000717200000, 0x0000000717200000| Untracked 
| 174|0x0000000717400000, 0x0000000717400000, 0x0000000717600000|  0%| F|  |TAMS 0x0000000717400000, 0x0000000717400000| Untracked 
| 175|0x0000000717600000, 0x0000000717600000, 0x0000000717800000|  0%| F|  |TAMS 0x0000000717600000, 0x0000000717600000| Untracked 
| 176|0x0000000717800000, 0x0000000717800000, 0x0000000717a00000|  0%| F|  |TAMS 0x0000000717800000, 0x0000000717800000| Untracked 
| 177|0x0000000717a00000, 0x0000000717a00000, 0x0000000717c00000|  0%| F|  |TAMS 0x0000000717a00000, 0x0000000717a00000| Untracked 
| 178|0x0000000717c00000, 0x0000000717c00000, 0x0000000717e00000|  0%| F|  |TAMS 0x0000000717c00000, 0x0000000717c00000| Untracked 
| 179|0x0000000717e00000, 0x0000000717e00000, 0x0000000718000000|  0%| F|  |TAMS 0x0000000717e00000, 0x0000000717e00000| Untracked 
| 180|0x0000000718000000, 0x0000000718000000, 0x0000000718200000|  0%| F|  |TAMS 0x0000000718000000, 0x0000000718000000| Untracked 
| 181|0x0000000718200000, 0x0000000718200000, 0x0000000718400000|  0%| F|  |TAMS 0x0000000718200000, 0x0000000718200000| Untracked 
| 182|0x0000000718400000, 0x0000000718400000, 0x0000000718600000|  0%| F|  |TAMS 0x0000000718400000, 0x0000000718400000| Untracked 
| 183|0x0000000718600000, 0x0000000718600000, 0x0000000718800000|  0%| F|  |TAMS 0x0000000718600000, 0x0000000718600000| Untracked 
| 184|0x0000000718800000, 0x0000000718800000, 0x0000000718a00000|  0%| F|  |TAMS 0x0000000718800000, 0x0000000718800000| Untracked 
| 185|0x0000000718a00000, 0x0000000718a00000, 0x0000000718c00000|  0%| F|  |TAMS 0x0000000718a00000, 0x0000000718a00000| Untracked 
| 186|0x0000000718c00000, 0x0000000718c00000, 0x0000000718e00000|  0%| F|  |TAMS 0x0000000718c00000, 0x0000000718c00000| Untracked 
| 187|0x0000000718e00000, 0x0000000718e00000, 0x0000000719000000|  0%| F|  |TAMS 0x0000000718e00000, 0x0000000718e00000| Untracked 
| 188|0x0000000719000000, 0x0000000719000000, 0x0000000719200000|  0%| F|  |TAMS 0x0000000719000000, 0x0000000719000000| Untracked 
| 189|0x0000000719200000, 0x0000000719200000, 0x0000000719400000|  0%| F|  |TAMS 0x0000000719200000, 0x0000000719200000| Untracked 
| 190|0x0000000719400000, 0x0000000719400000, 0x0000000719600000|  0%| F|  |TAMS 0x0000000719400000, 0x0000000719400000| Untracked 
| 191|0x0000000719600000, 0x0000000719600000, 0x0000000719800000|  0%| F|  |TAMS 0x0000000719600000, 0x0000000719600000| Untracked 
| 192|0x0000000719800000, 0x0000000719800000, 0x0000000719a00000|  0%| F|  |TAMS 0x0000000719800000, 0x0000000719800000| Untracked 
| 193|0x0000000719a00000, 0x0000000719a00000, 0x0000000719c00000|  0%| F|  |TAMS 0x0000000719a00000, 0x0000000719a00000| Untracked 
| 194|0x0000000719c00000, 0x0000000719c00000, 0x0000000719e00000|  0%| F|  |TAMS 0x0000000719c00000, 0x0000000719c00000| Untracked 
| 195|0x0000000719e00000, 0x0000000719e00000, 0x000000071a000000|  0%| F|  |TAMS 0x0000000719e00000, 0x0000000719e00000| Untracked 
| 196|0x000000071a000000, 0x000000071a000000, 0x000000071a200000|  0%| F|  |TAMS 0x000000071a000000, 0x000000071a000000| Untracked 
| 197|0x000000071a200000, 0x000000071a200000, 0x000000071a400000|  0%| F|  |TAMS 0x000000071a200000, 0x000000071a200000| Untracked 
| 198|0x000000071a400000, 0x000000071a400000, 0x000000071a600000|  0%| F|  |TAMS 0x000000071a400000, 0x000000071a400000| Untracked 
| 199|0x000000071a600000, 0x000000071a600000, 0x000000071a800000|  0%| F|  |TAMS 0x000000071a600000, 0x000000071a600000| Untracked 
| 200|0x000000071a800000, 0x000000071a800000, 0x000000071aa00000|  0%| F|  |TAMS 0x000000071a800000, 0x000000071a800000| Untracked 
| 201|0x000000071aa00000, 0x000000071aa00000, 0x000000071ac00000|  0%| F|  |TAMS 0x000000071aa00000, 0x000000071aa00000| Untracked 
| 202|0x000000071ac00000, 0x000000071ac00000, 0x000000071ae00000|  0%| F|  |TAMS 0x000000071ac00000, 0x000000071ac00000| Untracked 
| 203|0x000000071ae00000, 0x000000071ae00000, 0x000000071b000000|  0%| F|  |TAMS 0x000000071ae00000, 0x000000071ae00000| Untracked 
| 204|0x000000071b000000, 0x000000071b000000, 0x000000071b200000|  0%| F|  |TAMS 0x000000071b000000, 0x000000071b000000| Untracked 
| 205|0x000000071b200000, 0x000000071b200000, 0x000000071b400000|  0%| F|  |TAMS 0x000000071b200000, 0x000000071b200000| Untracked 
| 206|0x000000071b400000, 0x000000071b400000, 0x000000071b600000|  0%| F|  |TAMS 0x000000071b400000, 0x000000071b400000| Untracked 
| 207|0x000000071b600000, 0x000000071b600000, 0x000000071b800000|  0%| F|  |TAMS 0x000000071b600000, 0x000000071b600000| Untracked 
| 208|0x000000071b800000, 0x000000071b800000, 0x000000071ba00000|  0%| F|  |TAMS 0x000000071b800000, 0x000000071b800000| Untracked 
| 209|0x000000071ba00000, 0x000000071ba00000, 0x000000071bc00000|  0%| F|  |TAMS 0x000000071ba00000, 0x000000071ba00000| Untracked 
| 210|0x000000071bc00000, 0x000000071bc00000, 0x000000071be00000|  0%| F|  |TAMS 0x000000071bc00000, 0x000000071bc00000| Untracked 
| 211|0x000000071be00000, 0x000000071be00000, 0x000000071c000000|  0%| F|  |TAMS 0x000000071be00000, 0x000000071be00000| Untracked 
| 212|0x000000071c000000, 0x000000071c000000, 0x000000071c200000|  0%| F|  |TAMS 0x000000071c000000, 0x000000071c000000| Untracked 
| 213|0x000000071c200000, 0x000000071c200000, 0x000000071c400000|  0%| F|  |TAMS 0x000000071c200000, 0x000000071c200000| Untracked 
| 214|0x000000071c400000, 0x000000071c400000, 0x000000071c600000|  0%| F|  |TAMS 0x000000071c400000, 0x000000071c400000| Untracked 
| 215|0x000000071c600000, 0x000000071c600000, 0x000000071c800000|  0%| F|  |TAMS 0x000000071c600000, 0x000000071c600000| Untracked 
| 216|0x000000071c800000, 0x000000071ca00000, 0x000000071ca00000|100%| S|CS|TAMS 0x000000071c800000, 0x000000071c800000| Complete 
| 217|0x000000071ca00000, 0x000000071cc00000, 0x000000071cc00000|100%| S|CS|TAMS 0x000000071ca00000, 0x000000071ca00000| Complete 
| 218|0x000000071cc00000, 0x000000071ce00000, 0x000000071ce00000|100%| S|CS|TAMS 0x000000071cc00000, 0x000000071cc00000| Complete 
| 219|0x000000071ce00000, 0x000000071d000000, 0x000000071d000000|100%| S|CS|TAMS 0x000000071ce00000, 0x000000071ce00000| Complete 
| 220|0x000000071d000000, 0x000000071d200000, 0x000000071d200000|100%| S|CS|TAMS 0x000000071d000000, 0x000000071d000000| Complete 
| 221|0x000000071d200000, 0x000000071d200000, 0x000000071d400000|  0%| F|  |TAMS 0x000000071d200000, 0x000000071d200000| Untracked 
| 222|0x000000071d400000, 0x000000071d400000, 0x000000071d600000|  0%| F|  |TAMS 0x000000071d400000, 0x000000071d400000| Untracked 
| 223|0x000000071d600000, 0x000000071d600000, 0x000000071d800000|  0%| F|  |TAMS 0x000000071d600000, 0x000000071d600000| Untracked 
| 224|0x000000071d800000, 0x000000071d800000, 0x000000071da00000|  0%| F|  |TAMS 0x000000071d800000, 0x000000071d800000| Untracked 
| 225|0x000000071da00000, 0x000000071da00000, 0x000000071dc00000|  0%| F|  |TAMS 0x000000071da00000, 0x000000071da00000| Untracked 
| 226|0x000000071dc00000, 0x000000071dc00000, 0x000000071de00000|  0%| F|  |TAMS 0x000000071dc00000, 0x000000071dc00000| Untracked 
| 227|0x000000071de00000, 0x000000071de00000, 0x000000071e000000|  0%| F|  |TAMS 0x000000071de00000, 0x000000071de00000| Untracked 
| 228|0x000000071e000000, 0x000000071e000000, 0x000000071e200000|  0%| F|  |TAMS 0x000000071e000000, 0x000000071e000000| Untracked 
| 229|0x000000071e200000, 0x000000071e200000, 0x000000071e400000|  0%| F|  |TAMS 0x000000071e200000, 0x000000071e200000| Untracked 
| 230|0x000000071e400000, 0x000000071e400000, 0x000000071e600000|  0%| F|  |TAMS 0x000000071e400000, 0x000000071e400000| Untracked 
| 231|0x000000071e600000, 0x000000071e600000, 0x000000071e800000|  0%| F|  |TAMS 0x000000071e600000, 0x000000071e600000| Untracked 
| 232|0x000000071e800000, 0x000000071e800000, 0x000000071ea00000|  0%| F|  |TAMS 0x000000071e800000, 0x000000071e800000| Untracked 
| 233|0x000000071ea00000, 0x000000071ea00000, 0x000000071ec00000|  0%| F|  |TAMS 0x000000071ea00000, 0x000000071ea00000| Untracked 
| 234|0x000000071ec00000, 0x000000071ec00000, 0x000000071ee00000|  0%| F|  |TAMS 0x000000071ec00000, 0x000000071ec00000| Untracked 
| 235|0x000000071ee00000, 0x000000071ee00000, 0x000000071f000000|  0%| F|  |TAMS 0x000000071ee00000, 0x000000071ee00000| Untracked 
| 236|0x000000071f000000, 0x000000071f000000, 0x000000071f200000|  0%| F|  |TAMS 0x000000071f000000, 0x000000071f000000| Untracked 
| 237|0x000000071f200000, 0x000000071f200000, 0x000000071f400000|  0%| F|  |TAMS 0x000000071f200000, 0x000000071f200000| Untracked 
| 238|0x000000071f400000, 0x000000071f400000, 0x000000071f600000|  0%| F|  |TAMS 0x000000071f400000, 0x000000071f400000| Untracked 
| 239|0x000000071f600000, 0x000000071f600000, 0x000000071f800000|  0%| F|  |TAMS 0x000000071f600000, 0x000000071f600000| Untracked 
| 240|0x000000071f800000, 0x000000071f800000, 0x000000071fa00000|  0%| F|  |TAMS 0x000000071f800000, 0x000000071f800000| Untracked 
| 241|0x000000071fa00000, 0x000000071fa00000, 0x000000071fc00000|  0%| F|  |TAMS 0x000000071fa00000, 0x000000071fa00000| Untracked 
| 242|0x000000071fc00000, 0x000000071fc00000, 0x000000071fe00000|  0%| F|  |TAMS 0x000000071fc00000, 0x000000071fc00000| Untracked 
| 243|0x000000071fe00000, 0x000000071fe00000, 0x0000000720000000|  0%| F|  |TAMS 0x000000071fe00000, 0x000000071fe00000| Untracked 
| 244|0x0000000720000000, 0x0000000720000000, 0x0000000720200000|  0%| F|  |TAMS 0x0000000720000000, 0x0000000720000000| Untracked 
| 245|0x0000000720200000, 0x0000000720200000, 0x0000000720400000|  0%| F|  |TAMS 0x0000000720200000, 0x0000000720200000| Untracked 
| 246|0x0000000720400000, 0x0000000720400000, 0x0000000720600000|  0%| F|  |TAMS 0x0000000720400000, 0x0000000720400000| Untracked 
| 247|0x0000000720600000, 0x0000000720600000, 0x0000000720800000|  0%| F|  |TAMS 0x0000000720600000, 0x0000000720600000| Untracked 
| 248|0x0000000720800000, 0x0000000720800000, 0x0000000720a00000|  0%| F|  |TAMS 0x0000000720800000, 0x0000000720800000| Untracked 
| 249|0x0000000720a00000, 0x0000000720a00000, 0x0000000720c00000|  0%| F|  |TAMS 0x0000000720a00000, 0x0000000720a00000| Untracked 
| 250|0x0000000720c00000, 0x0000000720c00000, 0x0000000720e00000|  0%| F|  |TAMS 0x0000000720c00000, 0x0000000720c00000| Untracked 
| 251|0x0000000720e00000, 0x0000000720e2d4e0, 0x0000000721000000|  8%| E|  |TAMS 0x0000000720e00000, 0x0000000720e00000| Complete 
| 252|0x0000000721000000, 0x0000000721200000, 0x0000000721200000|100%| E|CS|TAMS 0x0000000721000000, 0x0000000721000000| Complete 
| 253|0x0000000721200000, 0x0000000721400000, 0x0000000721400000|100%| E|CS|TAMS 0x0000000721200000, 0x0000000721200000| Complete 
| 254|0x0000000721400000, 0x0000000721600000, 0x0000000721600000|100%| E|CS|TAMS 0x0000000721400000, 0x0000000721400000| Complete 
| 397|0x0000000733200000, 0x0000000733400000, 0x0000000733400000|100%| E|CS|TAMS 0x0000000733200000, 0x0000000733200000| Complete 

Card table byte_map: [0x000001a7d7510000,0x000001a7d7d10000] _byte_map_base: 0x000001a7d3d04000

Marking Bits (Prev, Next): (CMBitMap*) 0x000001a7bfa0cb20, (CMBitMap*) 0x000001a7bfa0cb60
 Prev Bits: [0x000001a7d8510000, 0x000001a7dc4b0000)
 Next Bits: [0x000001a7dc4b0000, 0x000001a7e0450000)

Polling page: 0x000001a7b7560000

Metaspace:

Usage:
  Non-class:     46.62 MB used.
      Class:      7.26 MB used.
       Both:     53.87 MB used.

Virtual space:
  Non-class space:       64.00 MB reserved,      46.75 MB ( 73%) committed,  1 nodes.
      Class space:        1.00 GB reserved,       7.44 MB ( <1%) committed,  1 nodes.
             Both:        1.06 GB reserved,      54.19 MB (  5%) committed. 

Chunk freelists:
   Non-Class:  1.19 MB
       Class:  8.53 MB
        Both:  9.72 MB

MaxMetaspaceSize: unlimited
CompressedClassSpaceSize: 1.00 GB
Initial GC threshold: 21.00 MB
Current GC threshold: 59.94 MB
CDS: on
MetaspaceReclaimPolicy: balanced
 - commit_granule_bytes: 65536.
 - commit_granule_words: 8192.
 - virtual_space_node_default_size: 8388608.
 - enlarge_chunks_in_place: 1.
 - new_chunks_are_fully_committed: 0.
 - uncommit_free_chunks: 1.
 - use_allocation_guard: 0.
 - handle_deallocations: 1.


Internal statistics:

num_allocs_failed_limit: 12.
num_arena_births: 454.
num_arena_deaths: 0.
num_vsnodes_births: 2.
num_vsnodes_deaths: 0.
num_space_committed: 861.
num_space_uncommitted: 0.
num_chunks_returned_to_freelist: 12.
num_chunks_taken_from_freelist: 1647.
num_chunk_merges: 12.
num_chunk_splits: 1251.
num_chunks_enlarged: 964.
num_inconsistent_stats: 0.

CodeHeap 'non-profiled nmethods': size=120000Kb used=4718Kb max_used=4718Kb free=115281Kb
 bounds [0x000001a7cf3a0000, 0x000001a7cf840000, 0x000001a7d68d0000]
CodeHeap 'profiled nmethods': size=120000Kb used=14482Kb max_used=14482Kb free=105517Kb
 bounds [0x000001a7c78d0000, 0x000001a7c8700000, 0x000001a7cee00000]
CodeHeap 'non-nmethods': size=5760Kb used=1540Kb max_used=1637Kb free=4219Kb
 bounds [0x000001a7cee00000, 0x000001a7cf070000, 0x000001a7cf3a0000]
 total_blobs=8103 nmethods=7172 adapters=840
 compilation: enabled
              stopped_count=0, restarted_count=0
 full_count=0

Compilation events (20 events):
Event: 39.669 Thread 0x000001a7bfcf1a40 8282       1       java.util.IdentityHashMap::size (5 bytes)
Event: 39.669 Thread 0x000001a7bfcf1a40 nmethod 8282 0x000001a7cf83ac10 code [0x000001a7cf83ada0, 0x000001a7cf83ae78]
Event: 39.671 Thread 0x000001a7bfcf1a40 8283       3       java.lang.ref.Finalizer::register (10 bytes)
Event: 39.671 Thread 0x000001a7bfcf1a40 nmethod 8283 0x000001a7c86ec810 code [0x000001a7c86ec9c0, 0x000001a7c86ecb48]
Event: 39.671 Thread 0x000001a7bfcf1a40 8284   !   3       java.lang.ref.Finalizer::<init> (49 bytes)
Event: 39.671 Thread 0x000001a7bfcf1a40 nmethod 8284 0x000001a7c86ecc10 code [0x000001a7c86ecde0, 0x000001a7c86ed3d8]
Event: 39.719 Thread 0x000001a7bfcf1a40 8285       3       javax.swing.TimerQueue::now (8 bytes)
Event: 39.719 Thread 0x000001a7bfcf1a40 nmethod 8285 0x000001a7c86ed590 code [0x000001a7c86ed720, 0x000001a7c86ed838]
Event: 39.719 Thread 0x000001a7bfcf1a40 8287       3       java.awt.EventQueue::postEvent (13 bytes)
Event: 39.719 Thread 0x000001a7bfcf1a40 nmethod 8287 0x000001a7c86ed890 code [0x000001a7c86eda60, 0x000001a7c86eddc8]
Event: 39.720 Thread 0x000001a7bfcf1a40 8288       3       sun.java2d.pipe.DrawImage::scaleImage (488 bytes)
Event: 39.721 Thread 0x000001a7bfcf1a40 nmethod 8288 0x000001a7c86edf10 code [0x000001a7c86ee280, 0x000001a7c86ef918]
Event: 39.721 Thread 0x000001a7bfcf1a40 8289       3       sun.awt.image.SurfaceManager::getImageScaleX (22 bytes)
Event: 39.721 Thread 0x000001a7bfcf1a40 nmethod 8289 0x000001a7c86f0290 code [0x000001a7c86f0480, 0x000001a7c86f0888]
Event: 39.721 Thread 0x000001a7bfcf1a40 8290       3       sun.awt.image.SurfaceManager::getImageScaleY (22 bytes)
Event: 39.721 Thread 0x000001a7bfcf1a40 nmethod 8290 0x000001a7c86f0990 code [0x000001a7c86f0b80, 0x000001a7c86f0f88]
Event: 39.721 Thread 0x000001a7bfcf1a40 8286       3       java.util.concurrent.TimeUnit::toNanos (45 bytes)
Event: 39.721 Thread 0x000001a7bfcf1a40 nmethod 8286 0x000001a7c86f1090 code [0x000001a7c86f1240, 0x000001a7c86f14b8]
Event: 39.768 Thread 0x000001a7bfcf1a40 8291       3       javax.swing.plaf.synth.ParsedSynthStyle::getPainter (4 bytes)
Event: 39.768 Thread 0x000001a7bfcf1a40 nmethod 8291 0x000001a7c86f1590 code [0x000001a7c86f1720, 0x000001a7c86f1838]

GC Heap History (20 events):
Event: 18.813 GC heap before
{Heap before GC invocations=2 (full 0):
 garbage-first heap   total 524288K, used 101771K [0x0000000701800000, 0x0000000800000000)
  region size 2048K, 40 young (81920K), 2 survivors (4096K)
 Metaspace       used 16222K, committed 16320K, reserved 1114112K
  class space    used 1500K, committed 1536K, reserved 1048576K
}
Event: 18.815 GC heap after
{Heap after GC invocations=3 (full 0):
 garbage-first heap   total 524288K, used 24047K [0x0000000701800000, 0x0000000800000000)
  region size 2048K, 2 young (4096K), 2 survivors (4096K)
 Metaspace       used 16222K, committed 16320K, reserved 1114112K
  class space    used 1500K, committed 1536K, reserved 1048576K
}
Event: 18.843 GC heap before
{Heap before GC invocations=3 (full 0):
 garbage-first heap   total 524288K, used 101871K [0x0000000701800000, 0x0000000800000000)
  region size 2048K, 40 young (81920K), 2 survivors (4096K)
 Metaspace       used 16569K, committed 16768K, reserved 1114112K
  class space    used 1589K, committed 1728K, reserved 1048576K
}
Event: 18.845 GC heap after
{Heap after GC invocations=4 (full 0):
 garbage-first heap   total 524288K, used 24102K [0x0000000701800000, 0x0000000800000000)
  region size 2048K, 2 young (4096K), 2 survivors (4096K)
 Metaspace       used 16569K, committed 16768K, reserved 1114112K
  class space    used 1589K, committed 1728K, reserved 1048576K
}
Event: 18.874 GC heap before
{Heap before GC invocations=4 (full 0):
 garbage-first heap   total 524288K, used 101926K [0x0000000701800000, 0x0000000800000000)
  region size 2048K, 40 young (81920K), 2 survivors (4096K)
 Metaspace       used 16830K, committed 17024K, reserved 1114112K
  class space    used 1631K, committed 1728K, reserved 1048576K
}
Event: 18.876 GC heap after
{Heap after GC invocations=5 (full 0):
 garbage-first heap   total 524288K, used 24156K [0x0000000701800000, 0x0000000800000000)
  region size 2048K, 2 young (4096K), 2 survivors (4096K)
 Metaspace       used 16830K, committed 17024K, reserved 1114112K
  class space    used 1631K, committed 1728K, reserved 1048576K
}
Event: 18.907 GC heap before
{Heap before GC invocations=5 (full 0):
 garbage-first heap   total 524288K, used 101980K [0x0000000701800000, 0x0000000800000000)
  region size 2048K, 40 young (81920K), 2 survivors (4096K)
 Metaspace       used 16992K, committed 17216K, reserved 1114112K
  class space    used 1665K, committed 1792K, reserved 1048576K
}
Event: 18.909 GC heap after
{Heap after GC invocations=6 (full 0):
 garbage-first heap   total 524288K, used 23651K [0x0000000701800000, 0x0000000800000000)
  region size 2048K, 2 young (4096K), 2 survivors (4096K)
 Metaspace       used 16992K, committed 17216K, reserved 1114112K
  class space    used 1665K, committed 1792K, reserved 1048576K
}
Event: 20.093 GC heap before
{Heap before GC invocations=6 (full 0):
 garbage-first heap   total 524288K, used 85091K [0x0000000701800000, 0x0000000800000000)
  region size 2048K, 34 young (69632K), 2 survivors (4096K)
 Metaspace       used 21267K, committed 21504K, reserved 1114112K
  class space    used 2171K, committed 2304K, reserved 1048576K
}
Event: 20.096 GC heap after
{Heap after GC invocations=7 (full 0):
 garbage-first heap   total 815104K, used 24744K [0x0000000701800000, 0x0000000800000000)
  region size 2048K, 3 young (6144K), 3 survivors (6144K)
 Metaspace       used 21267K, committed 21504K, reserved 1114112K
  class space    used 2171K, committed 2304K, reserved 1048576K
}
Event: 27.009 GC heap before
{Heap before GC invocations=8 (full 0):
 garbage-first heap   total 524288K, used 131240K [0x0000000701800000, 0x0000000800000000)
  region size 2048K, 33 young (67584K), 3 survivors (6144K)
 Metaspace       used 35887K, committed 36096K, reserved 1114112K
  class space    used 4308K, committed 4416K, reserved 1048576K
}
Event: 27.016 GC heap after
{Heap after GC invocations=9 (full 0):
 garbage-first heap   total 524288K, used 47797K [0x0000000701800000, 0x0000000800000000)
  region size 2048K, 5 young (10240K), 5 survivors (10240K)
 Metaspace       used 35887K, committed 36096K, reserved 1114112K
  class space    used 4308K, committed 4416K, reserved 1048576K
}
Event: 27.258 GC heap before
{Heap before GC invocations=9 (full 0):
 garbage-first heap   total 524288K, used 49845K [0x0000000701800000, 0x0000000800000000)
  region size 2048K, 7 young (14336K), 5 survivors (10240K)
 Metaspace       used 36191K, committed 36416K, reserved 1114112K
  class space    used 4358K, committed 4480K, reserved 1048576K
}
Event: 27.264 GC heap after
{Heap after GC invocations=10 (full 0):
 garbage-first heap   total 524288K, used 47714K [0x0000000701800000, 0x0000000800000000)
  region size 2048K, 1 young (2048K), 1 survivors (2048K)
 Metaspace       used 36191K, committed 36416K, reserved 1114112K
  class space    used 4358K, committed 4480K, reserved 1048576K
}
Event: 27.375 GC heap before
{Heap before GC invocations=10 (full 0):
 garbage-first heap   total 524288K, used 47714K [0x0000000701800000, 0x0000000800000000)
  region size 2048K, 3 young (6144K), 1 survivors (2048K)
 Metaspace       used 36499K, committed 36736K, reserved 1114112K
  class space    used 4379K, committed 4544K, reserved 1048576K
}
Event: 27.377 GC heap after
{Heap after GC invocations=11 (full 0):
 garbage-first heap   total 524288K, used 47102K [0x0000000701800000, 0x0000000800000000)
  region size 2048K, 1 young (2048K), 1 survivors (2048K)
 Metaspace       used 36499K, committed 36736K, reserved 1114112K
  class space    used 4379K, committed 4544K, reserved 1048576K
}
Event: 34.178 GC heap before
{Heap before GC invocations=12 (full 0):
 garbage-first heap   total 524288K, used 124926K [0x0000000701800000, 0x0000000800000000)
  region size 2048K, 40 young (81920K), 1 survivors (2048K)
 Metaspace       used 47570K, committed 47936K, reserved 1114112K
  class space    used 6161K, committed 6336K, reserved 1048576K
}
Event: 34.187 GC heap after
{Heap after GC invocations=13 (full 0):
 garbage-first heap   total 524288K, used 60118K [0x0000000701800000, 0x0000000800000000)
  region size 2048K, 5 young (10240K), 5 survivors (10240K)
 Metaspace       used 47570K, committed 47936K, reserved 1114112K
  class space    used 6161K, committed 6336K, reserved 1048576K
}
Event: 37.546 GC heap before
{Heap before GC invocations=13 (full 0):
 garbage-first heap   total 524288K, used 137942K [0x0000000701800000, 0x0000000800000000)
  region size 2048K, 40 young (81920K), 5 survivors (10240K)
 Metaspace       used 54197K, committed 54528K, reserved 1114112K
  class space    used 7301K, committed 7488K, reserved 1048576K
}
Event: 37.557 GC heap after
{Heap after GC invocations=14 (full 0):
 garbage-first heap   total 524288K, used 80609K [0x0000000701800000, 0x0000000800000000)
  region size 2048K, 5 young (10240K), 5 survivors (10240K)
 Metaspace       used 54197K, committed 54528K, reserved 1114112K
  class space    used 7301K, committed 7488K, reserved 1048576K
}

Dll operation events (20 events):
Event: 15.631 Loaded shared library D:\xilinx\Vivado\2023.2\lib\win64.o\librdi_labtoolstasks.dll
Event: 15.706 Loaded shared library D:\xilinx\Vivado\2023.2\lib\win64.o\librdi_simtcltasks.dll
Event: 16.048 Loaded shared library D:\xilinx\Vivado\2023.2\lib\win64.o\librdi_ipservicestasks.dll
Event: 16.050 Loaded shared library D:\xilinx\Vivado\2023.2\lib\win64.o\librdi_vivadotasks.dll
Event: 16.051 Loaded shared library D:\xilinx\Vivado\2023.2\lib\win64.o\librdi_board.dll
Event: 16.052 Loaded shared library D:\xilinx\Vivado\2023.2\lib\win64.o\librdi_boarddep.dll
Event: 16.053 Loaded shared library D:\xilinx\Vivado\2023.2\lib\win64.o\librdi_boardcommontasks.dll
Event: 16.054 Loaded shared library D:\xilinx\Vivado\2023.2\lib\win64.o\librdi_ptgen.dll
Event: 16.054 Loaded shared library D:\xilinx\Vivado\2023.2\lib\win64.o\librdi_ip.dll
Event: 16.055 Loaded shared library D:\xilinx\Vivado\2023.2\lib\win64.o\librdi_mig.dll
Event: 16.057 Loaded shared library D:\xilinx\Vivado\2023.2\lib\win64.o\librdi_implflow.dll
Event: 16.058 Loaded shared library D:\xilinx\Vivado\2023.2\lib\win64.o\librdi_xhubtasks.dll
Event: 16.440 Loaded shared library D:\xilinx\Vivado\2023.2\lib\win64.o\librdi_iptasks.dll
Event: 16.442 Loaded shared library D:\xilinx\Vivado\2023.2\lib\win64.o\librdi_synth.dll
Event: 20.004 Loaded shared library D:\xilinx\Vivado\2023.2\tps\win64\jre17.0.7_7\bin\verify.dll
Event: 20.839 Loaded shared library D:\xilinx\Vivado\2023.2\tps\win64\jre17.0.7_7\bin\javajpeg.dll
Event: 20.928 Loaded shared library D:\xilinx\Vivado\2023.2\tps\win64\jre17.0.7_7\bin\lcms.dll
Event: 21.905 Loaded shared library D:\xilinx\Vivado\2023.2\tps\win64\jre17.0.7_7\bin\freetype.dll
Event: 21.968 Loaded shared library D:\xilinx\Vivado\2023.2\tps\win64\jre17.0.7_7\bin\fontmanager.dll
Event: 33.412 Loaded shared library D:\xilinx\Vivado\2023.2\lib\win64.o\librdi_xhub.dll

Deoptimization events (20 events):
Event: 37.954 Thread 0x000001a7e8d0be40 Uncommon trap: trap_request=0xffffffde fr.pc=0x000001a7cf5b2d74 relative=0x00000000000000d4
Event: 37.954 Thread 0x000001a7e8d0be40 Uncommon trap: reason=class_check action=maybe_recompile pc=0x000001a7cf5b2d74 method=java.lang.Character.codePointAt(Ljava/lang/CharSequence;I)I @ 2 c2
Event: 37.954 Thread 0x000001a7e8d0be40 DEOPT PACKING pc=0x000001a7cf5b2d74 sp=0x0000004b615fec70
Event: 37.954 Thread 0x000001a7e8d0be40 DEOPT UNPACKING pc=0x000001a7cee569a3 sp=0x0000004b615febf8 mode 2
Event: 37.954 Thread 0x000001a7e8d0be40 Uncommon trap: trap_request=0xffffffde fr.pc=0x000001a7cf5b2d74 relative=0x00000000000000d4
Event: 37.954 Thread 0x000001a7e8d0be40 Uncommon trap: reason=class_check action=maybe_recompile pc=0x000001a7cf5b2d74 method=java.lang.Character.codePointAt(Ljava/lang/CharSequence;I)I @ 2 c2
Event: 37.954 Thread 0x000001a7e8d0be40 DEOPT PACKING pc=0x000001a7cf5b2d74 sp=0x0000004b615fec70
Event: 37.954 Thread 0x000001a7e8d0be40 DEOPT UNPACKING pc=0x000001a7cee569a3 sp=0x0000004b615febf8 mode 2
Event: 37.954 Thread 0x000001a7e8d0be40 Uncommon trap: trap_request=0xffffffde fr.pc=0x000001a7cf5b2d74 relative=0x00000000000000d4
Event: 37.954 Thread 0x000001a7e8d0be40 Uncommon trap: reason=class_check action=maybe_recompile pc=0x000001a7cf5b2d74 method=java.lang.Character.codePointAt(Ljava/lang/CharSequence;I)I @ 2 c2
Event: 37.954 Thread 0x000001a7e8d0be40 DEOPT PACKING pc=0x000001a7cf5b2d74 sp=0x0000004b615fec70
Event: 37.954 Thread 0x000001a7e8d0be40 DEOPT UNPACKING pc=0x000001a7cee569a3 sp=0x0000004b615febf8 mode 2
Event: 37.972 Thread 0x000001a7e71d05e0 Uncommon trap: trap_request=0xffffff45 fr.pc=0x000001a7cf749494 relative=0x0000000000000254
Event: 37.972 Thread 0x000001a7e71d05e0 Uncommon trap: reason=unstable_if action=reinterpret pc=0x000001a7cf749494 method=java.awt.Container.createHierarchyEvents(ILjava/awt/Component;Ljava/awt/Container;JZ)I @ 22 c2
Event: 37.972 Thread 0x000001a7e71d05e0 DEOPT PACKING pc=0x000001a7cf749494 sp=0x0000004b59cfe380
Event: 37.972 Thread 0x000001a7e71d05e0 DEOPT UNPACKING pc=0x000001a7cee569a3 sp=0x0000004b59cfe338 mode 2
Event: 37.972 Thread 0x000001a7e71d05e0 Uncommon trap: trap_request=0xffffff45 fr.pc=0x000001a7cf748ec8 relative=0x00000000000000c8
Event: 37.972 Thread 0x000001a7e71d05e0 Uncommon trap: reason=unstable_if action=reinterpret pc=0x000001a7cf748ec8 method=java.awt.Component.createHierarchyEvents(ILjava/awt/Component;Ljava/awt/Container;JZ)I @ 32 c2
Event: 37.972 Thread 0x000001a7e71d05e0 DEOPT PACKING pc=0x000001a7cf748ec8 sp=0x0000004b59cfde00
Event: 37.972 Thread 0x000001a7e71d05e0 DEOPT UNPACKING pc=0x000001a7cee569a3 sp=0x0000004b59cfddb8 mode 2

Classes unloaded (0 events):
No events

Classes redefined (0 events):
No events

Internal exceptions (20 events):
Event: 27.018 Thread 0x000001a7e71d05e0 Implicit null exception at 0x000001a7cf3ea634 to 0x000001a7cf3ea9b4
Event: 27.587 Thread 0x000001a7e71d05e0 Exception <a 'java/lang/NoSuchMethodError'{0x00000007215e67d0}: 'java.lang.Object java.lang.invoke.DirectMethodHandle$Holder.invokeSpecial(java.lang.Object, java.lang.Object, long, java.lang.Object, int, int, int, int, java.lang.Object, java.lang.Object, java.lang.Object)'> (0x00000007215e67d0) 
thrown [s\src\hotspot\share\interpreter\linkResolver.cpp, line 759]
Event: 27.588 Thread 0x000001a7e71d05e0 Exception <a 'java/lang/NoSuchMethodError'{0x00000007215ea7c0}: 'java.lang.Object java.lang.invoke.DelegatingMethodHandle$Holder.reinvoke_L(java.lang.Object, long, java.lang.Object, int, int, int, int, java.lang.Object, java.lang.Object, java.lang.Object)'> (0x00000007215ea7c0) 
thrown [s\src\hotspot\share\interpreter\linkResolver.cpp, line 759]
Event: 27.601 Thread 0x000001a7e71d05e0 Exception <a 'java/lang/NoSuchMethodError'{0x000000072125a020}: 'java.lang.Object java.lang.invoke.DirectMethodHandle$Holder.invokeSpecial(java.lang.Object, java.lang.Object, long, java.lang.Object, java.lang.Object, java.lang.Object, java.lang.Object, int, java.lang.Object, java.lang.Object, java.lang.Object)'> (0x000000072125a020) 
thrown [s\src\hotspot\share\interpreter\linkResolver.cpp, line 759]
Event: 27.602 Thread 0x000001a7e71d05e0 Exception <a 'java/lang/NoSuchMethodError'{0x000000072125eb80}: 'java.lang.Object java.lang.invoke.DelegatingMethodHandle$Holder.reinvoke_L(java.lang.Object, long, java.lang.Object, java.lang.Object, java.lang.Object, java.lang.Object, int, java.lang.Object, java.lang.Object, java.lang.Object)'> (0x000000072125eb80) 
thrown [s\src\hotspot\share\interpreter\linkResolver.cpp, line 759]
Event: 27.922 Thread 0x000001a7e8d092f0 Implicit null exception at 0x000001a7cf444077 to 0x000001a7cf444904
Event: 27.923 Thread 0x000001a7e8d097c0 Implicit null exception at 0x000001a7cf3dd352 to 0x000001a7cf3dd950
Event: 31.925 Thread 0x000001a7e71d05e0 Implicit null exception at 0x000001a7cf5bd68f to 0x000001a7cf5bde70
Event: 33.085 Thread 0x000001a7e8d0d650 Implicit null exception at 0x000001a7cf51750d to 0x000001a7cf517a0c
Event: 34.703 Thread 0x000001a7e71d05e0 Implicit null exception at 0x000001a7cf719f37 to 0x000001a7cf719fe9
Event: 35.669 Thread 0x000001a7e71d05e0 Implicit null exception at 0x000001a7cf67d00d to 0x000001a7cf67d344
Event: 36.155 Thread 0x000001a7e71d05e0 Exception <a 'java/lang/NoSuchMethodError'{0x000000071ec0ed20}: 'java.lang.Object java.lang.invoke.DirectMethodHandle$Holder.invokeSpecial(java.lang.Object, java.lang.Object, java.lang.Object, int, java.lang.Object)'> (0x000000071ec0ed20) 
thrown [s\src\hotspot\share\interpreter\linkResolver.cpp, line 759]
Event: 36.413 Thread 0x000001a7e71d05e0 Implicit null exception at 0x000001a7cf501c89 to 0x000001a7cf501d3c
Event: 36.729 Thread 0x000001a7e71d2790 Exception <a 'java/lang/NoSuchMethodError'{0x000000071e5ae5e8}: 'void java.lang.invoke.DirectMethodHandle$Holder.invokeSpecial(java.lang.Object, java.lang.Object, long)'> (0x000000071e5ae5e8) 
thrown [s\src\hotspot\share\interpreter\linkResolver.cpp, line 759]
Event: 36.730 Thread 0x000001a7e71d2790 Exception <a 'java/lang/NoSuchMethodError'{0x000000071e5b3f00}: 'java.lang.Object java.lang.invoke.DirectMethodHandle$Holder.newInvokeSpecial(java.lang.Object, java.lang.Object, long)'> (0x000000071e5b3f00) 
thrown [s\src\hotspot\share\interpreter\linkResolver.cpp, line 759]
Event: 36.730 Thread 0x000001a7e71d2790 Exception <a 'java/lang/NoSuchMethodError'{0x000000071e5b77c8}: 'java.lang.Object java.lang.invoke.Invokers$Holder.linkToTargetMethod(java.lang.Object, long, java.lang.Object)'> (0x000000071e5b77c8) 
thrown [s\src\hotspot\share\interpreter\linkResolver.cpp, line 759]
Event: 36.847 Thread 0x000001a7e71d05e0 Exception <a 'java/lang/NoSuchMethodError'{0x000000071e33d008}: 'java.lang.Object java.lang.invoke.DirectMethodHandle$Holder.invokeSpecial(java.lang.Object, java.lang.Object, long, java.lang.Object, int, int, int, java.lang.Object, java.lang.Object, int, int)'> (0x000000071e33d008) 
thrown [s\src\hotspot\share\interpreter\linkResolver.cpp, line 759]
Event: 36.847 Thread 0x000001a7e71d05e0 Exception <a 'java/lang/NoSuchMethodError'{0x000000071e340e28}: 'java.lang.Object java.lang.invoke.DelegatingMethodHandle$Holder.reinvoke_L(java.lang.Object, long, java.lang.Object, int, int, int, java.lang.Object, java.lang.Object, int, int)'> (0x000000071e340e28) 
thrown [s\src\hotspot\share\interpreter\linkResolver.cpp, line 759]
Event: 37.953 Thread 0x000001a7e8d0be40 Implicit null exception at 0x000001a7cf7288e0 to 0x000001a7cf7289c0
Event: 37.987 Thread 0x000001a7e71d05e0 Exception <a 'java/lang/NoSuchMethodError'{0x0000000721442690}: 'int java.lang.invoke.DirectMethodHandle$Holder.invokeStatic(java.lang.Object)'> (0x0000000721442690) 
thrown [s\src\hotspot\share\interpreter\linkResolver.cpp, line 759]

VM Operations (20 events):
Event: 37.038 Executing VM operation: HandshakeAllThreads
Event: 37.038 Executing VM operation: HandshakeAllThreads done
Event: 37.281 Executing VM operation: ICBufferFull
Event: 37.281 Executing VM operation: ICBufferFull done
Event: 37.341 Executing VM operation: HandshakeAllThreads
Event: 37.341 Executing VM operation: HandshakeAllThreads done
Event: 37.352 Executing VM operation: HandshakeAllThreads
Event: 37.352 Executing VM operation: HandshakeAllThreads done
Event: 37.546 Executing VM operation: G1CollectForAllocation
Event: 37.557 Executing VM operation: G1CollectForAllocation done
Event: 37.817 Executing VM operation: HandshakeAllThreads
Event: 37.817 Executing VM operation: HandshakeAllThreads done
Event: 37.862 Executing VM operation: HandshakeAllThreads
Event: 37.862 Executing VM operation: HandshakeAllThreads done
Event: 37.965 Executing VM operation: HandshakeAllThreads
Event: 37.965 Executing VM operation: HandshakeAllThreads done
Event: 38.076 Executing VM operation: ICBufferFull
Event: 38.076 Executing VM operation: ICBufferFull done
Event: 39.077 Executing VM operation: Cleanup
Event: 39.077 Executing VM operation: Cleanup done

Events (20 events):
Event: 37.987 loading class sun/awt/ModalityEvent done
Event: 37.988 loading class java/awt/WaitDispatchSupport
Event: 37.989 loading class java/awt/SecondaryLoop
Event: 37.989 loading class java/awt/SecondaryLoop done
Event: 37.989 loading class java/awt/WaitDispatchSupport done
Event: 37.989 loading class java/awt/WaitDispatchSupport$5
Event: 37.989 loading class java/awt/WaitDispatchSupport$5 done
Event: 37.989 loading class java/awt/WaitDispatchSupport$1
Event: 37.989 loading class java/awt/WaitDispatchSupport$1 done
Event: 37.989 loading class java/awt/WaitDispatchSupport$2
Event: 37.989 loading class java/awt/WaitDispatchSupport$2 done
Event: 37.989 loading class java/awt/WaitDispatchSupport$4
Event: 37.989 loading class java/awt/WaitDispatchSupport$4 done
Event: 38.016 Thread 0x000001a7e7e2a940 Thread exited: 0x000001a7e7e2a940
Event: 38.061 Thread 0x000001a7e8d092f0 Thread added: 0x000001a7e8d092f0
Event: 38.419 Thread 0x000001a7ee6fc1b0 Thread exited: 0x000001a7ee6fc1b0
Event: 38.728 Thread 0x000001a7e7e29f20 Thread added: 0x000001a7e7e29f20
Event: 38.729 Thread 0x000001a7e7e28ae0 Thread added: 0x000001a7e7e28ae0
Event: 38.869 Thread 0x000001a7e7e28ae0 Thread exited: 0x000001a7e7e28ae0
Event: 38.869 Thread 0x000001a7e7e29f20 Thread exited: 0x000001a7e7e29f20


Dynamic libraries:
0x00007ff703c40000 - 0x00007ff703c71000 	D:\xilinx\Vivado\2023.2\bin\unwrapped\win64.o\vivado.exe
0x00007ffded110000 - 0x00007ffded308000 	C:\WINDOWS\SYSTEM32\ntdll.dll
0x00007ffdebc50000 - 0x00007ffdebd0d000 	C:\WINDOWS\System32\KERNEL32.DLL
0x00007ffdeab10000 - 0x00007ffdeae06000 	C:\WINDOWS\System32\KERNELBASE.dll
0x00007ffdeae70000 - 0x00007ffdeaf70000 	C:\WINDOWS\System32\ucrtbase.dll
0x00007ffdcbc30000 - 0x00007ffdcbcbd000 	C:\WINDOWS\SYSTEM32\MSVCP140.dll
0x00007ffde1f20000 - 0x00007ffde1f3d000 	C:\WINDOWS\SYSTEM32\VCRUNTIME140.dll
0x00007ffde4c90000 - 0x00007ffde4c9c000 	C:\WINDOWS\SYSTEM32\VCRUNTIME140_1.dll
0x00007ffdcd610000 - 0x00007ffdcd62c000 	D:\xilinx\Vivado\2023.2\lib\win64.o\librdi_commonmain.dll
0x00007ffdc87d0000 - 0x00007ffdc87f1000 	D:\xilinx\Vivado\2023.2\lib\win64.o\libboost_filesystem.dll
0x00007ffded020000 - 0x00007ffded0d0000 	C:\WINDOWS\System32\ADVAPI32.dll
0x00007ffdecb20000 - 0x00007ffdecbbe000 	C:\WINDOWS\System32\msvcrt.dll
0x00007ffdecf80000 - 0x00007ffded020000 	C:\WINDOWS\System32\sechost.dll
0x00007ffdebb00000 - 0x00007ffdebc23000 	C:\WINDOWS\System32\RPCRT4.dll
0x00007ffdeae40000 - 0x00007ffdeae67000 	C:\WINDOWS\System32\bcrypt.dll
0x00007ffd58140000 - 0x00007ffd58570000 	D:\xilinx\Vivado\2023.2\lib\win64.o\python38.dll
0x00007ffdeb720000 - 0x00007ffdeb775000 	C:\WINDOWS\System32\SHLWAPI.dll
0x00007ffdeba00000 - 0x00007ffdeba6b000 	C:\WINDOWS\System32\WS2_32.dll
0x00007ffde6390000 - 0x00007ffde6399000 	D:\xilinx\Vivado\2023.2\lib\win64.o\librdi_commonversion.dll
0x00007ffdc8470000 - 0x00007ffdc8626000 	D:\xilinx\Vivado\2023.2\lib\win64.o\librdi_commonxillic.dll
0x00007ffdec210000 - 0x00007ffdec3af000 	C:\WINDOWS\System32\USER32.dll
0x00007ffdeae10000 - 0x00007ffdeae32000 	C:\WINDOWS\System32\win32u.dll
0x00007ffdeb140000 - 0x00007ffdeb16b000 	C:\WINDOWS\System32\GDI32.dll
0x00007ffdea9a0000 - 0x00007ffdeaab7000 	C:\WINDOWS\System32\gdi32full.dll
0x00007ffdea900000 - 0x00007ffdea99d000 	C:\WINDOWS\System32\msvcp_win.dll
0x00000000711c0000 - 0x00000000712ec000 	D:\xilinx\Vivado\2023.2\lib\win64.o\tcl85t.dll
0x00007ffde29e0000 - 0x00007ffde29ea000 	C:\WINDOWS\SYSTEM32\VERSION.dll
0x00007ffd54000000 - 0x00007ffd556aa000 	D:\xilinx\Vivado\2023.2\lib\win64.o\librdi_common.dll
0x00007ffdec3b0000 - 0x00007ffdecb1b000 	C:\WINDOWS\System32\SHELL32.dll
0x00007ffdeaf70000 - 0x00007ffdeafd7000 	C:\WINDOWS\System32\WINTRUST.dll
0x00007ffdc8350000 - 0x00007ffdc8464000 	D:\xilinx\Vivado\2023.2\lib\win64.o\libboost_regex.dll
0x00007ffd647d0000 - 0x00007ffd64afd000 	D:\xilinx\Vivado\2023.2\lib\win64.o\libXil_lmgr11.dll
0x00007ffdebe30000 - 0x00007ffdebf0a000 	C:\WINDOWS\System32\COMDLG32.dll
0x00007ffdecc20000 - 0x00007ffdecf73000 	C:\WINDOWS\System32\combase.dll
0x00007ffdeb910000 - 0x00007ffdeb9bd000 	C:\WINDOWS\System32\shcore.dll
0x00007ffdeb5e0000 - 0x00007ffdeb6ad000 	C:\WINDOWS\System32\OLEAUT32.dll
0x00007ffdebf10000 - 0x00007ffdec03b000 	C:\WINDOWS\System32\ole32.dll
0x00007ffdeafe0000 - 0x00007ffdeb13e000 	C:\WINDOWS\System32\CRYPT32.dll
0x00007ffd563f0000 - 0x00007ffd5675e000 	D:\xilinx\Vivado\2023.2\lib\win64.o\libCOIN-all.dll
0x00007ffdc8330000 - 0x00007ffdc8341000 	D:\xilinx\Vivado\2023.2\lib\win64.o\libboost_date_time.dll
0x00007ffdb4730000 - 0x00007ffdb47a9000 	D:\xilinx\Vivado\2023.2\lib\win64.o\libboost_program_options.dll
0x00007ffdc8310000 - 0x00007ffdc832c000 	D:\xilinx\Vivado\2023.2\lib\win64.o\libboost_thread.dll
0x00007ffde4e90000 - 0x00007ffde4e9c000 	D:\xilinx\Vivado\2023.2\lib\win64.o\libboost_xilinx.dll
0x00007ffdb46a0000 - 0x00007ffdb4722000 	D:\xilinx\Vivado\2023.2\lib\win64.o\libhdlpsolve.dll
0x00007ffdb2450000 - 0x00007ffdb24f5000 	D:\xilinx\Vivado\2023.2\lib\win64.o\libhdxml.dll
0x00007ffdbabd0000 - 0x00007ffdbabfa000 	D:\xilinx\Vivado\2023.2\lib\win64.o\libisl_sysinfo.dll
0x00007ffdb35b0000 - 0x00007ffdb3615000 	D:\xilinx\Vivado\2023.2\lib\win64.o\liblmx6.0.dll
0x00007ffdc82f0000 - 0x00007ffdc830a000 	D:\xilinx\Vivado\2023.2\lib\win64.o\pthreadVC2.dll
0x00007ffdc77b0000 - 0x00007ffdc77cc000 	D:\xilinx\Vivado\2023.2\lib\win64.o\librdiconfig.dll
0x00007ffdba950000 - 0x00007ffdba971000 	D:\xilinx\Vivado\2023.2\lib\win64.o\librdizlib.dll
0x00007ffd52fd0000 - 0x00007ffd53ff4600 	D:\xilinx\Vivado\2023.2\lib\win64.o\libisl_iostreams.dll
0x00007ffdd8a30000 - 0x00007ffdd8a49000 	C:\WINDOWS\SYSTEM32\NETAPI32.dll
0x00007ffdd8190000 - 0x00007ffdd8666000 	C:\WINDOWS\SYSTEM32\WININET.dll
0x00007ffde28d0000 - 0x00007ffde29da000 	C:\WINDOWS\SYSTEM32\WINHTTP.dll
0x00007ffdd8800000 - 0x00007ffdd89ec000 	C:\WINDOWS\SYSTEM32\urlmon.dll
0x00007ffdbdb50000 - 0x00007ffdbdb59000 	C:\WINDOWS\SYSTEM32\WSOCK32.dll
0x00007ffdb2410000 - 0x00007ffdb2442000 	C:\WINDOWS\SYSTEM32\VCOMP140.DLL
0x00007ffdd05c0000 - 0x00007ffdd0670000 	C:\WINDOWS\WinSxS\amd64_microsoft.windows.common-controls_6595b64144ccf1df_5.82.19041.3636_none_7931fb75243f97c8\COMCTL32.dll
0x00007ffde32f0000 - 0x00007ffde330d000 	C:\WINDOWS\SYSTEM32\dhcpcsvc.DLL
0x00007ffdea6b0000 - 0x00007ffdea6de000 	C:\WINDOWS\SYSTEM32\USERENV.dll
0x00007ffdc62c0000 - 0x00007ffdc62d8000 	D:\xilinx\Vivado\2023.2\lib\win64.o\libboost_iostreams.dll
0x00007ffd69f50000 - 0x00007ffd6a211000 	D:\xilinx\Vivado\2023.2\lib\win64.o\xerces-c_3_2.dll
0x00007ffdd7650000 - 0x00007ffdd790c000 	C:\WINDOWS\SYSTEM32\iertutil.dll
0x00007ffdd79e0000 - 0x00007ffdd7a08000 	C:\WINDOWS\SYSTEM32\srvcli.dll
0x00007ffde9bf0000 - 0x00007ffde9bfc000 	C:\WINDOWS\SYSTEM32\netutils.dll
0x00007ffdb3c30000 - 0x00007ffdb3c54000 	D:\xilinx\Vivado\2023.2\lib\win64.o\libisl_iosutils.dll
0x00007ffd510b0000 - 0x00007ffd52fc7000 	D:\xilinx\Vivado\2023.2\lib\win64.o\gurobi90.dll
0x00007ffdecbc0000 - 0x00007ffdecc1e000 	C:\WINDOWS\System32\WLDAP32.dll
0x00007ffdebc40000 - 0x00007ffdebc48000 	C:\WINDOWS\System32\Normaliz.dll
0x00007ffde9f10000 - 0x00007ffde9f7a000 	C:\WINDOWS\SYSTEM32\MSWSOCK.DLL
0x00007ffdeb9c0000 - 0x00007ffdeb9f2000 	C:\WINDOWS\System32\IMM32.DLL
0x00007ffdea380000 - 0x00007ffdea392000 	C:\WINDOWS\SYSTEM32\MSASN1.dll
0x00007ffdea120000 - 0x00007ffdea138000 	C:\WINDOWS\SYSTEM32\CRYPTSP.dll
0x00007ffde97c0000 - 0x00007ffde97f4000 	C:\WINDOWS\system32\rsaenh.dll
0x00007ffdea140000 - 0x00007ffdea14c000 	C:\WINDOWS\SYSTEM32\CRYPTBASE.dll
0x00007ffdea7c0000 - 0x00007ffdea842000 	C:\WINDOWS\System32\bcryptPrimitives.dll
0x00007ffdec1f0000 - 0x00007ffdec20d000 	C:\WINDOWS\System32\imagehlp.dll
0x00007ffde8610000 - 0x00007ffde8622000 	C:\WINDOWS\SYSTEM32\kernel.appcore.dll
0x00007ffd55ea0000 - 0x00007ffd563ed000 	D:\xilinx\Vivado\2023.2\lib\win64.o\librdi_commontasks.dll
0x00007ffd50460000 - 0x00007ffd510a8000 	D:\xilinx\Vivado\2023.2\tps\win64\jre17.0.7_7\bin\server\jvm.dll
0x00007ffdde890000 - 0x00007ffdde8b7000 	C:\WINDOWS\SYSTEM32\WINMM.dll
0x00007ffd50130000 - 0x00007ffd5045b800 	D:\xilinx\Vivado\2023.2\lib\win64.o\librdi_sio.dll
0x00007ffde9bb0000 - 0x00007ffde9beb000 	C:\WINDOWS\SYSTEM32\IPHLPAPI.DLL
0x00007ffde8fc0000 - 0x00007ffde8fe3000 	C:\WINDOWS\SYSTEM32\gpapi.dll
0x00007ffde1e20000 - 0x00007ffde1e51000 	C:\Windows\System32\cryptnet.dll
0x00007ffdea6f0000 - 0x00007ffdea713000 	C:\WINDOWS\SYSTEM32\profapi.dll
0x00007ffde3c40000 - 0x00007ffde3c4b000 	C:\WINDOWS\SYSTEM32\WINNSI.DLL
0x00007ffdeb710000 - 0x00007ffdeb718000 	C:\WINDOWS\System32\NSI.dll
0x00007ffde2b30000 - 0x00007ffde2b47000 	C:\WINDOWS\SYSTEM32\dhcpcsvc6.DLL
0x00007ffdd7910000 - 0x00007ffdd79a8000 	C:\WINDOWS\SYSTEM32\webio.dll
0x00007ffdea670000 - 0x00007ffdea6a2000 	C:\WINDOWS\SYSTEM32\SspiCli.dll
0x00007ffde9c00000 - 0x00007ffde9ccb000 	C:\WINDOWS\SYSTEM32\DNSAPI.dll
0x00007ffde3a80000 - 0x00007ffde3a8a000 	C:\Windows\System32\rasadhlp.dll
0x00007ffddf3a0000 - 0x00007ffddf420000 	C:\WINDOWS\System32\fwpuclnt.dll
0x00007ffdcaa10000 - 0x00007ffdcaa27000 	C:\WINDOWS\system32\napinsp.dll
0x00007ffdcaa30000 - 0x00007ffdcaa4b000 	C:\WINDOWS\system32\pnrpnsp.dll
0x00007ffde5350000 - 0x00007ffde5365000 	C:\WINDOWS\system32\wshbth.dll
0x00007ffde6200000 - 0x00007ffde621d000 	C:\WINDOWS\system32\NLAapi.dll
0x00007ffdcb190000 - 0x00007ffdcb1a2000 	C:\WINDOWS\System32\winrnr.dll
0x00007ffde8810000 - 0x00007ffde8fae000 	C:\WINDOWS\SYSTEM32\windows.storage.dll
0x00007ffdea1f0000 - 0x00007ffdea21e000 	C:\WINDOWS\SYSTEM32\Wldp.dll
0x00007ffd4d360000 - 0x00007ffd50126000 	D:\xilinx\Vivado\2023.2\lib\win64.o\librdi_tcltasks.dll
0x00007ffdb2380000 - 0x00007ffdb2403000 	D:\xilinx\Vivado\2023.2\lib\win64.o\librdi_boarddep.dll
0x00007ffdb0b10000 - 0x00007ffdb0d10000 	D:\xilinx\Vivado\2023.2\lib\win64.o\librdi_board.dll
0x00007ffd4ce70000 - 0x00007ffd4d351000 	D:\xilinx\Vivado\2023.2\lib\win64.o\librdi_bitstream.dll
0x00007ffd7f220000 - 0x00007ffd7f34a000 	D:\xilinx\Vivado\2023.2\lib\win64.o\librdi_chipscope.dll
0x00007ffd69da0000 - 0x00007ffd69f0e000 	D:\xilinx\Vivado\2023.2\lib\win64.o\librdi_containers.dll
0x00007ffd631a0000 - 0x00007ffd633a7000 	D:\xilinx\Vivado\2023.2\lib\win64.o\librdi_chipscopeimpl.dll
0x00007ffd4a770000 - 0x00007ffd4ce65000 	D:\xilinx\Vivado\2023.2\lib\win64.o\librdi_constraints.dll
0x00007ffd48960000 - 0x00007ffd4a767000 	D:\xilinx\Vivado\2023.2\lib\win64.o\librdi_designutils.dll
0x00007ffd47350000 - 0x00007ffd48953000 	D:\xilinx\Vivado\2023.2\lib\win64.o\librdi_device.dll
0x00007ffd46c10000 - 0x00007ffd47346000 	D:\xilinx\Vivado\2023.2\lib\win64.o\librdi_drc.dll
0x00007ffdb22c0000 - 0x00007ffdb2374000 	D:\xilinx\Vivado\2023.2\lib\win64.o\librdi_dsp.dll
0x00007ffd46870000 - 0x00007ffd46c0f000 	D:\xilinx\Vivado\2023.2\lib\win64.o\librdi_dlyest.dll
0x00007ffd44130000 - 0x00007ffd46866000 	D:\xilinx\Vivado\2023.2\lib\win64.o\librdi_coregen.dll
0x00007ffd7f1b0000 - 0x00007ffd7f21b000 	D:\xilinx\Vivado\2023.2\lib\win64.o\librdi_hdf.dll
0x00007ffd43970000 - 0x00007ffd4412f000 	D:\xilinx\Vivado\2023.2\lib\win64.o\librdi_filemgmt.dll
0x00007ffd43680000 - 0x00007ffd43964000 	D:\xilinx\Vivado\2023.2\lib\win64.o\librdi_hip_devdesign.dll
0x00007ffd42780000 - 0x00007ffd4301a000 	D:\xilinx\Vivado\2023.2\lib\win64.o\librdi_lopt.dll
0x00007ffd43020000 - 0x00007ffd43676000 	D:\xilinx\Vivado\2023.2\lib\win64.o\librdi_memdata.dll
0x00007ffd693f0000 - 0x00007ffd69538000 	D:\xilinx\Vivado\2023.2\lib\win64.o\librdi_hip_perf_analysis.dll
0x00007ffd418d0000 - 0x00007ffd42780000 	D:\xilinx\Vivado\2023.2\lib\win64.o\librdi_ippcw.dll
0x00007ffd40780000 - 0x00007ffd418c3000 	D:\xilinx\Vivado\2023.2\lib\win64.o\librdi_implflow.dll
0x00007ffd6e600000 - 0x00007ffd6e672000 	D:\xilinx\Vivado\2023.2\lib\win64.o\librdi_noc_frameworks.dll
0x00007ffd6e4b0000 - 0x00007ffd6e52d000 	D:\xilinx\Vivado\2023.2\lib\win64.o\librdi_memoryarray.dll
0x00007ffd6e5a0000 - 0x00007ffd6e5fc000 	D:\xilinx\Vivado\2023.2\lib\win64.o\librdi_pfi.dll
0x00007ffd3d520000 - 0x00007ffd3dd24000 	D:\xilinx\Vivado\2023.2\lib\win64.o\librdi_netlist.dll
0x00007ffd3dd30000 - 0x00007ffd40771000 	D:\xilinx\Vivado\2023.2\lib\win64.o\librdi_mig.dll

dbghelp: loaded successfully - version: 4.0.5 - missing functions: none
symbol engine: initialized successfully - sym options: 0x614 - pdb path: .;D:\xilinx\Vivado\2023.2\bin\unwrapped\win64.o;C:\WINDOWS\SYSTEM32;D:\xilinx\Vivado\2023.2\lib\win64.o;C:\WINDOWS\WinSxS\amd64_microsoft.windows.common-controls_6595b64144ccf1df_5.82.19041.3636_none_7931fb75243f97c8;D:\xilinx\Vivado\2023.2\tps\win64\jre17.0.7_7\bin\server;D:\xilinx\Vivado\2023.2\tps\win64\jre17.0.7_7\bin;C:\WINDOWS\WinSxS\amd64_microsoft.windows.common-controls_6595b64144ccf1df_6.0.19041.3636_none_60b6a03d71f818d5

VM Arguments:
jvm_args: -Dsun.java2d.pmoffscreen=false -Dhttps.protocols=TLSv1,TLSv1.1,TLSv1.2 -Dsun.java2d.xrender=false -Dsun.java2d.d3d=false -Dsun.awt.nopixfmt=true -Dsun.java2d.dpiaware=true -Dsun.java2d.uiScale.enabled=false -Dswing.aatext=true -XX:-UsePerfData -Djdk.map.althashing.threshold=512 -XX:StringTableSize=4072 -XX:+UseStringDeduplication -XX:MaxGCPauseMillis=200 -XX:+ParallelRefProcEnabled --add-opens=java.desktop/javax.swing.plaf.synth=ALL-UNNAMED --add-opens=java.base/java.nio=ALL-UNNAMED --add-opens=java.desktop/sun.swing=ALL-UNNAMED --add-opens=java.desktop/javax.swing=ALL-UNNAMED --add-opens=java.desktop/javax.swing.tree=ALL-UNNAMED --add-opens=java.desktop/javax.swing.plaf.basic=ALL-UNNAMED --add-opens=java.desktop/javax.swing.plaf.synth=ALL-UNNAMED --add-opens=java.desktop/javax.swing.plaf.basic=ALL-UNNAMED --add-opens=java.desktop/javax.swing=ALL-UNNAMED --add-opens=java.desktop/javax.swing.tree=ALL-UNNAMED --add-opens=java.desktop/java.awt.event=ALL-UNNAMED --add-exports=java.desktop/javax.swing.plaf.synth=ALL-UNNAMED --add-exports=java.base/java.nio=ALL-UNNAMED --add-exports=java.desktop/sun.swing=ALL-UNNAMED --add-exports=java.desktop/javax.swing=ALL-UNNAMED --add-exports=java.desktop/javax.swing.tree=ALL-UNNAMED --add-exports=java.desktop/javax.swing.plaf.basic=ALL-UNNAMED --add-exports=java.desktop/sun.swing=ALL-UNNAMED --add-exports=java.desktop/sun.swing.table=ALL-UNNAMED --add-exports=java.desktop/sun.swing.plaf.synth=ALL-UNNAMED --add-exports=java.desktop/sun.awt.shell=ALL-UNNAMED --add-exports=java.base/sun.security.action=ALL-UNNAMED --add-exports=java.desktop/sun.font=ALL-UNNAMED -XX:NewSize=80m -XX:MaxNewSize=80m -Xms512m -Xmx4072m -Xss10m 
java_command: <unknown>
java_class_path (initial): D:/xilinx/Vivado/2023.2\lib\classes\alloy.jar;D:/xilinx/Vivado/2023.2\lib\classes\asm-9.3.jar;D:/xilinx/Vivado/2023.2\lib\classes\asm-analysis-9.3.jar;D:/xilinx/Vivado/2023.2\lib\classes\asm-commons-9.3.jar;D:/xilinx/Vivado/2023.2\lib\classes\asm-tree-9.3.jar;D:/xilinx/Vivado/2023.2\lib\classes\autoesl-models.jar;D:/xilinx/Vivado/2023.2\lib\classes\batik-anim.jar;D:/xilinx/Vivado/2023.2\lib\classes\batik-awt-util.jar;D:/xilinx/Vivado/2023.2\lib\classes\batik-bridge.jar;D:/xilinx/Vivado/2023.2\lib\classes\batik-codec.jar;D:/xilinx/Vivado/2023.2\lib\classes\batik-constants.jar;D:/xilinx/Vivado/2023.2\lib\classes\batik-css.jar;D:/xilinx/Vivado/2023.2\lib\classes\batik-dom.jar;D:/xilinx/Vivado/2023.2\lib\classes\batik-ext.jar;D:/xilinx/Vivado/2023.2\lib\classes\batik-gui-util.jar;D:/xilinx/Vivado/2023.2\lib\classes\batik-gvt.jar;D:/xilinx/Vivado/2023.2\lib\classes\batik-i18n.jar;D:/xilinx/Vivado/2023.2\lib\classes\batik-parser.jar;D:/xilinx/Vivado/2023.2\lib\classes\batik-script.jar;D:/xilinx/Vivado/2023.2\lib\classes\batik-svg-dom.jar;D:/xilinx/Vivado/2023.2\lib\classes\batik-svggen.jar;D:/xilinx/Vivado/2023.2\lib\classes\batik-swing.jar;D:/xilinx/Vivado/2023.2\lib\classes\batik-transcoder.jar;D:/xilinx/Vivado/2023.2\lib\classes\batik-util.jar;D:/xilinx/Vivado/2023.2\lib\classes\batik-xml.jar;D:/xilinx/Vivado/2023.2\lib\classes\com.fasterxml.jackson.core.jackson-annotations_2.12.1.v20210128-1726.jar;D:/xilinx/Vivado/2023.2\lib\classes\com.fasterxml.jackson.core.jackson-core_2.12.1.v20210128-1726.jar;D:/xilinx/Vivado/2023.2\lib\classes\com.fasterxml.jackson.core.jackson-databind_2.12.1.v20210128-1726.jar;D:/xilinx/Vivado/2023.2\lib\classes\com.google.gson_2.8.9.v20220111-1409.jar;D:/xilinx/Vivado/2023.2\lib\classes\com.google.guava_30.1.0.v20210127-2300.jar;D:/xilinx/Vivado/2023.2\lib\classes\com.sigasi.hdt.connection_4.17.2.202304211001.jar;D:/xilinx/Vivado/2023.2\lib\classes\com.sigasi.hdt.epl_4.17.2.202304211001.jar;D:/xilinx/Vivado/2023.
Launcher Type: generic

[Global flags]
     intx CICompilerCount                          = 4                                         {product} {ergonomic}
     uint ConcGCThreads                            = 2                                         {product} {ergonomic}
     uint G1ConcRefinementThreads                  = 8                                         {product} {ergonomic}
   size_t G1HeapRegionSize                         = 2097152                                   {product} {ergonomic}
    uintx GCDrainStackTargetSize                   = 64                                        {product} {ergonomic}
   size_t InitialHeapSize                          = 536870912                                 {product} {command line}
   size_t MarkStackSize                            = 4194304                                   {product} {ergonomic}
    uintx MaxGCPauseMillis                         = 200                                       {product} {command line}
   size_t MaxHeapSize                              = 4269801472                                {product} {command line}
   size_t MaxNewSize                               = 83886080                                  {product} {command line}
   size_t MinHeapDeltaBytes                        = 2097152                                   {product} {ergonomic}
   size_t MinHeapSize                              = 536870912                                 {product} {command line}
   size_t NewSize                                  = 83886080                                  {product} {command line}
    uintx NonNMethodCodeHeapSize                   = 5839372                                {pd product} {ergonomic}
    uintx NonProfiledCodeHeapSize                  = 122909434                              {pd product} {ergonomic}
     bool ParallelRefProcEnabled                   = true                                      {product} {command line}
    uintx ProfiledCodeHeapSize                     = 122909434                              {pd product} {ergonomic}
    uintx ReservedCodeCacheSize                    = 251658240                              {pd product} {ergonomic}
     bool SegmentedCodeCache                       = true                                      {product} {ergonomic}
   size_t SoftMaxHeapSize                          = 4269801472                             {manageable} {ergonomic}
    uintx StringTableSize                          = 4072                                      {product} {command line}
     intx ThreadStackSize                          = 10240                                  {pd product} {command line}
     bool UseCompressedClassPointers               = true                           {product lp64_product} {ergonomic}
     bool UseCompressedOops                        = true                           {product lp64_product} {ergonomic}
     bool UseG1GC                                  = true                                      {product} {ergonomic}
     bool UseLargePagesIndividualAllocation        = false                                  {pd product} {ergonomic}
     bool UsePerfData                              = false                                     {product} {command line}
     bool UseStringDeduplication                   = true                                      {product} {command line}

Logging:
Log output configuration:
 #0: stdout all=warning uptime,level,tags
 #1: stderr all=off uptime,level,tags

Environment Variables:
PATH=D:/xilinx/Vivado/2023.2/bin;D:/xilinx/Vivado/2023.2/tps/win64/java-cef-95.0.4638.69/bin/lib/win64;D:/xilinx/Vivado/2023.2/tps/win64/javafx-sdk-17.0.1/lib;D:/xilinx/Vivado/2023.2/tps/win64/javafx-sdk-17.0.1/bin;D:/xilinx/Vivado/2023.2/lib/win64.o;D:/xilinx/Vivado/2023.2/tps/win64/jre17.0.7_7/bin/server;D:/xilinx/Vivado/2023.2/tps/win64/jre17.0.7_7/bin;D:/xilinx/Vivado/2023.2/ids_lite/ISE/bin/nt64;D:/xilinx/Vivado/2023.2/ids_lite/ISE/lib/nt64;D:/xilinx/Vitis_HLS/2023.2/bin;C:\WINDOWS\system32;C:\WINDOWS;C:\WINDOWS\System32\Wbem;C:\WINDOWS\System32\WindowsPowerShell\v1.0\;C:\WINDOWS\System32\OpenSSH\;C:\Program Files\PuTTY\;C:\Program Files (x86)\NVIDIA Corporation\PhysX\Common;C:\Program Files\Git\cmd;C:\Users\samil\AppData\Local\Microsoft\WindowsApps;;C:\Users\samil\AppData\Local\Programs\Microsoft VS Code\bin;D:\intel\questa_fse\win64;D:/xilinx/Vivado/2023.2\tps\mingw\6.2.0\win64.o\nt\bin;D:/xilinx/Vivado/2023.2\tps\mingw\6.2.0\win64.o\nt\libexec\gcc\x86_64-w64-mingw32\6.2.0;D:/xilinx/Vivado/2023.2\tps\win64\python-3.8.3;D:/xilinx/Vivado/2023.2\tps\win64\python-3.8.3\bin;D:/xilinx/Vivado/2023.2\tps\win64\python-3.8.3\lib;D:/xilinx/Vivado/2023.2\tps\win64\python-3.8.3\lib\site-packages
USERNAME=samil
OS=Windows_NT
PROCESSOR_IDENTIFIER=Intel64 Family 6 Model 158 Stepping 9, GenuineIntel
TMP=C:\Users\samil\AppData\Local\Temp
TEMP=C:\Users\samil\AppData\Local\Temp



---------------  S Y S T E M  ---------------

OS:
 Windows 10 , 64 bit Build 19041 (10.0.19041.3636)
OS uptime: 0 days 0:18 hours
Hyper-V role detected

CPU: total 8 (initial active 8) (4 cores per cpu, 2 threads per core) family 6 model 158 stepping 9 microcode 0xb4, cx8, cmov, fxsr, ht, mmx, 3dnowpref, sse, sse2, sse3, ssse3, sse4.1, sse4.2, popcnt, lzcnt, tsc, tscinvbit, avx, avx2, aes, erms, clmul, bmi1, bmi2, adx, fma, vzeroupper, clflush, clflushopt, hv

Memory: 4k page, system-wide physical 16025M (9751M free)
TotalPageFile size 18841M (AvailPageFile size 10342M)
current process WorkingSet (physical memory assigned to process): 638M, peak: 664M
current process commit charge ("private bytes"): 1008M, peak: 1201M

vm_info: OpenJDK 64-Bit Server VM (17.0.7+7) for windows-amd64 JRE (17.0.7+7), built on Apr 18 2023 22:10:42 by "temurin" with MS VC++ 16.7 (VS2019)

END.
